<?xml version="1.0" encoding="UTF-8"?>
<testsuite xmlns:xsi="http://www.w3.org/2001/XMLSchema-instance" xsi:noNamespaceSchemaLocation="https://maven.apache.org/surefire/maven-failsafe-plugin/xsd/failsafe-test-report-3.0.xsd" version="3.0" name="com.ai.infrastructure.relationship.it.realapi.ECommerceRealApiIntegrationTest" time="20.412" tests="2" errors="0" skipped="0" failures="0">
  <properties>
[...]
</properties>
  <testcase name="shouldFindCrossBrandRunnerShoesWithinRange" classname="com.ai.infrastructure.relationship.it.realapi.ECommerceRealApiIntegrationTest" time="6.724">
    <system-out><![CDATA[
  .   ____          _            __ _ _
 /\\ / ___'_ __ _ _(_)_ __  __ _ \ \ \ \
( ( )\___ | '_ | '_| | '_ \/ _` | \ \ \ \
 \\/  ___)| |_)| | | | | || (_| |  ) ) ) )
  '  |____| .__|_| |_|_| |_\__, | / / / /
 =========|_|==============|___/=/_/_/_/
 :: Spring Boot ::                (v3.2.0)

2026-01-09T15:28:30.913Z  INFO 3617 --- [           main] .i.r.i.r.ECommerceRealApiIntegrationTest : Starting ECommerceRealApiIntegrationTest using Java 21.0.9 with PID 3617 (started by runner in /home/runner/work/AI-Fabric-Framework/AI-Fabric-Framework/ai-infrastructure-module/integration-Testing/relationship-query-integration-tests)
2026-01-09T15:28:30.918Z  INFO 3617 --- [           main] .i.r.i.r.ECommerceRealApiIntegrationTest : The following 1 profile is active: "realapi"
2026-01-09T15:28:31.796Z  INFO 3617 --- [           main] .s.d.r.c.RepositoryConfigurationDelegate : Bootstrapping Spring Data JPA repositories in DEFAULT mode.
2026-01-09T15:28:31.848Z  INFO 3617 --- [           main] .s.d.r.c.RepositoryConfigurationDelegate : Finished Spring Data repository scanning in 46 ms. Found 10 JPA repository interfaces.
2026-01-09T15:28:32.323Z  INFO 3617 --- [           main] o.s.cloud.context.scope.GenericScope     : BeanFactory id=7f272527-985c-3f78-a69b-24c47227c268
2026-01-09T15:28:33.072Z  INFO 3617 --- [           main] o.s.b.w.embedded.tomcat.TomcatWebServer  : Tomcat initialized with port 0 (http)
2026-01-09T15:28:33.079Z  INFO 3617 --- [           main] o.apache.catalina.core.StandardService   : Starting service [Tomcat]
2026-01-09T15:28:33.079Z  INFO 3617 --- [           main] o.apache.catalina.core.StandardEngine    : Starting Servlet engine: [Apache Tomcat/10.1.16]
2026-01-09T15:28:33.131Z  INFO 3617 --- [           main] o.a.c.c.C.[Tomcat].[localhost].[/]       : Initializing Spring embedded WebApplicationContext
2026-01-09T15:28:33.132Z  INFO 3617 --- [           main] w.s.c.ServletWebServerApplicationContext : Root WebApplicationContext: initialization completed in 2199 ms
2026-01-09T15:28:33.503Z  INFO 3617 --- [           main] o.hibernate.jpa.internal.util.LogHelper  : HHH000204: Processing PersistenceUnitInfo [name: default]
2026-01-09T15:28:33.548Z  INFO 3617 --- [           main] org.hibernate.Version                    : HHH000412: Hibernate ORM core version 6.3.1.Final
2026-01-09T15:28:33.578Z  INFO 3617 --- [           main] o.h.c.internal.RegionFactoryInitiator    : HHH000026: Second-level cache disabled
2026-01-09T15:28:33.782Z  INFO 3617 --- [           main] o.s.o.j.p.SpringPersistenceUnitInfo      : No LoadTimeWeaver setup: ignoring JPA class transformer
2026-01-09T15:28:33.807Z  INFO 3617 --- [           main] com.zaxxer.hikari.HikariDataSource       : HikariPool-1 - Starting...
2026-01-09T15:28:33.987Z  INFO 3617 --- [           main] com.zaxxer.hikari.pool.HikariPool        : HikariPool-1 - Added connection conn0: url=jdbc:h2:mem:relationship_query_realapi user=SA
2026-01-09T15:28:33.988Z  INFO 3617 --- [           main] com.zaxxer.hikari.HikariDataSource       : HikariPool-1 - Start completed.
2026-01-09T15:28:34.935Z  INFO 3617 --- [           main] o.h.e.t.j.p.i.JtaPlatformInitiator       : HHH000489: No JTA platform available (set 'hibernate.transaction.jta.platform' to enable JTA platform integration)
2026-01-09T15:28:34.987Z  INFO 3617 --- [           main] j.LocalContainerEntityManagerFactoryBean : Initialized JPA EntityManagerFactory for persistence unit 'default'
2026-01-09T15:28:35.071Z  INFO 3617 --- [           main] c.a.i.p.onnx.ONNXAutoConfiguration       : Creating ONNX Embedding Provider (primary/default)
2026-01-09T15:28:35.072Z  WARN 3617 --- [           main] c.a.i.p.onnx.ONNXAutoConfiguration       : WARNING: ONNX Embedding Provider is not available. Model file may be missing.
2026-01-09T15:28:35.072Z  WARN 3617 --- [           main] c.a.i.p.onnx.ONNXAutoConfiguration       : Please ensure the ONNX model file exists at: classpath:/models/embeddings/all-MiniLM-L6-v2.onnx
2026-01-09T15:28:35.075Z  INFO 3617 --- [           main] c.a.i.p.onnx.ONNXEmbeddingProvider       : ========================================
2026-01-09T15:28:35.075Z  INFO 3617 --- [           main] c.a.i.p.onnx.ONNXEmbeddingProvider       : Initializing ONNX Embedding Provider
2026-01-09T15:28:35.075Z  INFO 3617 --- [           main] c.a.i.p.onnx.ONNXEmbeddingProvider       : Model path: classpath:/models/embeddings/all-MiniLM-L6-v2.onnx
2026-01-09T15:28:35.075Z  INFO 3617 --- [           main] c.a.i.p.onnx.ONNXEmbeddingProvider       : Tokenizer path: classpath:/models/embeddings/tokenizer.json
2026-01-09T15:28:35.076Z  INFO 3617 --- [           main] c.a.i.p.onnx.ONNXEmbeddingProvider       : Current working directory: /home/runner/work/AI-Fabric-Framework/AI-Fabric-Framework/ai-infrastructure-module/integration-Testing/relationship-query-integration-tests
2026-01-09T15:28:35.076Z  INFO 3617 --- [           main] c.a.i.p.onnx.ONNXEmbeddingProvider       : ========================================
2026-01-09T15:28:35.646Z  INFO 3617 --- [           main] c.a.i.p.onnx.ONNXEmbeddingProvider       : Model file resolved to: /tmp/onnx-model-14469024433722426316.onnx
2026-01-09T15:28:35.750Z  INFO 3617 --- [           main] c.a.i.p.onnx.ONNXEmbeddingProvider       : Using CPU for ONNX inference
2026-01-09T15:28:35.923Z  INFO 3617 --- [           main] c.a.i.p.onnx.ONNXEmbeddingProvider       : Model input names: [input_ids, attention_mask, token_type_ids]
2026-01-09T15:28:35.923Z  INFO 3617 --- [           main] c.a.i.p.onnx.ONNXEmbeddingProvider       :   Input: input_ids - TensorInfo(javaType=INT64,onnxType=ONNX_TENSOR_ELEMENT_DATA_TYPE_INT64,shape=[-1, -1])
2026-01-09T15:28:35.924Z  INFO 3617 --- [           main] c.a.i.p.onnx.ONNXEmbeddingProvider       :   Input: attention_mask - TensorInfo(javaType=INT64,onnxType=ONNX_TENSOR_ELEMENT_DATA_TYPE_INT64,shape=[-1, -1])
2026-01-09T15:28:35.924Z  INFO 3617 --- [           main] c.a.i.p.onnx.ONNXEmbeddingProvider       :   Input: token_type_ids - TensorInfo(javaType=INT64,onnxType=ONNX_TENSOR_ELEMENT_DATA_TYPE_INT64,shape=[-1, -1])
2026-01-09T15:28:35.924Z  INFO 3617 --- [           main] c.a.i.p.onnx.ONNXEmbeddingProvider       : Detected embedding dimension: 384
2026-01-09T15:28:35.927Z  WARN 3617 --- [           main] c.a.i.p.onnx.ONNXEmbeddingProvider       : Hugging Face tokenizers library not found on classpath. Falling back to legacy tokenization.
2026-01-09T15:28:35.927Z  INFO 3617 --- [           main] c.a.i.p.onnx.ONNXEmbeddingProvider       : ONNX Embedding Provider initialized successfully with model: /tmp/onnx-model-14469024433722426316.onnx
2026-01-09T15:28:35.933Z  INFO 3617 --- [           main] .a.i.c.AIInfrastructureAutoConfiguration : Creating AIEmbeddingService with embedding provider 'onnx' (requested 'onnx')
2026-01-09T15:28:35.975Z  INFO 3617 --- [           main] c.ai.infrastructure.cache.AICacheConfig  : AI Cache Manager configured with max size 100 and TTL PT1H
2026-01-09T15:28:36.004Z  INFO 3617 --- [           main] c.a.i.v.l.LuceneVectorDatabaseService    : Initializing Lucene Vector Database at: /tmp/relationship-query-realapi-lucene
2026-01-09T15:28:36.030Z  INFO 3617 --- [           main] o.a.l.s.MemorySegmentIndexInputProvider  : Using MemorySegmentIndexInput with Java 21 or later; to disable start with -Dorg.apache.lucene.store.MMapDirectory.enableMemorySegments=false
2026-01-09T15:28:36.148Z  INFO 3617 --- [           main] c.a.i.v.l.LuceneVectorDatabaseService    : Lucene Vector Database initialized successfully
2026-01-09T15:28:36.217Z  INFO 3617 --- [           main] c.a.i.provider.AIProviderManager         : Initializing AI Provider Manager with 1 providers
2026-01-09T15:28:36.218Z  INFO 3617 --- [           main] c.a.i.provider.AIProviderManager         : AI Provider Manager initialized successfully
2026-01-09T15:28:36.234Z  INFO 3617 --- [           main] c.RelationshipEntityMappingConfiguration : Registered relationship-test entity schema: 8 entities, 4 relationships
2026-01-09T15:28:36.256Z  INFO 3617 --- [           main] c.a.i.c.AIEntityConfigurationLoader      : Loading AI entity configuration from: ai-entity-config.yml
2026-01-09T15:28:36.263Z  INFO 3617 --- [           main] c.a.i.c.AIEntityConfigurationLoader      : Found 3 entities in configuration
2026-01-09T15:28:36.263Z  INFO 3617 --- [           main] c.a.i.c.AIEntityConfigurationLoader      : Processing entity type: document with config keys: [features, searchable-fields]
2026-01-09T15:28:36.264Z  INFO 3617 --- [           main] c.a.i.c.AIEntityConfigurationLoader      : No metadata-fields found for entity document
2026-01-09T15:28:36.264Z  INFO 3617 --- [           main] c.a.i.c.AIEntityConfigurationLoader      : Processing entity type: product with config keys: [features, searchable-fields]
2026-01-09T15:28:36.264Z  INFO 3617 --- [           main] c.a.i.c.AIEntityConfigurationLoader      : No metadata-fields found for entity product
2026-01-09T15:28:36.265Z  INFO 3617 --- [           main] c.a.i.c.AIEntityConfigurationLoader      : Processing entity type: transaction with config keys: [features, searchable-fields]
2026-01-09T15:28:36.265Z  INFO 3617 --- [           main] c.a.i.c.AIEntityConfigurationLoader      : No metadata-fields found for entity transaction
2026-01-09T15:28:36.265Z  INFO 3617 --- [           main] c.a.i.c.AIEntityConfigurationLoader      : Successfully loaded configuration for 3 entities
2026-01-09T15:28:36.833Z  INFO 3617 --- [           main] o.s.d.j.r.query.QueryEnhancerFactory     : Hibernate is in classpath; If applicable, HQL parser will be used.
2026-01-09T15:28:37.398Z  INFO 3617 --- [           main] archableStorageStrategyAutoConfiguration : Using PER_TYPE_TABLE storage strategy
2026-01-09T15:28:37.434Z  INFO 3617 --- [           main] c.a.i.privacy.pii.PIIDetectionService    : PII detection initialized: enabled=false, mode=PASS_THROUGH, patterns=4
2026-01-09T15:28:37.461Z  INFO 3617 --- [           main] c.a.i.i.action.ActionHandlerRegistry     : ActionHandlerRegistry initialized with 2 action handler(s)
2026-01-09T15:28:37.596Z  INFO 3617 --- [           main] c.a.i.i.o.p.DefaultOrchestrationPipeline : [Pipeline] Initialized with 11 steps: SecurityAnalysis → AccessControl → PIIDetection → ComplianceCheck → IntentExtraction → IntentHandling → OrchestrationResultNormalization → MetadataBuilding → SmartSuggestions → ResponseSanitization → HistoryPersistence
2026-01-09T15:28:37.800Z  INFO 3617 --- [           main] c.a.i.service.AICapabilityService        : AICapabilityService initialized with configurationLoader: present
2026-01-09T15:28:37.801Z  INFO 3617 --- [           main] c.a.i.service.AICapabilityService        : Configuration loader supports entity types: [product, document, transaction]
2026-01-09T15:28:38.084Z  INFO 3617 --- [           main] c.a.i.v.AIProviderConfigValidator        : AI provider configuration validation successful
2026-01-09T15:28:38.090Z  INFO 3617 --- [           main] i.r.c.RelationshipQueryAutoConfiguration : Relationship query module enabled (maxTraversalDepth=3, defaultReturnMode=IDS, vectorSearchEnabled=true)
2026-01-09T15:28:38.270Z  WARN 3617 --- [           main] JpaBaseConfiguration$JpaWebConfiguration : spring.jpa.open-in-view is enabled by default. Therefore, database queries may be performed during view rendering. Explicitly configure spring.jpa.open-in-view to disable this warning
2026-01-09T15:28:38.916Z  INFO 3617 --- [           main] o.s.b.a.e.web.EndpointLinksResolver      : Exposing 1 endpoint(s) beneath base path '/actuator'
2026-01-09T15:28:39.215Z  INFO 3617 --- [           main] o.s.b.w.embedded.tomcat.TomcatWebServer  : Tomcat started on port 39937 (http) with context path ''
2026-01-09T15:28:39.243Z  INFO 3617 --- [           main] .i.r.i.r.ECommerceRealApiIntegrationTest : Started ECommerceRealApiIntegrationTest in 8.748 seconds (process running for 9.56)
2026-01-09T15:28:39.365Z  INFO 3617 --- [           main] c.a.i.s.auto.TableAutoCreationService    : Detected database type: H2
2026-01-09T15:28:39.369Z  INFO 3617 --- [           main] c.a.i.s.auto.TableAutoCreationService    : Creating per-type tables for 3 entity types
2026-01-09T15:28:39.373Z  INFO 3617 --- [           main] c.a.i.s.auto.TableAutoCreationService    : Created AISearchableEntity table ai_searchable_product
2026-01-09T15:28:39.377Z  INFO 3617 --- [           main] c.a.i.s.auto.TableAutoCreationService    : Created AISearchableEntity table ai_searchable_document
2026-01-09T15:28:39.381Z  INFO 3617 --- [           main] c.a.i.s.auto.TableAutoCreationService    : Created AISearchableEntity table ai_searchable_transaction
2026-01-09T15:28:40.202Z  INFO 3617 --- [o-auto-1-exec-1] o.a.c.c.C.[Tomcat].[localhost].[/]       : Initializing Spring DispatcherServlet 'dispatcherServlet'
2026-01-09T15:28:40.202Z  INFO 3617 --- [o-auto-1-exec-1] o.s.web.servlet.DispatcherServlet        : Initializing Servlet 'dispatcherServlet'
2026-01-09T15:28:40.204Z  INFO 3617 --- [o-auto-1-exec-1] o.s.web.servlet.DispatcherServlet        : Completed initialization in 2 ms
2026-01-09T15:28:40.253Z  INFO 3617 --- [o-auto-1-exec-1] c.a.i.r.s.LLMDrivenJPAQueryService       : [RelationshipQuery] Executing query='Show active Nike or Adidas runner shoes priced between $80 and $120 available in red or blue' entityTypes=[product]
2026-01-09T15:28:40.257Z  INFO 3617 --- [o-auto-1-exec-1] c.a.i.provider.openai.OpenAIProvider     : === OPENAI API REQUEST ===
2026-01-09T15:28:40.257Z  INFO 3617 --- [o-auto-1-exec-1] c.a.i.provider.openai.OpenAIProvider     : OpenAI API request: url=https://api.openai.com/v1/chat/completions, model=gpt-4o-mini, temperature=0.1, topP=0.1, maxTokens=1200, messages=2
2026-01-09T15:28:40.257Z  INFO 3617 --- [o-auto-1-exec-1] c.a.i.provider.openai.OpenAIProvider     : OpenAI API request message[0]: role=system, contentLength=62, contentSnippet=You are an expert database planner. Return ONLY a JSON object.
2026-01-09T15:28:40.257Z  INFO 3617 --- [o-auto-1-exec-1] c.a.i.provider.openai.OpenAIProvider     : OpenAI API request message[1]: role=user, contentLength=5573, contentSnippet=Analyze the user's request using the provided entity schema. Produce a JSON payload with:
- primaryEntityType (snake-case)
- candidateEntityTypes (array)
- relationshipPaths (array of {fromEntityType, relationshipType, toEntityType, direction, optional, conditions})
- directFilters (map of entity -> array of filters)
- relationshipFilters (map)
- needsSemanticSearch (boolean)
- queryStrategy ("RELATIONSHIP", "SEMANTIC", or "HYBRID")
- confidence (0.0 - 1.0 decimal)
- semanticQuery (string)

Guid
2026-01-09T15:28:40.258Z  INFO 3617 --- [o-auto-1-exec-1] c.a.i.provider.openai.OpenAIProvider     : === END OPENAI API REQUEST ===
2026-01-09T15:28:45.942Z  INFO 3617 --- [o-auto-1-exec-1] c.a.i.provider.openai.OpenAIProvider     : === OPENAI API RESPONSE ===
2026-01-09T15:28:45.942Z  INFO 3617 --- [o-auto-1-exec-1] c.a.i.provider.openai.OpenAIProvider     : OpenAI API response: responseTimeMs=5685, model=gpt-4o-mini-2024-07-18, finishReason=stop, contentLength=886
2026-01-09T15:28:45.942Z  INFO 3617 --- [o-auto-1-exec-1] c.a.i.provider.openai.OpenAIProvider     : OpenAI API response contentSnippet={
  "primaryEntityType": "product",
  "candidateEntityTypes": ["product"],
  "relationshipPaths": [
    {
      "fromEntityType": "product",
      "relationshipType": "brand",
      "toEntityType": "brand",
      "direction": "FORWARD",
      "optional": false,
      "conditions": [
        {"field": "name", "operator": "IN", "value": ["Nike", "Adidas"], "entityType": "brand"}
      ]
    }
  ],
  "directFilters": {
    "product": [
      {"field": "status", "operator": "EQUALS", "value": "ACTIV
2026-01-09T15:28:45.942Z  INFO 3617 --- [o-auto-1-exec-1] c.a.i.provider.openai.OpenAIProvider     : === END OPENAI API RESPONSE ===
2026-01-09T15:28:45.954Z  WARN 3617 --- [o-auto-1-exec-1] c.a.i.relationship.metrics.QueryMetrics  : Plan latency 5700ms exceeded alert threshold 1500
2026-01-09T15:28:45.963Z  INFO 3617 --- [o-auto-1-exec-1] c.a.i.r.s.LLMDrivenJPAQueryService       : [RelationshipQuery] Planner output:
{
  "originalQuery" : "Show active Nike or Adidas runner shoes priced between $80 and $120 available in red or blue",
  "semanticQuery" : "Show active Nike or Adidas runner shoes priced between $80 and $120 available in red or blue",
  "primaryEntityType" : "product",
  "candidateEntityTypes" : [ "product" ],
  "relationshipPaths" : [ {
    "fromEntityType" : "product",
    "relationshipType" : "brand",
    "toEntityType" : "brand",
    "direction" : "FORWARD",
    "optional" : false,
    "conditions" : [ {
      "rangeComparison" : false,
      "field" : "name",
      "operator" : "IN",
      "value" : [ "Nike", "Adidas" ],
      "entityType" : "brand",
      "caseSensitive" : true
    } ]
  } ],
  "directFilters" : {
    "product" : [ {
      "rangeComparison" : false,
      "field" : "status",
      "operator" : "EQUALS",
      "value" : "ACTIVE",
      "entityType" : "product",
      "caseSensitive" : true
    }, {
      "rangeComparison" : true,
      "field" : "price",
      "operator" : "BETWEEN",
      "value" : 80,
      "secondaryValue" : 120,
      "entityType" : "product",
      "caseSensitive" : true
    }, {
      "rangeComparison" : false,
      "field" : "color",
      "operator" : "IN",
      "value" : [ "red", "blue" ],
      "entityType" : "product",
      "caseSensitive" : true
    } ]
  },
  "relationshipFilters" : { },
  "metadataFilters" : { },
  "queryStrategy" : "RELATIONSHIP",
  "needsSemanticSearch" : false,
  "confidence" : 0.95,
  "context" : { }
}
2026-01-09T15:28:45.967Z  INFO 3617 --- [o-auto-1-exec-1] c.a.i.r.s.LLMDrivenJPAQueryService       : [RelationshipQuery] JPQL statement: SELECT DISTINCT root FROM ProductEntity root JOIN root.brand br1 WHERE br1.name IN :p1 AND root.status = :p2 AND root.price BETWEEN :p3 AND :p4 AND root.color IN :p5
Parameters: {p1=[Nike, Adidas], p2=ACTIVE, p3=80, p4=120, p5=[red, blue]}
2026-01-09T15:28:46.024Z  WARN 3617 --- [o-auto-1-exec-1] c.a.i.relationship.metrics.QueryMetrics  : Execution latency 5770ms exceeded alert threshold 1500
2026-01-09T15:28:46.025Z  INFO 3617 --- [o-auto-1-exec-1] c.a.i.r.s.LLMDrivenJPAQueryService       : [RelationshipQuery] Result summary -> query='Show active Nike or Adidas runner shoes priced between $80 and $120 available in red or blue', entityTypes=[product], totalCandidates=4, returned=4, hybridMode=false
2026-01-09T15:28:46.025Z  INFO 3617 --- [o-auto-1-exec-1] c.a.i.r.s.LLMDrivenJPAQueryService       : [RelationshipQuery] Document IDs: [2c9a9af3-d64a-4740-96a1-767fcca04cd9, 374e89a1-5f80-417a-ae7e-7947198351e1, 3c31d479-04ec-48ff-bbf5-5fc9d0496b0b, b3f2f5fc-63f4-403f-9506-499fb6e5fc71]
2026-01-09T15:28:46.025Z  INFO 3617 --- [o-auto-1-exec-1] c.a.i.r.s.LLMDrivenJPAQueryService       : [RelationshipQuery] JPQL (repeated for reference): SELECT DISTINCT root FROM ProductEntity root JOIN root.brand br1 WHERE br1.name IN :p1 AND root.status = :p2 AND root.price BETWEEN :p3 AND :p4 AND root.color IN :p5
Parameters: {p1=[Nike, Adidas], p2=ACTIVE, p3=80, p4=120, p5=[red, blue]}
2026-01-09T15:28:46.033Z  INFO 3617 --- [o-auto-1-exec-1] c.a.i.r.s.LLMDrivenJPAQueryService       : [RelationshipQuery] Serialized response:
{
  "documents" : [ {
    "id" : "2c9a9af3-d64a-4740-96a1-767fcca04cd9",
    "content" : "Adidas Runner Elite (red) - $110",
    "title" : null,
    "type" : null,
    "score" : null,
    "similarity" : null,
    "metadata" : {
      "brand" : "Adidas",
      "status" : "ACTIVE"
    },
    "embeddings" : null,
    "highlightedContent" : null,
    "source" : null,
    "url" : null,
    "createdAt" : null,
    "modifiedAt" : null,
    "author" : null,
    "tags" : null,
    "language" : null,
    "size" : null,
    "wordCount" : null,
    "readingTimeMinutes" : null,
    "qualityScore" : null,
    "freshnessScore" : null,
    "authorityScore" : null
  }, {
    "id" : "374e89a1-5f80-417a-ae7e-7947198351e1",
    "content" : "Red Runner (red) - $90",
    "title" : null,
    "type" : null,
    "score" : null,
    "similarity" : null,
    "metadata" : {
      "brand" : "Nike",
      "status" : "ACTIVE"
    },
    "embeddings" : null,
    "highlightedContent" : null,
    "source" : null,
    "url" : null,
    "createdAt" : null,
    "modifiedAt" : null,
    "author" : null,
    "tags" : null,
    "language" : null,
    "size" : null,
    "wordCount" : null,
    "readingTimeMinutes" : null,
    "qualityScore" : null,
    "freshnessScore" : null,
    "authorityScore" : null
  }, {
    "id" : "3c31d479-04ec-48ff-bbf5-5fc9d0496b0b",
    "content" : "Adidas Flex (blue) - $95",
    "title" : null,
    "type" : null,
    "score" : null,
    "similarity" : null,
    "metadata" : {
      "brand" : "Adidas",
      "status" : "ACTIVE"
    },
    "embeddings" : null,
    "highlightedContent" : null,
    "source" : null,
    "url" : null,
    "createdAt" : null,
    "modifiedAt" : null,
    "author" : null,
    "tags" : null,
    "language" : null,
    "size" : null,
    "wordCount" : null,
    "readingTimeMinutes" : null,
    "qualityScore" : null,
    "freshnessScore" : null,
    "authorityScore" : null
  }, {
    "id" : "b3f2f5fc-63f4-403f-9506-499fb6e5fc71",
    "content" : "Blue Runner (blue) - $85",
    "title" : null,
    "type" : null,
    "score" : null,
    "similarity" : null,
    "metadata" : {
      "brand" : "Nike",
      "status" : "ACTIVE"
    },
    "embeddings" : null,
    "highlightedContent" : null,
    "source" : null,
    "url" : null,
    "createdAt" : null,
    "modifiedAt" : null,
    "author" : null,
    "tags" : null,
    "language" : null,
    "size" : null,
    "wordCount" : null,
    "readingTimeMinutes" : null,
    "qualityScore" : null,
    "freshnessScore" : null,
    "authorityScore" : null
  } ],
  "context" : null,
  "totalDocuments" : null,
  "usedDocuments" : null,
  "relevanceScores" : null,
  "success" : true,
  "hybridSearchUsed" : false,
  "contextualSearchUsed" : null,
  "searchedCategories" : null,
  "totalResults" : 4,
  "returnedResults" : 4,
  "maxScore" : null,
  "averageScore" : null,
  "processingTimeMs" : 5770,
  "requestId" : null,
  "originalQuery" : "Show active Nike or Adidas runner shoes priced between $80 and $120 available in red or blue",
  "entityType" : "product",
  "model" : null,
  "timestamp" : null,
  "metadata" : {
    "timestamp" : "2026-01-09T15:28:46.025159649Z",
    "mode" : "STANDALONE",
    "plan" : {
      "originalQuery" : "Show active Nike or Adidas runner shoes priced between $80 and $120 available in red or blue",
      "semanticQuery" : "Show active Nike or Adidas runner shoes priced between $80 and $120 available in red or blue",
      "primaryEntityType" : "product",
      "candidateEntityTypes" : [ "product" ],
      "relationshipPaths" : [ {
        "fromEntityType" : "product",
        "relationshipType" : "brand",
        "toEntityType" : "brand",
        "direction" : "FORWARD",
        "optional" : false,
        "conditions" : [ {
          "rangeComparison" : false,
          "field" : "name",
          "operator" : "IN",
          "value" : [ "Nike", "Adidas" ],
          "entityType" : "brand",
          "caseSensitive" : true
        } ]
      } ],
      "directFilters" : {
        "product" : [ {
          "rangeComparison" : false,
          "field" : "status",
          "operator" : "EQUALS",
          "value" : "ACTIVE",
          "entityType" : "product",
          "caseSensitive" : true
        }, {
          "rangeComparison" : true,
          "field" : "price",
          "operator" : "BETWEEN",
          "value" : 80,
          "secondaryValue" : 120,
          "entityType" : "product",
          "caseSensitive" : true
        }, {
          "rangeComparison" : false,
          "field" : "color",
          "operator" : "IN",
          "value" : [ "red", "blue" ],
          "entityType" : "product",
          "caseSensitive" : true
        } ]
      },
      "relationshipFilters" : { },
      "metadataFilters" : { },
      "queryStrategy" : "RELATIONSHIP",
      "needsSemanticSearch" : false,
      "confidence" : 0.95,
      "context" : { }
    }
  },
  "fromCache" : null,
  "cacheHitRate" : null,
  "errorMessage" : null,
  "warnings" : [ ],
  "suggestions" : null,
  "relatedQueries" : null,
  "facets" : null,
  "aggregations" : null,
  "confidenceScore" : 0.95,
  "qualityThresholdMet" : null,
  "query" : "Show active Nike or Adidas runner shoes priced between $80 and $120 available in red or blue"
}
]]></system-out>
  </testcase>
  <testcase name="shouldFindBlueNikeShoesUnderHundred" classname="com.ai.infrastructure.relationship.it.realapi.ECommerceRealApiIntegrationTest" time="4.447">
    <system-out><![CDATA[2026-01-09T15:28:46.163Z  INFO 3617 --- [o-auto-1-exec-2] c.a.i.r.s.LLMDrivenJPAQueryService       : [RelationshipQuery] Executing query='Show me blue shoes under $100 from Nike' entityTypes=[product]
2026-01-09T15:28:46.165Z  INFO 3617 --- [o-auto-1-exec-2] c.a.i.provider.openai.OpenAIProvider     : === OPENAI API REQUEST ===
2026-01-09T15:28:46.165Z  INFO 3617 --- [o-auto-1-exec-2] c.a.i.provider.openai.OpenAIProvider     : OpenAI API request: url=https://api.openai.com/v1/chat/completions, model=gpt-4o-mini, temperature=0.1, topP=0.1, maxTokens=1200, messages=2
2026-01-09T15:28:46.165Z  INFO 3617 --- [o-auto-1-exec-2] c.a.i.provider.openai.OpenAIProvider     : OpenAI API request message[0]: role=system, contentLength=62, contentSnippet=You are an expert database planner. Return ONLY a JSON object.
2026-01-09T15:28:46.165Z  INFO 3617 --- [o-auto-1-exec-2] c.a.i.provider.openai.OpenAIProvider     : OpenAI API request message[1]: role=user, contentLength=5520, contentSnippet=Analyze the user's request using the provided entity schema. Produce a JSON payload with:
- primaryEntityType (snake-case)
- candidateEntityTypes (array)
- relationshipPaths (array of {fromEntityType, relationshipType, toEntityType, direction, optional, conditions})
- directFilters (map of entity -> array of filters)
- relationshipFilters (map)
- needsSemanticSearch (boolean)
- queryStrategy ("RELATIONSHIP", "SEMANTIC", or "HYBRID")
- confidence (0.0 - 1.0 decimal)
- semanticQuery (string)

Guid
2026-01-09T15:28:46.166Z  INFO 3617 --- [o-auto-1-exec-2] c.a.i.provider.openai.OpenAIProvider     : === END OPENAI API REQUEST ===
2026-01-09T15:28:50.562Z  INFO 3617 --- [o-auto-1-exec-2] c.a.i.provider.openai.OpenAIProvider     : === OPENAI API RESPONSE ===
2026-01-09T15:28:50.562Z  INFO 3617 --- [o-auto-1-exec-2] c.a.i.provider.openai.OpenAIProvider     : OpenAI API response: responseTimeMs=4397, model=gpt-4o-mini-2024-07-18, finishReason=stop, contentLength=759
2026-01-09T15:28:50.563Z  INFO 3617 --- [o-auto-1-exec-2] c.a.i.provider.openai.OpenAIProvider     : OpenAI API response contentSnippet={
  "primaryEntityType": "product",
  "candidateEntityTypes": ["product"],
  "relationshipPaths": [
    {
      "fromEntityType": "product",
      "relationshipType": "brand",
      "toEntityType": "brand",
      "direction": "FORWARD",
      "optional": false,
      "conditions": [
        {"field": "name", "operator": "EQUALS", "value": "Nike", "entityType": "brand"}
      ]
    }
  ],
  "directFilters": {
    "product": [
      {"field": "color", "operator": "LIKE", "value": "%blue%", "entity
2026-01-09T15:28:50.563Z  INFO 3617 --- [o-auto-1-exec-2] c.a.i.provider.openai.OpenAIProvider     : === END OPENAI API RESPONSE ===
2026-01-09T15:28:50.564Z  WARN 3617 --- [o-auto-1-exec-2] c.a.i.relationship.metrics.QueryMetrics  : Plan latency 4400ms exceeded alert threshold 1500
2026-01-09T15:28:50.564Z  INFO 3617 --- [o-auto-1-exec-2] c.a.i.r.s.LLMDrivenJPAQueryService       : [RelationshipQuery] Planner output:
{
  "originalQuery" : "Show me blue shoes under $100 from Nike",
  "semanticQuery" : "Show me blue shoes under $100 from Nike",
  "primaryEntityType" : "product",
  "candidateEntityTypes" : [ "product" ],
  "relationshipPaths" : [ {
    "fromEntityType" : "product",
    "relationshipType" : "brand",
    "toEntityType" : "brand",
    "direction" : "FORWARD",
    "optional" : false,
    "conditions" : [ {
      "rangeComparison" : false,
      "field" : "name",
      "operator" : "EQUALS",
      "value" : "Nike",
      "entityType" : "brand",
      "caseSensitive" : true
    } ]
  } ],
  "directFilters" : {
    "product" : [ {
      "rangeComparison" : false,
      "field" : "color",
      "operator" : "LIKE",
      "value" : "%blue%",
      "entityType" : "product",
      "caseSensitive" : true
    }, {
      "rangeComparison" : false,
      "field" : "price",
      "operator" : "LESS_THAN",
      "value" : 100,
      "entityType" : "product",
      "caseSensitive" : true
    } ]
  },
  "relationshipFilters" : { },
  "metadataFilters" : { },
  "queryStrategy" : "RELATIONSHIP",
  "needsSemanticSearch" : false,
  "confidence" : 0.9,
  "context" : { }
}
2026-01-09T15:28:50.564Z  INFO 3617 --- [o-auto-1-exec-2] c.a.i.r.s.LLMDrivenJPAQueryService       : [RelationshipQuery] JPQL statement: SELECT DISTINCT root FROM ProductEntity root JOIN root.brand br1 WHERE br1.name = :p1 AND root.color LIKE :p2 AND root.price < :p3
Parameters: {p1=Nike, p2=%blue%, p3=100}
2026-01-09T15:28:50.574Z  WARN 3617 --- [o-auto-1-exec-2] c.a.i.relationship.metrics.QueryMetrics  : Execution latency 4411ms exceeded alert threshold 1500
2026-01-09T15:28:50.574Z  INFO 3617 --- [o-auto-1-exec-2] c.a.i.r.s.LLMDrivenJPAQueryService       : [RelationshipQuery] Result summary -> query='Show me blue shoes under $100 from Nike', entityTypes=[product], totalCandidates=1, returned=1, hybridMode=false
2026-01-09T15:28:50.574Z  INFO 3617 --- [o-auto-1-exec-2] c.a.i.r.s.LLMDrivenJPAQueryService       : [RelationshipQuery] Document IDs: [1efcd97b-bf5c-4a20-9963-c7cbba7215f0]
2026-01-09T15:28:50.575Z  INFO 3617 --- [o-auto-1-exec-2] c.a.i.r.s.LLMDrivenJPAQueryService       : [RelationshipQuery] JPQL (repeated for reference): SELECT DISTINCT root FROM ProductEntity root JOIN root.brand br1 WHERE br1.name = :p1 AND root.color LIKE :p2 AND root.price < :p3
Parameters: {p1=Nike, p2=%blue%, p3=100}
2026-01-09T15:28:50.575Z  INFO 3617 --- [o-auto-1-exec-2] c.a.i.r.s.LLMDrivenJPAQueryService       : [RelationshipQuery] Serialized response:
{
  "documents" : [ {
    "id" : "1efcd97b-bf5c-4a20-9963-c7cbba7215f0",
    "content" : "Blue Runner (blue) - $85",
    "title" : null,
    "type" : null,
    "score" : null,
    "similarity" : null,
    "metadata" : {
      "brand" : "Nike",
      "status" : "ACTIVE"
    },
    "embeddings" : null,
    "highlightedContent" : null,
    "source" : null,
    "url" : null,
    "createdAt" : null,
    "modifiedAt" : null,
    "author" : null,
    "tags" : null,
    "language" : null,
    "size" : null,
    "wordCount" : null,
    "readingTimeMinutes" : null,
    "qualityScore" : null,
    "freshnessScore" : null,
    "authorityScore" : null
  } ],
  "context" : null,
  "totalDocuments" : null,
  "usedDocuments" : null,
  "relevanceScores" : null,
  "success" : true,
  "hybridSearchUsed" : false,
  "contextualSearchUsed" : null,
  "searchedCategories" : null,
  "totalResults" : 1,
  "returnedResults" : 1,
  "maxScore" : null,
  "averageScore" : null,
  "processingTimeMs" : 4411,
  "requestId" : null,
  "originalQuery" : "Show me blue shoes under $100 from Nike",
  "entityType" : "product",
  "model" : null,
  "timestamp" : null,
  "metadata" : {
    "timestamp" : "2026-01-09T15:28:50.574852662Z",
    "mode" : "STANDALONE",
    "plan" : {
      "originalQuery" : "Show me blue shoes under $100 from Nike",
      "semanticQuery" : "Show me blue shoes under $100 from Nike",
      "primaryEntityType" : "product",
      "candidateEntityTypes" : [ "product" ],
      "relationshipPaths" : [ {
        "fromEntityType" : "product",
        "relationshipType" : "brand",
        "toEntityType" : "brand",
        "direction" : "FORWARD",
        "optional" : false,
        "conditions" : [ {
          "rangeComparison" : false,
          "field" : "name",
          "operator" : "EQUALS",
          "value" : "Nike",
          "entityType" : "brand",
          "caseSensitive" : true
        } ]
      } ],
      "directFilters" : {
        "product" : [ {
          "rangeComparison" : false,
          "field" : "color",
          "operator" : "LIKE",
          "value" : "%blue%",
          "entityType" : "product",
          "caseSensitive" : true
        }, {
          "rangeComparison" : false,
          "field" : "price",
          "operator" : "LESS_THAN",
          "value" : 100,
          "entityType" : "product",
          "caseSensitive" : true
        } ]
      },
      "relationshipFilters" : { },
      "metadataFilters" : { },
      "queryStrategy" : "RELATIONSHIP",
      "needsSemanticSearch" : false,
      "confidence" : 0.9,
      "context" : { }
    }
  },
  "fromCache" : null,
  "cacheHitRate" : null,
  "errorMessage" : null,
  "warnings" : [ ],
  "suggestions" : null,
  "relatedQueries" : null,
  "facets" : null,
  "aggregations" : null,
  "confidenceScore" : 0.9,
  "qualityThresholdMet" : null,
  "query" : "Show me blue shoes under $100 from Nike"
}
]]></system-out>
  </testcase>
</testsuite>