<?xml version="1.0" encoding="UTF-8"?>
<testsuite xmlns:xsi="http://www.w3.org/2001/XMLSchema-instance" xsi:noNamespaceSchemaLocation="https://maven.apache.org/surefire/maven-failsafe-plugin/xsd/failsafe-test-report-3.0.xsd" version="3.0" name="com.ai.infrastructure.relationship.it.realapi.LawFirmRealApiIntegrationTest" time="22.97" tests="2" errors="0" skipped="0" failures="0">
  <properties>
[...]
</properties>
  <testcase name="shouldReturnArchivedContractsForSpecificMonth" classname="com.ai.infrastructure.relationship.it.realapi.LawFirmRealApiIntegrationTest" time="6.461">
    <system-out><![CDATA[
  .   ____          _            __ _ _
 /\\ / ___'_ __ _ _(_)_ __  __ _ \ \ \ \
( ( )\___ | '_ | '_| | '_ \/ _` | \ \ \ \
 \\/  ___)| |_)| | | | | || (_| |  ) ) ) )
  '  |____| .__|_| |_|_| |_\__, | / / / /
 =========|_|==============|___/=/_/_/_/
 :: Spring Boot ::                (v3.2.0)

2026-01-09T15:28:07.314Z  INFO 3528 --- [           main] .a.i.r.i.r.LawFirmRealApiIntegrationTest : Starting LawFirmRealApiIntegrationTest using Java 21.0.9 with PID 3528 (started by runner in /home/runner/work/AI-Fabric-Framework/AI-Fabric-Framework/ai-infrastructure-module/integration-Testing/relationship-query-integration-tests)
2026-01-09T15:28:07.317Z  INFO 3528 --- [           main] .a.i.r.i.r.LawFirmRealApiIntegrationTest : The following 1 profile is active: "realapi"
2026-01-09T15:28:08.178Z  INFO 3528 --- [           main] .s.d.r.c.RepositoryConfigurationDelegate : Bootstrapping Spring Data JPA repositories in DEFAULT mode.
2026-01-09T15:28:08.220Z  INFO 3528 --- [           main] .s.d.r.c.RepositoryConfigurationDelegate : Finished Spring Data repository scanning in 36 ms. Found 10 JPA repository interfaces.
2026-01-09T15:28:08.683Z  INFO 3528 --- [           main] o.s.cloud.context.scope.GenericScope     : BeanFactory id=7f272527-985c-3f78-a69b-24c47227c268
2026-01-09T15:28:09.440Z  INFO 3528 --- [           main] o.s.b.w.embedded.tomcat.TomcatWebServer  : Tomcat initialized with port 0 (http)
2026-01-09T15:28:09.448Z  INFO 3528 --- [           main] o.apache.catalina.core.StandardService   : Starting service [Tomcat]
2026-01-09T15:28:09.449Z  INFO 3528 --- [           main] o.apache.catalina.core.StandardEngine    : Starting Servlet engine: [Apache Tomcat/10.1.16]
2026-01-09T15:28:09.492Z  INFO 3528 --- [           main] o.a.c.c.C.[Tomcat].[localhost].[/]       : Initializing Spring embedded WebApplicationContext
2026-01-09T15:28:09.493Z  INFO 3528 --- [           main] w.s.c.ServletWebServerApplicationContext : Root WebApplicationContext: initialization completed in 2159 ms
2026-01-09T15:28:09.878Z  INFO 3528 --- [           main] o.hibernate.jpa.internal.util.LogHelper  : HHH000204: Processing PersistenceUnitInfo [name: default]
2026-01-09T15:28:09.922Z  INFO 3528 --- [           main] org.hibernate.Version                    : HHH000412: Hibernate ORM core version 6.3.1.Final
2026-01-09T15:28:09.950Z  INFO 3528 --- [           main] o.h.c.internal.RegionFactoryInitiator    : HHH000026: Second-level cache disabled
2026-01-09T15:28:10.157Z  INFO 3528 --- [           main] o.s.o.j.p.SpringPersistenceUnitInfo      : No LoadTimeWeaver setup: ignoring JPA class transformer
2026-01-09T15:28:10.189Z  INFO 3528 --- [           main] com.zaxxer.hikari.HikariDataSource       : HikariPool-1 - Starting...
2026-01-09T15:28:10.363Z  INFO 3528 --- [           main] com.zaxxer.hikari.pool.HikariPool        : HikariPool-1 - Added connection conn0: url=jdbc:h2:mem:relationship_query_realapi user=SA
2026-01-09T15:28:10.365Z  INFO 3528 --- [           main] com.zaxxer.hikari.HikariDataSource       : HikariPool-1 - Start completed.
2026-01-09T15:28:11.215Z  INFO 3528 --- [           main] o.h.e.t.j.p.i.JtaPlatformInitiator       : HHH000489: No JTA platform available (set 'hibernate.transaction.jta.platform' to enable JTA platform integration)
2026-01-09T15:28:11.270Z  INFO 3528 --- [           main] j.LocalContainerEntityManagerFactoryBean : Initialized JPA EntityManagerFactory for persistence unit 'default'
2026-01-09T15:28:11.365Z  INFO 3528 --- [           main] c.a.i.p.onnx.ONNXAutoConfiguration       : Creating ONNX Embedding Provider (primary/default)
2026-01-09T15:28:11.366Z  WARN 3528 --- [           main] c.a.i.p.onnx.ONNXAutoConfiguration       : WARNING: ONNX Embedding Provider is not available. Model file may be missing.
2026-01-09T15:28:11.366Z  WARN 3528 --- [           main] c.a.i.p.onnx.ONNXAutoConfiguration       : Please ensure the ONNX model file exists at: classpath:/models/embeddings/all-MiniLM-L6-v2.onnx
2026-01-09T15:28:11.368Z  INFO 3528 --- [           main] c.a.i.p.onnx.ONNXEmbeddingProvider       : ========================================
2026-01-09T15:28:11.369Z  INFO 3528 --- [           main] c.a.i.p.onnx.ONNXEmbeddingProvider       : Initializing ONNX Embedding Provider
2026-01-09T15:28:11.369Z  INFO 3528 --- [           main] c.a.i.p.onnx.ONNXEmbeddingProvider       : Model path: classpath:/models/embeddings/all-MiniLM-L6-v2.onnx
2026-01-09T15:28:11.369Z  INFO 3528 --- [           main] c.a.i.p.onnx.ONNXEmbeddingProvider       : Tokenizer path: classpath:/models/embeddings/tokenizer.json
2026-01-09T15:28:11.369Z  INFO 3528 --- [           main] c.a.i.p.onnx.ONNXEmbeddingProvider       : Current working directory: /home/runner/work/AI-Fabric-Framework/AI-Fabric-Framework/ai-infrastructure-module/integration-Testing/relationship-query-integration-tests
2026-01-09T15:28:11.369Z  INFO 3528 --- [           main] c.a.i.p.onnx.ONNXEmbeddingProvider       : ========================================
2026-01-09T15:28:11.934Z  INFO 3528 --- [           main] c.a.i.p.onnx.ONNXEmbeddingProvider       : Model file resolved to: /tmp/onnx-model-832910791518450033.onnx
2026-01-09T15:28:12.037Z  INFO 3528 --- [           main] c.a.i.p.onnx.ONNXEmbeddingProvider       : Using CPU for ONNX inference
2026-01-09T15:28:12.214Z  INFO 3528 --- [           main] c.a.i.p.onnx.ONNXEmbeddingProvider       : Model input names: [input_ids, attention_mask, token_type_ids]
2026-01-09T15:28:12.214Z  INFO 3528 --- [           main] c.a.i.p.onnx.ONNXEmbeddingProvider       :   Input: input_ids - TensorInfo(javaType=INT64,onnxType=ONNX_TENSOR_ELEMENT_DATA_TYPE_INT64,shape=[-1, -1])
2026-01-09T15:28:12.214Z  INFO 3528 --- [           main] c.a.i.p.onnx.ONNXEmbeddingProvider       :   Input: attention_mask - TensorInfo(javaType=INT64,onnxType=ONNX_TENSOR_ELEMENT_DATA_TYPE_INT64,shape=[-1, -1])
2026-01-09T15:28:12.214Z  INFO 3528 --- [           main] c.a.i.p.onnx.ONNXEmbeddingProvider       :   Input: token_type_ids - TensorInfo(javaType=INT64,onnxType=ONNX_TENSOR_ELEMENT_DATA_TYPE_INT64,shape=[-1, -1])
2026-01-09T15:28:12.214Z  INFO 3528 --- [           main] c.a.i.p.onnx.ONNXEmbeddingProvider       : Detected embedding dimension: 384
2026-01-09T15:28:12.218Z  WARN 3528 --- [           main] c.a.i.p.onnx.ONNXEmbeddingProvider       : Hugging Face tokenizers library not found on classpath. Falling back to legacy tokenization.
2026-01-09T15:28:12.218Z  INFO 3528 --- [           main] c.a.i.p.onnx.ONNXEmbeddingProvider       : ONNX Embedding Provider initialized successfully with model: /tmp/onnx-model-832910791518450033.onnx
2026-01-09T15:28:12.225Z  INFO 3528 --- [           main] .a.i.c.AIInfrastructureAutoConfiguration : Creating AIEmbeddingService with embedding provider 'onnx' (requested 'onnx')
2026-01-09T15:28:12.260Z  INFO 3528 --- [           main] c.ai.infrastructure.cache.AICacheConfig  : AI Cache Manager configured with max size 100 and TTL PT1H
2026-01-09T15:28:12.283Z  INFO 3528 --- [           main] c.a.i.v.l.LuceneVectorDatabaseService    : Initializing Lucene Vector Database at: /tmp/relationship-query-realapi-lucene
2026-01-09T15:28:12.296Z  INFO 3528 --- [           main] o.a.l.s.MemorySegmentIndexInputProvider  : Using MemorySegmentIndexInput with Java 21 or later; to disable start with -Dorg.apache.lucene.store.MMapDirectory.enableMemorySegments=false
2026-01-09T15:28:12.385Z  INFO 3528 --- [           main] c.a.i.v.l.LuceneVectorDatabaseService    : Lucene Vector Database initialized successfully
2026-01-09T15:28:12.449Z  INFO 3528 --- [           main] c.a.i.provider.AIProviderManager         : Initializing AI Provider Manager with 1 providers
2026-01-09T15:28:12.450Z  INFO 3528 --- [           main] c.a.i.provider.AIProviderManager         : AI Provider Manager initialized successfully
2026-01-09T15:28:12.465Z  INFO 3528 --- [           main] c.RelationshipEntityMappingConfiguration : Registered relationship-test entity schema: 8 entities, 4 relationships
2026-01-09T15:28:12.485Z  INFO 3528 --- [           main] c.a.i.c.AIEntityConfigurationLoader      : Loading AI entity configuration from: ai-entity-config.yml
2026-01-09T15:28:12.490Z  INFO 3528 --- [           main] c.a.i.c.AIEntityConfigurationLoader      : Found 3 entities in configuration
2026-01-09T15:28:12.491Z  INFO 3528 --- [           main] c.a.i.c.AIEntityConfigurationLoader      : Processing entity type: document with config keys: [features, searchable-fields]
2026-01-09T15:28:12.492Z  INFO 3528 --- [           main] c.a.i.c.AIEntityConfigurationLoader      : No metadata-fields found for entity document
2026-01-09T15:28:12.492Z  INFO 3528 --- [           main] c.a.i.c.AIEntityConfigurationLoader      : Processing entity type: product with config keys: [features, searchable-fields]
2026-01-09T15:28:12.492Z  INFO 3528 --- [           main] c.a.i.c.AIEntityConfigurationLoader      : No metadata-fields found for entity product
2026-01-09T15:28:12.492Z  INFO 3528 --- [           main] c.a.i.c.AIEntityConfigurationLoader      : Processing entity type: transaction with config keys: [features, searchable-fields]
2026-01-09T15:28:12.492Z  INFO 3528 --- [           main] c.a.i.c.AIEntityConfigurationLoader      : No metadata-fields found for entity transaction
2026-01-09T15:28:12.492Z  INFO 3528 --- [           main] c.a.i.c.AIEntityConfigurationLoader      : Successfully loaded configuration for 3 entities
2026-01-09T15:28:12.968Z  INFO 3528 --- [           main] o.s.d.j.r.query.QueryEnhancerFactory     : Hibernate is in classpath; If applicable, HQL parser will be used.
2026-01-09T15:28:13.501Z  INFO 3528 --- [           main] archableStorageStrategyAutoConfiguration : Using PER_TYPE_TABLE storage strategy
2026-01-09T15:28:13.534Z  INFO 3528 --- [           main] c.a.i.privacy.pii.PIIDetectionService    : PII detection initialized: enabled=false, mode=PASS_THROUGH, patterns=4
2026-01-09T15:28:13.558Z  INFO 3528 --- [           main] c.a.i.i.action.ActionHandlerRegistry     : ActionHandlerRegistry initialized with 2 action handler(s)
2026-01-09T15:28:13.665Z  INFO 3528 --- [           main] c.a.i.i.o.p.DefaultOrchestrationPipeline : [Pipeline] Initialized with 11 steps: SecurityAnalysis → AccessControl → PIIDetection → ComplianceCheck → IntentExtraction → IntentHandling → OrchestrationResultNormalization → MetadataBuilding → SmartSuggestions → ResponseSanitization → HistoryPersistence
2026-01-09T15:28:13.826Z  INFO 3528 --- [           main] c.a.i.service.AICapabilityService        : AICapabilityService initialized with configurationLoader: present
2026-01-09T15:28:13.826Z  INFO 3528 --- [           main] c.a.i.service.AICapabilityService        : Configuration loader supports entity types: [product, document, transaction]
2026-01-09T15:28:14.088Z  INFO 3528 --- [           main] c.a.i.v.AIProviderConfigValidator        : AI provider configuration validation successful
2026-01-09T15:28:14.096Z  INFO 3528 --- [           main] i.r.c.RelationshipQueryAutoConfiguration : Relationship query module enabled (maxTraversalDepth=3, defaultReturnMode=IDS, vectorSearchEnabled=true)
2026-01-09T15:28:14.248Z  WARN 3528 --- [           main] JpaBaseConfiguration$JpaWebConfiguration : spring.jpa.open-in-view is enabled by default. Therefore, database queries may be performed during view rendering. Explicitly configure spring.jpa.open-in-view to disable this warning
2026-01-09T15:28:14.886Z  INFO 3528 --- [           main] o.s.b.a.e.web.EndpointLinksResolver      : Exposing 1 endpoint(s) beneath base path '/actuator'
2026-01-09T15:28:15.177Z  INFO 3528 --- [           main] o.s.b.w.embedded.tomcat.TomcatWebServer  : Tomcat started on port 43545 (http) with context path ''
2026-01-09T15:28:15.201Z  INFO 3528 --- [           main] .a.i.r.i.r.LawFirmRealApiIntegrationTest : Started LawFirmRealApiIntegrationTest in 8.309 seconds (process running for 9.091)
2026-01-09T15:28:15.317Z  INFO 3528 --- [           main] c.a.i.s.auto.TableAutoCreationService    : Detected database type: H2
2026-01-09T15:28:15.323Z  INFO 3528 --- [           main] c.a.i.s.auto.TableAutoCreationService    : Creating per-type tables for 3 entity types
2026-01-09T15:28:15.327Z  INFO 3528 --- [           main] c.a.i.s.auto.TableAutoCreationService    : Created AISearchableEntity table ai_searchable_product
2026-01-09T15:28:15.334Z  INFO 3528 --- [           main] c.a.i.s.auto.TableAutoCreationService    : Created AISearchableEntity table ai_searchable_document
2026-01-09T15:28:15.336Z  INFO 3528 --- [           main] c.a.i.s.auto.TableAutoCreationService    : Created AISearchableEntity table ai_searchable_transaction
2026-01-09T15:28:16.037Z  INFO 3528 --- [o-auto-1-exec-1] o.a.c.c.C.[Tomcat].[localhost].[/]       : Initializing Spring DispatcherServlet 'dispatcherServlet'
2026-01-09T15:28:16.037Z  INFO 3528 --- [o-auto-1-exec-1] o.s.web.servlet.DispatcherServlet        : Initializing Servlet 'dispatcherServlet'
2026-01-09T15:28:16.039Z  INFO 3528 --- [o-auto-1-exec-1] o.s.web.servlet.DispatcherServlet        : Completed initialization in 1 ms
2026-01-09T15:28:16.095Z  INFO 3528 --- [o-auto-1-exec-1] c.a.i.r.s.LLMDrivenJPAQueryService       : [RelationshipQuery] Executing query='List archived John Smith contracts from October 2023 that mention Archive in the title' entityTypes=[document]
2026-01-09T15:28:16.098Z  INFO 3528 --- [o-auto-1-exec-1] c.a.i.provider.openai.OpenAIProvider     : === OPENAI API REQUEST ===
2026-01-09T15:28:16.098Z  INFO 3528 --- [o-auto-1-exec-1] c.a.i.provider.openai.OpenAIProvider     : OpenAI API request: url=https://api.openai.com/v1/chat/completions, model=gpt-4o-mini, temperature=0.1, topP=0.1, maxTokens=1200, messages=2
2026-01-09T15:28:16.098Z  INFO 3528 --- [o-auto-1-exec-1] c.a.i.provider.openai.OpenAIProvider     : OpenAI API request message[0]: role=system, contentLength=62, contentSnippet=You are an expert database planner. Return ONLY a JSON object.
2026-01-09T15:28:16.098Z  INFO 3528 --- [o-auto-1-exec-1] c.a.i.provider.openai.OpenAIProvider     : OpenAI API request message[1]: role=user, contentLength=5569, contentSnippet=Analyze the user's request using the provided entity schema. Produce a JSON payload with:
- primaryEntityType (snake-case)
- candidateEntityTypes (array)
- relationshipPaths (array of {fromEntityType, relationshipType, toEntityType, direction, optional, conditions})
- directFilters (map of entity -> array of filters)
- relationshipFilters (map)
- needsSemanticSearch (boolean)
- queryStrategy ("RELATIONSHIP", "SEMANTIC", or "HYBRID")
- confidence (0.0 - 1.0 decimal)
- semanticQuery (string)

Guid
2026-01-09T15:28:16.098Z  INFO 3528 --- [o-auto-1-exec-1] c.a.i.provider.openai.OpenAIProvider     : === END OPENAI API REQUEST ===
2026-01-09T15:28:21.677Z  INFO 3528 --- [o-auto-1-exec-1] c.a.i.provider.openai.OpenAIProvider     : === OPENAI API RESPONSE ===
2026-01-09T15:28:21.678Z  INFO 3528 --- [o-auto-1-exec-1] c.a.i.provider.openai.OpenAIProvider     : OpenAI API response: responseTimeMs=5579, model=gpt-4o-mini-2024-07-18, finishReason=stop, contentLength=939
2026-01-09T15:28:21.678Z  INFO 3528 --- [o-auto-1-exec-1] c.a.i.provider.openai.OpenAIProvider     : OpenAI API response contentSnippet={
  "primaryEntityType": "document",
  "candidateEntityTypes": ["document"],
  "relationshipPaths": [
    {
      "fromEntityType": "document",
      "relationshipType": "author",
      "toEntityType": "user",
      "direction": "FORWARD",
      "optional": false,
      "conditions": [
        {"field": "fullName", "operator": "EQUALS", "value": "John Smith", "entityType": "user"}
      ]
    }
  ],
  "directFilters": {
    "document": [
      {"field": "creationDate", "operator": "GREATER_THAN_
2026-01-09T15:28:21.678Z  INFO 3528 --- [o-auto-1-exec-1] c.a.i.provider.openai.OpenAIProvider     : === END OPENAI API RESPONSE ===
2026-01-09T15:28:21.693Z  WARN 3528 --- [o-auto-1-exec-1] c.a.i.relationship.metrics.QueryMetrics  : Plan latency 5598ms exceeded alert threshold 1500
2026-01-09T15:28:21.702Z  INFO 3528 --- [o-auto-1-exec-1] c.a.i.r.s.LLMDrivenJPAQueryService       : [RelationshipQuery] Planner output:
{
  "originalQuery" : "List archived John Smith contracts from October 2023 that mention Archive in the title",
  "semanticQuery" : "List archived John Smith contracts from October 2023 that mention Archive in the title",
  "primaryEntityType" : "document",
  "candidateEntityTypes" : [ "document" ],
  "relationshipPaths" : [ {
    "fromEntityType" : "document",
    "relationshipType" : "author",
    "toEntityType" : "user",
    "direction" : "FORWARD",
    "optional" : false,
    "conditions" : [ {
      "rangeComparison" : false,
      "field" : "fullName",
      "operator" : "EQUALS",
      "value" : "John Smith",
      "entityType" : "user",
      "caseSensitive" : true
    } ]
  } ],
  "directFilters" : {
    "document" : [ {
      "rangeComparison" : false,
      "field" : "creationDate",
      "operator" : "GREATER_THAN_OR_EQUAL",
      "value" : "2023-10-01T00:00:00",
      "entityType" : "document",
      "caseSensitive" : true
    }, {
      "rangeComparison" : false,
      "field" : "creationDate",
      "operator" : "LESS_THAN_OR_EQUAL",
      "value" : "2023-10-31T23:59:59",
      "entityType" : "document",
      "caseSensitive" : true
    }, {
      "rangeComparison" : false,
      "field" : "title",
      "operator" : "LIKE",
      "value" : "%Archive%",
      "entityType" : "document",
      "caseSensitive" : true
    } ]
  },
  "relationshipFilters" : { },
  "metadataFilters" : { },
  "queryStrategy" : "RELATIONSHIP",
  "needsSemanticSearch" : false,
  "confidence" : 0.9,
  "context" : { }
}
2026-01-09T15:28:21.706Z  INFO 3528 --- [o-auto-1-exec-1] c.a.i.r.s.LLMDrivenJPAQueryService       : [RelationshipQuery] JPQL statement: SELECT DISTINCT root FROM DocumentEntity root JOIN root.author us1 WHERE us1.fullName = :p1 AND root.creationDate >= :p2 AND root.creationDate <= :p3 AND root.title LIKE :p4
Parameters: {p1=John Smith, p2=2023-10-01T00:00, p3=2023-10-31T23:59:59, p4=%Archive%}
2026-01-09T15:28:21.744Z  WARN 3528 --- [o-auto-1-exec-1] c.a.i.relationship.metrics.QueryMetrics  : Execution latency 5649ms exceeded alert threshold 1500
2026-01-09T15:28:21.745Z  INFO 3528 --- [o-auto-1-exec-1] c.a.i.r.s.LLMDrivenJPAQueryService       : [RelationshipQuery] Result summary -> query='List archived John Smith contracts from October 2023 that mention Archive in the title', entityTypes=[document], totalCandidates=1, returned=1, hybridMode=false
2026-01-09T15:28:21.745Z  INFO 3528 --- [o-auto-1-exec-1] c.a.i.r.s.LLMDrivenJPAQueryService       : [RelationshipQuery] Document IDs: [288b1977-8702-4b8a-8fca-f2e4b335cab8]
2026-01-09T15:28:21.745Z  INFO 3528 --- [o-auto-1-exec-1] c.a.i.r.s.LLMDrivenJPAQueryService       : [RelationshipQuery] JPQL (repeated for reference): SELECT DISTINCT root FROM DocumentEntity root JOIN root.author us1 WHERE us1.fullName = :p1 AND root.creationDate >= :p2 AND root.creationDate <= :p3 AND root.title LIKE :p4
Parameters: {p1=John Smith, p2=2023-10-01T00:00, p3=2023-10-31T23:59:59, p4=%Archive%}
2026-01-09T15:28:21.754Z  INFO 3528 --- [o-auto-1-exec-1] c.a.i.r.s.LLMDrivenJPAQueryService       : [RelationshipQuery] Serialized response:
{
  "documents" : [ {
    "id" : "288b1977-8702-4b8a-8fca-f2e4b335cab8",
    "content" : "Contract - John Smith - Q4 2023 (Archive)",
    "title" : null,
    "type" : null,
    "score" : null,
    "similarity" : null,
    "metadata" : {
      "status" : "ARCHIVED",
      "authorId" : "5553419b-4ebc-43c0-aef0-9af736109455"
    },
    "embeddings" : null,
    "highlightedContent" : null,
    "source" : null,
    "url" : null,
    "createdAt" : null,
    "modifiedAt" : null,
    "author" : null,
    "tags" : null,
    "language" : null,
    "size" : null,
    "wordCount" : null,
    "readingTimeMinutes" : null,
    "qualityScore" : null,
    "freshnessScore" : null,
    "authorityScore" : null
  } ],
  "context" : null,
  "totalDocuments" : null,
  "usedDocuments" : null,
  "relevanceScores" : null,
  "success" : true,
  "hybridSearchUsed" : false,
  "contextualSearchUsed" : null,
  "searchedCategories" : null,
  "totalResults" : 1,
  "returnedResults" : 1,
  "maxScore" : null,
  "averageScore" : null,
  "processingTimeMs" : 5649,
  "requestId" : null,
  "originalQuery" : "List archived John Smith contracts from October 2023 that mention Archive in the title",
  "entityType" : "document",
  "model" : null,
  "timestamp" : null,
  "metadata" : {
    "plan" : {
      "originalQuery" : "List archived John Smith contracts from October 2023 that mention Archive in the title",
      "semanticQuery" : "List archived John Smith contracts from October 2023 that mention Archive in the title",
      "primaryEntityType" : "document",
      "candidateEntityTypes" : [ "document" ],
      "relationshipPaths" : [ {
        "fromEntityType" : "document",
        "relationshipType" : "author",
        "toEntityType" : "user",
        "direction" : "FORWARD",
        "optional" : false,
        "conditions" : [ {
          "rangeComparison" : false,
          "field" : "fullName",
          "operator" : "EQUALS",
          "value" : "John Smith",
          "entityType" : "user",
          "caseSensitive" : true
        } ]
      } ],
      "directFilters" : {
        "document" : [ {
          "rangeComparison" : false,
          "field" : "creationDate",
          "operator" : "GREATER_THAN_OR_EQUAL",
          "value" : "2023-10-01T00:00:00",
          "entityType" : "document",
          "caseSensitive" : true
        }, {
          "rangeComparison" : false,
          "field" : "creationDate",
          "operator" : "LESS_THAN_OR_EQUAL",
          "value" : "2023-10-31T23:59:59",
          "entityType" : "document",
          "caseSensitive" : true
        }, {
          "rangeComparison" : false,
          "field" : "title",
          "operator" : "LIKE",
          "value" : "%Archive%",
          "entityType" : "document",
          "caseSensitive" : true
        } ]
      },
      "relationshipFilters" : { },
      "metadataFilters" : { },
      "queryStrategy" : "RELATIONSHIP",
      "needsSemanticSearch" : false,
      "confidence" : 0.9,
      "context" : { }
    },
    "mode" : "STANDALONE",
    "timestamp" : "2026-01-09T15:28:21.745270908Z"
  },
  "fromCache" : null,
  "cacheHitRate" : null,
  "errorMessage" : null,
  "warnings" : [ ],
  "suggestions" : null,
  "relatedQueries" : null,
  "facets" : null,
  "aggregations" : null,
  "confidenceScore" : 0.9,
  "qualityThresholdMet" : null,
  "query" : "List archived John Smith contracts from October 2023 that mention Archive in the title"
}
]]></system-out>
  </testcase>
  <testcase name="shouldReturnContractsForJohnSmithQ4" classname="com.ai.infrastructure.relationship.it.realapi.LawFirmRealApiIntegrationTest" time="7.718">
    <system-out><![CDATA[2026-01-09T15:28:21.863Z  INFO 3528 --- [o-auto-1-exec-2] c.a.i.r.s.LLMDrivenJPAQueryService       : [RelationshipQuery] Executing query='Find all contracts related to John Smith in Q4 2023' entityTypes=[document]
2026-01-09T15:28:21.864Z  INFO 3528 --- [o-auto-1-exec-2] c.a.i.provider.openai.OpenAIProvider     : === OPENAI API REQUEST ===
2026-01-09T15:28:21.864Z  INFO 3528 --- [o-auto-1-exec-2] c.a.i.provider.openai.OpenAIProvider     : OpenAI API request: url=https://api.openai.com/v1/chat/completions, model=gpt-4o-mini, temperature=0.1, topP=0.1, maxTokens=1200, messages=2
2026-01-09T15:28:21.864Z  INFO 3528 --- [o-auto-1-exec-2] c.a.i.provider.openai.OpenAIProvider     : OpenAI API request message[0]: role=system, contentLength=62, contentSnippet=You are an expert database planner. Return ONLY a JSON object.
2026-01-09T15:28:21.864Z  INFO 3528 --- [o-auto-1-exec-2] c.a.i.provider.openai.OpenAIProvider     : OpenAI API request message[1]: role=user, contentLength=5534, contentSnippet=Analyze the user's request using the provided entity schema. Produce a JSON payload with:
- primaryEntityType (snake-case)
- candidateEntityTypes (array)
- relationshipPaths (array of {fromEntityType, relationshipType, toEntityType, direction, optional, conditions})
- directFilters (map of entity -> array of filters)
- relationshipFilters (map)
- needsSemanticSearch (boolean)
- queryStrategy ("RELATIONSHIP", "SEMANTIC", or "HYBRID")
- confidence (0.0 - 1.0 decimal)
- semanticQuery (string)

Guid
2026-01-09T15:28:21.864Z  INFO 3528 --- [o-auto-1-exec-2] c.a.i.provider.openai.OpenAIProvider     : === END OPENAI API REQUEST ===
2026-01-09T15:28:29.537Z  INFO 3528 --- [o-auto-1-exec-2] c.a.i.provider.openai.OpenAIProvider     : === OPENAI API RESPONSE ===
2026-01-09T15:28:29.537Z  INFO 3528 --- [o-auto-1-exec-2] c.a.i.provider.openai.OpenAIProvider     : OpenAI API response: responseTimeMs=7673, model=gpt-4o-mini-2024-07-18, finishReason=stop, contentLength=845
2026-01-09T15:28:29.538Z  INFO 3528 --- [o-auto-1-exec-2] c.a.i.provider.openai.OpenAIProvider     : OpenAI API response contentSnippet={
  "primaryEntityType": "document",
  "candidateEntityTypes": ["document"],
  "relationshipPaths": [
    {
      "fromEntityType": "document",
      "relationshipType": "author",
      "toEntityType": "user",
      "direction": "FORWARD",
      "optional": false,
      "conditions": [
        {"field": "fullName", "operator": "EQUALS", "value": "John Smith", "entityType": "user"}
      ]
    }
  ],
  "directFilters": {
    "document": [
      {"field": "creationDate", "operator": "GREATER_THAN_
2026-01-09T15:28:29.538Z  INFO 3528 --- [o-auto-1-exec-2] c.a.i.provider.openai.OpenAIProvider     : === END OPENAI API RESPONSE ===
2026-01-09T15:28:29.538Z  WARN 3528 --- [o-auto-1-exec-2] c.a.i.relationship.metrics.QueryMetrics  : Plan latency 7674ms exceeded alert threshold 1500
2026-01-09T15:28:29.539Z  INFO 3528 --- [o-auto-1-exec-2] c.a.i.r.s.LLMDrivenJPAQueryService       : [RelationshipQuery] Planner output:
{
  "originalQuery" : "Find all contracts related to John Smith in Q4 2023",
  "semanticQuery" : "Find all contracts related to John Smith in Q4 2023",
  "primaryEntityType" : "document",
  "candidateEntityTypes" : [ "document" ],
  "relationshipPaths" : [ {
    "fromEntityType" : "document",
    "relationshipType" : "author",
    "toEntityType" : "user",
    "direction" : "FORWARD",
    "optional" : false,
    "conditions" : [ {
      "rangeComparison" : false,
      "field" : "fullName",
      "operator" : "EQUALS",
      "value" : "John Smith",
      "entityType" : "user",
      "caseSensitive" : true
    } ]
  } ],
  "directFilters" : {
    "document" : [ {
      "rangeComparison" : false,
      "field" : "creationDate",
      "operator" : "GREATER_THAN_OR_EQUAL",
      "value" : "2023-10-01T00:00:00",
      "entityType" : "document",
      "caseSensitive" : true
    }, {
      "rangeComparison" : false,
      "field" : "creationDate",
      "operator" : "LESS_THAN_OR_EQUAL",
      "value" : "2023-12-31T23:59:59",
      "entityType" : "document",
      "caseSensitive" : true
    } ]
  },
  "relationshipFilters" : { },
  "metadataFilters" : { },
  "queryStrategy" : "RELATIONSHIP",
  "needsSemanticSearch" : false,
  "confidence" : 0.9,
  "context" : { }
}
2026-01-09T15:28:29.539Z  INFO 3528 --- [o-auto-1-exec-2] c.a.i.r.s.LLMDrivenJPAQueryService       : [RelationshipQuery] JPQL statement: SELECT DISTINCT root FROM DocumentEntity root JOIN root.author us1 WHERE us1.fullName = :p1 AND root.creationDate >= :p2 AND root.creationDate <= :p3
Parameters: {p1=John Smith, p2=2023-10-01T00:00, p3=2023-12-31T23:59:59}
2026-01-09T15:28:29.547Z  WARN 3528 --- [o-auto-1-exec-2] c.a.i.relationship.metrics.QueryMetrics  : Execution latency 7683ms exceeded alert threshold 1500
2026-01-09T15:28:29.547Z  INFO 3528 --- [o-auto-1-exec-2] c.a.i.r.s.LLMDrivenJPAQueryService       : [RelationshipQuery] Result summary -> query='Find all contracts related to John Smith in Q4 2023', entityTypes=[document], totalCandidates=2, returned=2, hybridMode=false
2026-01-09T15:28:29.547Z  INFO 3528 --- [o-auto-1-exec-2] c.a.i.r.s.LLMDrivenJPAQueryService       : [RelationshipQuery] Document IDs: [1979a490-3ba4-47c9-9e32-e60472416e56, e21706f1-8e93-4483-832a-4ec4e9120a1f]
2026-01-09T15:28:29.547Z  INFO 3528 --- [o-auto-1-exec-2] c.a.i.r.s.LLMDrivenJPAQueryService       : [RelationshipQuery] JPQL (repeated for reference): SELECT DISTINCT root FROM DocumentEntity root JOIN root.author us1 WHERE us1.fullName = :p1 AND root.creationDate >= :p2 AND root.creationDate <= :p3
Parameters: {p1=John Smith, p2=2023-10-01T00:00, p3=2023-12-31T23:59:59}
2026-01-09T15:28:29.548Z  INFO 3528 --- [o-auto-1-exec-2] c.a.i.r.s.LLMDrivenJPAQueryService       : [RelationshipQuery] Serialized response:
{
  "documents" : [ {
    "id" : "1979a490-3ba4-47c9-9e32-e60472416e56",
    "content" : "Contract - John Smith - Q4 2023",
    "title" : null,
    "type" : null,
    "score" : null,
    "similarity" : null,
    "metadata" : {
      "status" : "ACTIVE",
      "authorId" : "ff1fe32a-97ba-4b1c-a252-0a6a75169e41"
    },
    "embeddings" : null,
    "highlightedContent" : null,
    "source" : null,
    "url" : null,
    "createdAt" : null,
    "modifiedAt" : null,
    "author" : null,
    "tags" : null,
    "language" : null,
    "size" : null,
    "wordCount" : null,
    "readingTimeMinutes" : null,
    "qualityScore" : null,
    "freshnessScore" : null,
    "authorityScore" : null
  }, {
    "id" : "e21706f1-8e93-4483-832a-4ec4e9120a1f",
    "content" : "Contract - John Smith - Q4 2023 (Archive)",
    "title" : null,
    "type" : null,
    "score" : null,
    "similarity" : null,
    "metadata" : {
      "status" : "ARCHIVED",
      "authorId" : "ff1fe32a-97ba-4b1c-a252-0a6a75169e41"
    },
    "embeddings" : null,
    "highlightedContent" : null,
    "source" : null,
    "url" : null,
    "createdAt" : null,
    "modifiedAt" : null,
    "author" : null,
    "tags" : null,
    "language" : null,
    "size" : null,
    "wordCount" : null,
    "readingTimeMinutes" : null,
    "qualityScore" : null,
    "freshnessScore" : null,
    "authorityScore" : null
  } ],
  "context" : null,
  "totalDocuments" : null,
  "usedDocuments" : null,
  "relevanceScores" : null,
  "success" : true,
  "hybridSearchUsed" : false,
  "contextualSearchUsed" : null,
  "searchedCategories" : null,
  "totalResults" : 2,
  "returnedResults" : 2,
  "maxScore" : null,
  "averageScore" : null,
  "processingTimeMs" : 7683,
  "requestId" : null,
  "originalQuery" : "Find all contracts related to John Smith in Q4 2023",
  "entityType" : "document",
  "model" : null,
  "timestamp" : null,
  "metadata" : {
    "plan" : {
      "originalQuery" : "Find all contracts related to John Smith in Q4 2023",
      "semanticQuery" : "Find all contracts related to John Smith in Q4 2023",
      "primaryEntityType" : "document",
      "candidateEntityTypes" : [ "document" ],
      "relationshipPaths" : [ {
        "fromEntityType" : "document",
        "relationshipType" : "author",
        "toEntityType" : "user",
        "direction" : "FORWARD",
        "optional" : false,
        "conditions" : [ {
          "rangeComparison" : false,
          "field" : "fullName",
          "operator" : "EQUALS",
          "value" : "John Smith",
          "entityType" : "user",
          "caseSensitive" : true
        } ]
      } ],
      "directFilters" : {
        "document" : [ {
          "rangeComparison" : false,
          "field" : "creationDate",
          "operator" : "GREATER_THAN_OR_EQUAL",
          "value" : "2023-10-01T00:00:00",
          "entityType" : "document",
          "caseSensitive" : true
        }, {
          "rangeComparison" : false,
          "field" : "creationDate",
          "operator" : "LESS_THAN_OR_EQUAL",
          "value" : "2023-12-31T23:59:59",
          "entityType" : "document",
          "caseSensitive" : true
        } ]
      },
      "relationshipFilters" : { },
      "metadataFilters" : { },
      "queryStrategy" : "RELATIONSHIP",
      "needsSemanticSearch" : false,
      "confidence" : 0.9,
      "context" : { }
    },
    "mode" : "STANDALONE",
    "timestamp" : "2026-01-09T15:28:29.547377424Z"
  },
  "fromCache" : null,
  "cacheHitRate" : null,
  "errorMessage" : null,
  "warnings" : [ ],
  "suggestions" : null,
  "relatedQueries" : null,
  "facets" : null,
  "aggregations" : null,
  "confidenceScore" : 0.9,
  "qualityThresholdMet" : null,
  "query" : "Find all contracts related to John Smith in Q4 2023"
}
]]></system-out>
  </testcase>
</testsuite>