-------------------------------------------------------------------------------
Test set: com.ai.infrastructure.core.AICoreServiceTest
-------------------------------------------------------------------------------
Tests run: 5, Failures: 0, Errors: 3, Skipped: 0, Time elapsed: 1.062 s <<< FAILURE! - in com.ai.infrastructure.core.AICoreServiceTest
com.ai.infrastructure.core.AICoreServiceTest.testGenerateRecommendations  Time elapsed: 0.283 s  <<< ERROR!
com.ai.infrastructure.exception.AIServiceException: Failed to generate recommendations
	at com.ai.infrastructure.core.AICoreService.generateRecommendations(AICoreService.java:193)
	at com.ai.infrastructure.core.AICoreServiceTest.testGenerateRecommendations(AICoreServiceTest.java:138)
	at java.base/java.lang.reflect.Method.invoke(Method.java:580)
	at java.base/java.util.ArrayList.forEach(ArrayList.java:1596)
	at java.base/java.util.ArrayList.forEach(ArrayList.java:1596)
Caused by: com.ai.infrastructure.exception.AIServiceException: Failed to generate embedding
	at com.ai.infrastructure.core.AICoreService.generateEmbedding(AICoreService.java:129)
	at com.ai.infrastructure.core.AICoreService.generateRecommendations(AICoreService.java:176)
	... 4 more
Caused by: java.lang.NullPointerException: OpenAI token required
	at java.base/java.util.Objects.requireNonNull(Objects.java:259)
	at com.theokanning.openai.service.AuthenticationInterceptor.<init>(AuthenticationInterceptor.java:18)
	at com.theokanning.openai.service.OpenAiService.defaultClient(OpenAiService.java:592)
	at com.theokanning.openai.service.OpenAiService.<init>(OpenAiService.java:95)
	at com.ai.infrastructure.core.AICoreService.initializeOpenAI(AICoreService.java:55)
	at com.ai.infrastructure.core.AICoreService.generateEmbedding(AICoreService.java:107)
	... 5 more

com.ai.infrastructure.core.AICoreServiceTest.testGenerateEmbedding  Time elapsed: 0.008 s  <<< ERROR!
com.ai.infrastructure.exception.AIServiceException: Failed to generate embedding
	at com.ai.infrastructure.core.AICoreService.generateEmbedding(AICoreService.java:129)
	at com.ai.infrastructure.core.AICoreServiceTest.testGenerateEmbedding(AICoreServiceTest.java:75)
	at java.base/java.lang.reflect.Method.invoke(Method.java:580)
	at java.base/java.util.ArrayList.forEach(ArrayList.java:1596)
	at java.base/java.util.ArrayList.forEach(ArrayList.java:1596)
Caused by: java.lang.NullPointerException: OpenAI token required
	at java.base/java.util.Objects.requireNonNull(Objects.java:259)
	at com.theokanning.openai.service.AuthenticationInterceptor.<init>(AuthenticationInterceptor.java:18)
	at com.theokanning.openai.service.OpenAiService.defaultClient(OpenAiService.java:592)
	at com.theokanning.openai.service.OpenAiService.<init>(OpenAiService.java:95)
	at com.ai.infrastructure.core.AICoreService.initializeOpenAI(AICoreService.java:55)
	at com.ai.infrastructure.core.AICoreService.generateEmbedding(AICoreService.java:107)
	... 4 more

com.ai.infrastructure.core.AICoreServiceTest.testPerformSearch  Time elapsed: 0.005 s  <<< ERROR!
com.ai.infrastructure.exception.AIServiceException: Failed to perform semantic search
	at com.ai.infrastructure.core.AICoreService.performSearch(AICoreService.java:155)
	at com.ai.infrastructure.core.AICoreServiceTest.testPerformSearch(AICoreServiceTest.java:108)
	at java.base/java.lang.reflect.Method.invoke(Method.java:580)
	at java.base/java.util.ArrayList.forEach(ArrayList.java:1596)
	at java.base/java.util.ArrayList.forEach(ArrayList.java:1596)
Caused by: com.ai.infrastructure.exception.AIServiceException: Failed to generate embedding
	at com.ai.infrastructure.core.AICoreService.generateEmbedding(AICoreService.java:129)
	at com.ai.infrastructure.core.AICoreService.performSearch(AICoreService.java:148)
	... 4 more
Caused by: java.lang.NullPointerException: OpenAI token required
	at java.base/java.util.Objects.requireNonNull(Objects.java:259)
	at com.theokanning.openai.service.AuthenticationInterceptor.<init>(AuthenticationInterceptor.java:18)
	at com.theokanning.openai.service.OpenAiService.defaultClient(OpenAiService.java:592)
	at com.theokanning.openai.service.OpenAiService.<init>(OpenAiService.java:95)
	at com.ai.infrastructure.core.AICoreService.initializeOpenAI(AICoreService.java:55)
	at com.ai.infrastructure.core.AICoreService.generateEmbedding(AICoreService.java:107)
	... 5 more

