<?xml version="1.0" encoding="UTF-8"?>
<testsuite xmlns:xsi="http://www.w3.org/2001/XMLSchema-instance" xsi:noNamespaceSchemaLocation="https://maven.apache.org/surefire/maven-failsafe-plugin/xsd/failsafe-test-report-3.0.xsd" version="3.0" name="com.ai.infrastructure.behavior.it.api.BehaviorAnalyticsApiIT" time="9.933" tests="3" errors="0" skipped="0" failures="0">
  <properties>
[...]
</properties>
  <testcase name="rapidDeclineEndpointReturnsAlerts" classname="com.ai.infrastructure.behavior.it.api.BehaviorAnalyticsApiIT" time="0.845">
    <system-out><![CDATA[
  .   ____          _            __ _ _
 /\\ / ___'_ __ _ _(_)_ __  __ _ \ \ \ \
( ( )\___ | '_ | '_| | '_ \/ _` | \ \ \ \
 \\/  ___)| |_)| | | | | || (_| |  ) ) ) )
  '  |____| .__|_| |_|_| |_\__, | / / / /
 =========|_|==============|___/=/_/_/_/
 :: Spring Boot ::                (v3.2.0)

2026-01-09T15:26:40.965Z  INFO 3439 --- [           main] c.a.i.b.it.api.BehaviorAnalyticsApiIT    : Starting BehaviorAnalyticsApiIT using Java 21.0.9 with PID 3439 (started by runner in /home/runner/work/AI-Fabric-Framework/AI-Fabric-Framework/ai-infrastructure-module/integration-Testing/behavior-integration-tests)
2026-01-09T15:26:40.967Z  INFO 3439 --- [           main] c.a.i.b.it.api.BehaviorAnalyticsApiIT    : The following 1 profile is active: "integration"
2026-01-09T15:26:41.864Z  INFO 3439 --- [           main] .s.d.r.c.RepositoryConfigurationDelegate : Bootstrapping Spring Data JPA repositories in DEFAULT mode.
2026-01-09T15:26:41.900Z  INFO 3439 --- [           main] .s.d.r.c.RepositoryConfigurationDelegate : Finished Spring Data repository scanning in 30 ms. Found 5 JPA repository interfaces.
2026-01-09T15:26:42.355Z  INFO 3439 --- [           main] o.s.cloud.context.scope.GenericScope     : BeanFactory id=63ae5d6b-3323-3b2e-8b38-f97ca41d9172
2026-01-09T15:26:43.163Z  INFO 3439 --- [           main] o.s.b.w.embedded.tomcat.TomcatWebServer  : Tomcat initialized with port 0 (http)
2026-01-09T15:26:43.170Z  INFO 3439 --- [           main] o.apache.catalina.core.StandardService   : Starting service [Tomcat]
2026-01-09T15:26:43.170Z  INFO 3439 --- [           main] o.apache.catalina.core.StandardEngine    : Starting Servlet engine: [Apache Tomcat/10.1.16]
2026-01-09T15:26:43.216Z  INFO 3439 --- [           main] o.a.c.c.C.[Tomcat].[localhost].[/]       : Initializing Spring embedded WebApplicationContext
2026-01-09T15:26:43.217Z  INFO 3439 --- [           main] w.s.c.ServletWebServerApplicationContext : Root WebApplicationContext: initialization completed in 2228 ms
2026-01-09T15:26:43.593Z  INFO 3439 --- [           main] o.hibernate.jpa.internal.util.LogHelper  : HHH000204: Processing PersistenceUnitInfo [name: default]
2026-01-09T15:26:43.641Z  INFO 3439 --- [           main] org.hibernate.Version                    : HHH000412: Hibernate ORM core version 6.3.1.Final
2026-01-09T15:26:43.670Z  INFO 3439 --- [           main] o.h.c.internal.RegionFactoryInitiator    : HHH000026: Second-level cache disabled
2026-01-09T15:26:43.862Z  INFO 3439 --- [           main] o.s.o.j.p.SpringPersistenceUnitInfo      : No LoadTimeWeaver setup: ignoring JPA class transformer
2026-01-09T15:26:43.884Z  INFO 3439 --- [           main] com.zaxxer.hikari.HikariDataSource       : HikariPool-1 - Starting...
2026-01-09T15:26:44.055Z  INFO 3439 --- [           main] com.zaxxer.hikari.pool.HikariPool        : HikariPool-1 - Added connection conn0: url=jdbc:h2:mem:behavior_it user=SA
2026-01-09T15:26:44.057Z  INFO 3439 --- [           main] com.zaxxer.hikari.HikariDataSource       : HikariPool-1 - Start completed.
2026-01-09T15:26:44.077Z  WARN 3439 --- [           main] org.hibernate.dialect.Dialect            : HHH000511: The 2.2.0 version for [org.hibernate.dialect.PostgreSQLDialect] is no longer supported, hence certain features may not work properly. The minimum supported version is 11.0.0. Check the community dialects project for available legacy versions.
2026-01-09T15:26:44.080Z  WARN 3439 --- [           main] org.hibernate.orm.deprecation            : HHH90000025: PostgreSQLDialect does not need to be specified explicitly using 'hibernate.dialect' (remove the property setting and it will be selected by default)
2026-01-09T15:26:44.898Z  INFO 3439 --- [           main] o.h.e.t.j.p.i.JtaPlatformInitiator       : HHH000489: No JTA platform available (set 'hibernate.transaction.jta.platform' to enable JTA platform integration)
2026-01-09T15:26:44.960Z  INFO 3439 --- [           main] j.LocalContainerEntityManagerFactoryBean : Initialized JPA EntityManagerFactory for persistence unit 'default'
2026-01-09T15:26:45.017Z  INFO 3439 --- [           main] c.a.i.p.onnx.ONNXAutoConfiguration       : Creating ONNX Embedding Provider (primary/default)
2026-01-09T15:26:45.018Z  WARN 3439 --- [           main] c.a.i.p.onnx.ONNXAutoConfiguration       : WARNING: ONNX Embedding Provider is not available. Model file may be missing.
2026-01-09T15:26:45.018Z  WARN 3439 --- [           main] c.a.i.p.onnx.ONNXAutoConfiguration       : Please ensure the ONNX model file exists at: classpath:/models/embeddings/all-MiniLM-L6-v2.onnx
2026-01-09T15:26:45.021Z  INFO 3439 --- [           main] c.a.i.p.onnx.ONNXEmbeddingProvider       : ========================================
2026-01-09T15:26:45.021Z  INFO 3439 --- [           main] c.a.i.p.onnx.ONNXEmbeddingProvider       : Initializing ONNX Embedding Provider
2026-01-09T15:26:45.021Z  INFO 3439 --- [           main] c.a.i.p.onnx.ONNXEmbeddingProvider       : Model path: classpath:/models/embeddings/all-MiniLM-L6-v2.onnx
2026-01-09T15:26:45.021Z  INFO 3439 --- [           main] c.a.i.p.onnx.ONNXEmbeddingProvider       : Tokenizer path: classpath:/models/embeddings/tokenizer.json
2026-01-09T15:26:45.021Z  INFO 3439 --- [           main] c.a.i.p.onnx.ONNXEmbeddingProvider       : Current working directory: /home/runner/work/AI-Fabric-Framework/AI-Fabric-Framework/ai-infrastructure-module/integration-Testing/behavior-integration-tests
2026-01-09T15:26:45.021Z  INFO 3439 --- [           main] c.a.i.p.onnx.ONNXEmbeddingProvider       : ========================================
2026-01-09T15:26:45.483Z  INFO 3439 --- [           main] c.a.i.p.onnx.ONNXEmbeddingProvider       : Model file resolved to: /tmp/onnx-model-13275609834201598771.onnx
2026-01-09T15:26:45.588Z  INFO 3439 --- [           main] c.a.i.p.onnx.ONNXEmbeddingProvider       : Using CPU for ONNX inference
2026-01-09T15:26:45.769Z  INFO 3439 --- [           main] c.a.i.p.onnx.ONNXEmbeddingProvider       : Model input names: [input_ids, attention_mask, token_type_ids]
2026-01-09T15:26:45.769Z  INFO 3439 --- [           main] c.a.i.p.onnx.ONNXEmbeddingProvider       :   Input: input_ids - TensorInfo(javaType=INT64,onnxType=ONNX_TENSOR_ELEMENT_DATA_TYPE_INT64,shape=[-1, -1])
2026-01-09T15:26:45.769Z  INFO 3439 --- [           main] c.a.i.p.onnx.ONNXEmbeddingProvider       :   Input: attention_mask - TensorInfo(javaType=INT64,onnxType=ONNX_TENSOR_ELEMENT_DATA_TYPE_INT64,shape=[-1, -1])
2026-01-09T15:26:45.770Z  INFO 3439 --- [           main] c.a.i.p.onnx.ONNXEmbeddingProvider       :   Input: token_type_ids - TensorInfo(javaType=INT64,onnxType=ONNX_TENSOR_ELEMENT_DATA_TYPE_INT64,shape=[-1, -1])
2026-01-09T15:26:45.770Z  INFO 3439 --- [           main] c.a.i.p.onnx.ONNXEmbeddingProvider       : Detected embedding dimension: 384
2026-01-09T15:26:45.773Z  WARN 3439 --- [           main] c.a.i.p.onnx.ONNXEmbeddingProvider       : Hugging Face tokenizers library not found on classpath. Falling back to legacy tokenization.
2026-01-09T15:26:45.773Z  INFO 3439 --- [           main] c.a.i.p.onnx.ONNXEmbeddingProvider       : ONNX Embedding Provider initialized successfully with model: /tmp/onnx-model-13275609834201598771.onnx
2026-01-09T15:26:45.779Z  INFO 3439 --- [           main] .a.i.c.AIInfrastructureAutoConfiguration : Creating AIEmbeddingService with embedding provider 'onnx' (requested 'onnx')
2026-01-09T15:26:45.820Z  INFO 3439 --- [           main] c.ai.infrastructure.cache.AICacheConfig  : AI Cache Manager configured with max size 100 and TTL PT1H
2026-01-09T15:26:45.862Z  INFO 3439 --- [           main] c.a.i.v.l.LuceneVectorDatabaseService    : Initializing Lucene Vector Database at: ./data/lucene-vector-index
2026-01-09T15:26:45.876Z  INFO 3439 --- [           main] o.a.l.s.MemorySegmentIndexInputProvider  : Using MemorySegmentIndexInput with Java 21 or later; to disable start with -Dorg.apache.lucene.store.MMapDirectory.enableMemorySegments=false
2026-01-09T15:26:46.006Z  INFO 3439 --- [           main] c.a.i.v.l.LuceneVectorDatabaseService    : Lucene Vector Database initialized successfully
2026-01-09T15:26:46.067Z  INFO 3439 --- [           main] c.a.i.provider.AIProviderManager         : Initializing AI Provider Manager with 1 providers
2026-01-09T15:26:46.068Z  INFO 3439 --- [           main] c.a.i.provider.AIProviderManager         : AI Provider Manager initialized successfully
2026-01-09T15:26:46.126Z  INFO 3439 --- [           main] c.a.i.c.AIEntityConfigurationLoader      : Loading AI entity configuration from: ai-entity-config.yml
2026-01-09T15:26:46.130Z  INFO 3439 --- [           main] c.a.i.c.AIEntityConfigurationLoader      : Found 0 entities in configuration
2026-01-09T15:26:46.130Z  INFO 3439 --- [           main] c.a.i.c.AIEntityConfigurationLoader      : Successfully loaded configuration for 0 entities
2026-01-09T15:26:46.134Z  INFO 3439 --- [           main] archableStorageStrategyAutoConfiguration : Using PER_TYPE_TABLE storage strategy
2026-01-09T15:26:46.498Z  INFO 3439 --- [           main] o.s.d.j.r.query.QueryEnhancerFactory     : Hibernate is in classpath; If applicable, HQL parser will be used.
2026-01-09T15:26:47.094Z  INFO 3439 --- [           main] c.a.i.privacy.pii.PIIDetectionService    : PII detection initialized: enabled=false, mode=PASS_THROUGH, patterns=4
2026-01-09T15:26:47.126Z  INFO 3439 --- [           main] c.a.i.i.action.ActionHandlerRegistry     : ActionHandlerRegistry initialized with 2 action handler(s)
2026-01-09T15:26:47.305Z  INFO 3439 --- [           main] c.a.i.i.o.p.DefaultOrchestrationPipeline : [Pipeline] Initialized with 11 steps: SecurityAnalysis → AccessControl → PIIDetection → ComplianceCheck → IntentExtraction → IntentHandling → OrchestrationResultNormalization → MetadataBuilding → SmartSuggestions → ResponseSanitization → HistoryPersistence
2026-01-09T15:26:47.556Z  INFO 3439 --- [           main] c.a.i.service.AICapabilityService        : AICapabilityService initialized with configurationLoader: present
2026-01-09T15:26:47.556Z  INFO 3439 --- [           main] c.a.i.service.AICapabilityService        : Configuration loader supports entity types: []
2026-01-09T15:26:47.800Z  INFO 3439 --- [           main] a.i.b.c.BehaviorRelationshipRegistration : Registering BehaviorInsights with RelationshipQuery module
2026-01-09T15:26:47.801Z  INFO 3439 --- [           main] a.i.b.c.BehaviorRelationshipRegistration : BehaviorInsights registered as 'behavior-insight' entity type
2026-01-09T15:26:47.865Z  INFO 3439 --- [           main] c.a.i.v.AIProviderConfigValidator        : AI provider configuration validation successful
2026-01-09T15:26:47.940Z  INFO 3439 --- [           main] c.a.i.b.c.BehaviorAIAutoConfiguration    : Registering Behavior Module preset configuration (mode: FULL)
2026-01-09T15:26:47.944Z  INFO 3439 --- [           main] c.a.i.c.AIEntityConfigurationLoader      : Found 1 entities in configuration
2026-01-09T15:26:47.945Z  INFO 3439 --- [           main] c.a.i.c.AIEntityConfigurationLoader      : Processing entity type: behavior-insight with config keys: [auto-embedding, indexable, features, searchable-fields, metadata-fields, crud-operations]
2026-01-09T15:26:47.946Z  INFO 3439 --- [           main] c.a.i.c.AIEntityConfigurationLoader      : Found 2 metadata fields for entity behavior-insight
2026-01-09T15:26:47.946Z  INFO 3439 --- [           main] c.a.i.c.AIEntityConfigurationLoader      : Successfully parsed 2 metadata fields
2026-01-09T15:26:47.947Z  INFO 3439 --- [           main] c.a.i.b.c.BehaviorAIAutoConfiguration    : Behavior AI Addon ready (mode: FULL)
2026-01-09T15:26:48.133Z  WARN 3439 --- [           main] JpaBaseConfiguration$JpaWebConfiguration : spring.jpa.open-in-view is enabled by default. Therefore, database queries may be performed during view rendering. Explicitly configure spring.jpa.open-in-view to disable this warning
2026-01-09T15:26:48.461Z  INFO 3439 --- [           main] i.r.c.RelationshipQueryAutoConfiguration : Relationship query module enabled (maxTraversalDepth=3, defaultReturnMode=IDS, vectorSearchEnabled=true)
2026-01-09T15:26:48.846Z  INFO 3439 --- [           main] o.s.b.a.e.web.EndpointLinksResolver      : Exposing 1 endpoint(s) beneath base path '/actuator'
2026-01-09T15:26:49.121Z  INFO 3439 --- [           main] o.s.b.w.embedded.tomcat.TomcatWebServer  : Tomcat started on port 33953 (http) with context path ''
2026-01-09T15:26:49.147Z  INFO 3439 --- [           main] c.a.i.b.it.api.BehaviorAnalyticsApiIT    : Started BehaviorAnalyticsApiIT in 8.55 seconds (process running for 9.293)
2026-01-09T15:26:49.283Z  INFO 3439 --- [           main] c.a.i.s.auto.TableAutoCreationService    : Detected database type: H2
2026-01-09T15:26:49.285Z  INFO 3439 --- [           main] c.a.i.s.auto.TableAutoCreationService    : Creating per-type tables for 1 entity types
2026-01-09T15:26:49.290Z  INFO 3439 --- [           main] c.a.i.s.auto.TableAutoCreationService    : Created AISearchableEntity table ai_searchable_behavior_insight
2026-01-09T15:26:49.994Z  INFO 3439 --- [o-auto-1-exec-1] o.a.c.c.C.[Tomcat].[localhost].[/]       : Initializing Spring DispatcherServlet 'dispatcherServlet'
2026-01-09T15:26:49.994Z  INFO 3439 --- [o-auto-1-exec-1] o.s.web.servlet.DispatcherServlet        : Initializing Servlet 'dispatcherServlet'
2026-01-09T15:26:49.995Z  INFO 3439 --- [o-auto-1-exec-1] o.s.web.servlet.DispatcherServlet        : Completed initialization in 1 ms
2026-01-09T15:26:50.135Z  INFO 3439 --- [           main] c.a.i.b.it.api.BehaviorAnalyticsApiIT    : rapid-decline alerts: [{userId=test-user-3639b140-399e-4f0c-88ca-6ad70b62c79f, sentiment=FRUSTRATED, churnRisk=0.9, churnReason=payment failures, trend=RAPIDLY_DECLINING, recommendations=[reach_out], analyzedAt=2026-01-09T15:26:49.827133}]
]]></system-out>
    <system-err><![CDATA[WARNING: A Java agent has been loaded dynamically (/home/runner/.m2/repository/net/bytebuddy/byte-buddy-agent/1.14.10/byte-buddy-agent-1.14.10.jar)
WARNING: If a serviceability tool is in use, please run with -XX:+EnableDynamicAgentLoading to hide this warning
WARNING: If a serviceability tool is not in use, please run with -Djdk.instrument.traceUsage for more information
WARNING: Dynamic loading of agents will be disallowed by default in a future release
]]></system-err>
  </testcase>
  <testcase name="userTrendReturnsDeltas" classname="com.ai.infrastructure.behavior.it.api.BehaviorAnalyticsApiIT" time="0.053">
    <system-out><![CDATA[2026-01-09T15:26:50.199Z  INFO 3439 --- [           main] c.a.i.b.it.api.BehaviorAnalyticsApiIT    : user trend response: {userId=test-user-a22c815c-9b2b-4f2d-8e34-ff17b9bb398d, currentSentiment=0.6, previousSentiment=0.1, sentimentDelta=0.5, currentChurnRisk=0.4, previousChurnRisk=0.2, churnDelta=0.2, trend=IMPROVING, churnReason=engagement rising, recommendations=[reward], analyzedAt=2026-01-09T15:26:50.167565}
]]></system-out>
  </testcase>
  <testcase name="trendDistributionAggregatesCounts" classname="com.ai.infrastructure.behavior.it.api.BehaviorAnalyticsApiIT" time="0.033">
    <system-out><![CDATA[2026-01-09T15:26:50.234Z  INFO 3439 --- [           main] c.a.i.b.it.api.BehaviorAnalyticsApiIT    : trend distribution: {DECLINING=1, IMPROVING=2}
]]></system-out>
  </testcase>
</testsuite>