<?xml version="1.0" encoding="UTF-8"?>
<testsuite xmlns:xsi="http://www.w3.org/2001/XMLSchema-instance" xsi:noNamespaceSchemaLocation="https://maven.apache.org/surefire/maven-surefire-plugin/xsd/surefire-test-report-3.0.xsd" version="3.0" name="com.ai.infrastructure.it.realapi.RealAPIProviderMatrixIntegrationTest" time="696.482" tests="1" errors="0" skipped="0" failures="1">
  <properties>
[...]
</properties>
  <testcase name="providerMatrix" classname="com.ai.infrastructure.it.realapi.RealAPIProviderMatrixIntegrationTest" time="696.297">
    <failure message="Failures detected for LLM=openai | Embedding=onnx | VectorDB=lucene | Storage=SINGLE_TABLE (1 failures)&#10;Last normalized result snapshot: Snapshot{requestId=rag-70160de7-82cf-41bb-bab3-7c2de5c0cd86, type=OUT_OF_SCOPE, success=true, errorCode=null, recordedAt=2026-01-09T15:37:14.681798888Z}&#10;testRealActionHandlerRemovesVectorWithPIIRedaction() -&gt; [Action should be executed] &#10;expected: ACTION_EXECUTED&#10; but was: ERROR" type="java.lang.AssertionError"><![CDATA[java.lang.AssertionError: 
Failures detected for LLM=openai | Embedding=onnx | VectorDB=lucene | Storage=SINGLE_TABLE (1 failures)
Last normalized result snapshot: Snapshot{requestId=rag-70160de7-82cf-41bb-bab3-7c2de5c0cd86, type=OUT_OF_SCOPE, success=true, errorCode=null, recordedAt=2026-01-09T15:37:14.681798888Z}
testRealActionHandlerRemovesVectorWithPIIRedaction() -> [Action should be executed] 
expected: ACTION_EXECUTED
 but was: ERROR
	at com.ai.infrastructure.it.realapi.AbstractProviderMatrixIntegrationTest.executeCombination(AbstractProviderMatrixIntegrationTest.java:213)
	at com.ai.infrastructure.it.realapi.AbstractProviderMatrixIntegrationTest.lambda$providerMatrix$1(AbstractProviderMatrixIntegrationTest.java:85)
	at java.base/java.util.Optional.ifPresent(Optional.java:178)
	at java.base/java.util.ArrayList.forEach(ArrayList.java:1596)
	at java.base/java.util.ArrayList.forEach(ArrayList.java:1596)
]]></failure>
    <system-out><![CDATA[15:26:30.073 [main] INFO com.ai.infrastructure.provider.registry.ProviderRegistryService -- Loaded 6 LLM providers and 7 embedding providers from registry
15:26:30.078 [main] INFO com.ai.infrastructure.it.realapi.AbstractProviderMatrixIntegrationTest -- Using provider registry for discovery: 6 LLM, 7 embedding providers
15:26:30.144 [main] INFO com.ai.infrastructure.it.realapi.AbstractProviderMatrixIntegrationTest -- ═══════════════════════════════════════════════════════════════
15:26:30.145 [main] INFO com.ai.infrastructure.it.realapi.AbstractProviderMatrixIntegrationTest -- RealAPIProviderMatrixIntegrationTest - Starting
15:26:30.145 [main] INFO com.ai.infrastructure.it.realapi.AbstractProviderMatrixIntegrationTest -- Total combinations to test: 1
15:26:30.145 [main] INFO com.ai.infrastructure.it.realapi.AbstractProviderMatrixIntegrationTest -- ─────────────────────────────────────────────────────────────
15:26:30.149 [main] INFO com.ai.infrastructure.it.realapi.AbstractProviderMatrixIntegrationTest --   • LLM=openai | Embedding=onnx | VectorDB=lucene | Storage=SINGLE_TABLE
15:26:30.150 [main] INFO com.ai.infrastructure.it.realapi.AbstractProviderMatrixIntegrationTest -- ═══════════════════════════════════════════════════════════════
15:26:30.166 [main] INFO com.ai.infrastructure.it.realapi.AbstractProviderMatrixIntegrationTest -- [1/1] Running tests for: LLM=openai | Embedding=onnx | VectorDB=lucene | Storage=SINGLE_TABLE
15:26:30.168 [main] INFO com.ai.infrastructure.it.realapi.AbstractProviderMatrixIntegrationTest -- Using all test classes (15 total)
═══════════════════════════════════════════════════════════════
Selected Test Classes for Execution: 15
═══════════════════════════════════════════════════════════════
  [1/15] RealAPIIntegrationTest
  [2/15] RealAPIIntegrationTestV2
  [3/15] RealAPIONNXFallbackIntegrationTest
  [4/15] RealAPISmartValidationIntegrationTest
  [5/15] RealAPIVectorLifecycleIntegrationTest
  [6/15] RealAPIHybridRetrievalToggleIntegrationTest
  [7/15] RealAPIIntentHistoryAggregationIntegrationTest
  [8/15] RealAPIActionErrorRecoveryIntegrationTest
  [9/15] RealAPIActionFlowIntegrationTest
  [10/15] RealAPIIntentGenerationRoutingIntegrationTest
  [11/15] RealAPIMultiProviderFailoverIntegrationTest
  [12/15] RealAPISmartSuggestionsIntegrationTest
  [13/15] RealAPIPIIEdgeSpectrumIntegrationTest
  [14/15] IndexingStrategyIntegrationTest
  [15/15] RealAPICreativeAIScenariosIntegrationTest
═══════════════════════════════════════════════════════════════
15:26:30.182 [main] INFO com.ai.infrastructure.it.realapi.AbstractProviderMatrixIntegrationTest -- Selected test classes for execution:
15:26:30.182 [main] INFO com.ai.infrastructure.it.realapi.AbstractProviderMatrixIntegrationTest --   [1/15] RealAPIIntegrationTest
15:26:30.182 [main] INFO com.ai.infrastructure.it.realapi.AbstractProviderMatrixIntegrationTest --   [2/15] RealAPIIntegrationTestV2
15:26:30.182 [main] INFO com.ai.infrastructure.it.realapi.AbstractProviderMatrixIntegrationTest --   [3/15] RealAPIONNXFallbackIntegrationTest
15:26:30.182 [main] INFO com.ai.infrastructure.it.realapi.AbstractProviderMatrixIntegrationTest --   [4/15] RealAPISmartValidationIntegrationTest
15:26:30.182 [main] INFO com.ai.infrastructure.it.realapi.AbstractProviderMatrixIntegrationTest --   [5/15] RealAPIVectorLifecycleIntegrationTest
15:26:30.183 [main] INFO com.ai.infrastructure.it.realapi.AbstractProviderMatrixIntegrationTest --   [6/15] RealAPIHybridRetrievalToggleIntegrationTest
15:26:30.183 [main] INFO com.ai.infrastructure.it.realapi.AbstractProviderMatrixIntegrationTest --   [7/15] RealAPIIntentHistoryAggregationIntegrationTest
15:26:30.183 [main] INFO com.ai.infrastructure.it.realapi.AbstractProviderMatrixIntegrationTest --   [8/15] RealAPIActionErrorRecoveryIntegrationTest
15:26:30.183 [main] INFO com.ai.infrastructure.it.realapi.AbstractProviderMatrixIntegrationTest --   [9/15] RealAPIActionFlowIntegrationTest
15:26:30.183 [main] INFO com.ai.infrastructure.it.realapi.AbstractProviderMatrixIntegrationTest --   [10/15] RealAPIIntentGenerationRoutingIntegrationTest
15:26:30.183 [main] INFO com.ai.infrastructure.it.realapi.AbstractProviderMatrixIntegrationTest --   [11/15] RealAPIMultiProviderFailoverIntegrationTest
15:26:30.183 [main] INFO com.ai.infrastructure.it.realapi.AbstractProviderMatrixIntegrationTest --   [12/15] RealAPISmartSuggestionsIntegrationTest
15:26:30.183 [main] INFO com.ai.infrastructure.it.realapi.AbstractProviderMatrixIntegrationTest --   [13/15] RealAPIPIIEdgeSpectrumIntegrationTest
15:26:30.183 [main] INFO com.ai.infrastructure.it.realapi.AbstractProviderMatrixIntegrationTest --   [14/15] IndexingStrategyIntegrationTest
15:26:30.183 [main] INFO com.ai.infrastructure.it.realapi.AbstractProviderMatrixIntegrationTest --   [15/15] RealAPICreativeAIScenariosIntegrationTest
═══════════════════════════════════════════════════════════════
Executing 15 test classes for: LLM=openai | Embedding=onnx | VectorDB=lucene | Storage=SINGLE_TABLE
═══════════════════════════════════════════════════════════════
  [1/15] RealAPIIntegrationTest
  [2/15] RealAPIIntegrationTestV2
  [3/15] RealAPIONNXFallbackIntegrationTest
  [4/15] RealAPISmartValidationIntegrationTest
  [5/15] RealAPIVectorLifecycleIntegrationTest
  [6/15] RealAPIHybridRetrievalToggleIntegrationTest
  [7/15] RealAPIIntentHistoryAggregationIntegrationTest
  [8/15] RealAPIActionErrorRecoveryIntegrationTest
  [9/15] RealAPIActionFlowIntegrationTest
  [10/15] RealAPIIntentGenerationRoutingIntegrationTest
  [11/15] RealAPIMultiProviderFailoverIntegrationTest
  [12/15] RealAPISmartSuggestionsIntegrationTest
  [13/15] RealAPIPIIEdgeSpectrumIntegrationTest
  [14/15] IndexingStrategyIntegrationTest
  [15/15] RealAPICreativeAIScenariosIntegrationTest
═══════════════════════════════════════════════════════════════
15:26:30.187 [main] INFO com.ai.infrastructure.it.realapi.AbstractProviderMatrixIntegrationTest -- Executing 15 test classes for combination: LLM=openai | Embedding=onnx | VectorDB=lucene | Storage=SINGLE_TABLE
15:26:30.187 [main] INFO com.ai.infrastructure.it.realapi.AbstractProviderMatrixIntegrationTest --   [1/15] RealAPIIntegrationTest
15:26:30.187 [main] INFO com.ai.infrastructure.it.realapi.AbstractProviderMatrixIntegrationTest --   [2/15] RealAPIIntegrationTestV2
15:26:30.187 [main] INFO com.ai.infrastructure.it.realapi.AbstractProviderMatrixIntegrationTest --   [3/15] RealAPIONNXFallbackIntegrationTest
15:26:30.187 [main] INFO com.ai.infrastructure.it.realapi.AbstractProviderMatrixIntegrationTest --   [4/15] RealAPISmartValidationIntegrationTest
15:26:30.187 [main] INFO com.ai.infrastructure.it.realapi.AbstractProviderMatrixIntegrationTest --   [5/15] RealAPIVectorLifecycleIntegrationTest
15:26:30.187 [main] INFO com.ai.infrastructure.it.realapi.AbstractProviderMatrixIntegrationTest --   [6/15] RealAPIHybridRetrievalToggleIntegrationTest
15:26:30.187 [main] INFO com.ai.infrastructure.it.realapi.AbstractProviderMatrixIntegrationTest --   [7/15] RealAPIIntentHistoryAggregationIntegrationTest
15:26:30.188 [main] INFO com.ai.infrastructure.it.realapi.AbstractProviderMatrixIntegrationTest --   [8/15] RealAPIActionErrorRecoveryIntegrationTest
15:26:30.188 [main] INFO com.ai.infrastructure.it.realapi.AbstractProviderMatrixIntegrationTest --   [9/15] RealAPIActionFlowIntegrationTest
15:26:30.188 [main] INFO com.ai.infrastructure.it.realapi.AbstractProviderMatrixIntegrationTest --   [10/15] RealAPIIntentGenerationRoutingIntegrationTest
15:26:30.188 [main] INFO com.ai.infrastructure.it.realapi.AbstractProviderMatrixIntegrationTest --   [11/15] RealAPIMultiProviderFailoverIntegrationTest
15:26:30.188 [main] INFO com.ai.infrastructure.it.realapi.AbstractProviderMatrixIntegrationTest --   [12/15] RealAPISmartSuggestionsIntegrationTest
15:26:30.188 [main] INFO com.ai.infrastructure.it.realapi.AbstractProviderMatrixIntegrationTest --   [13/15] RealAPIPIIEdgeSpectrumIntegrationTest
15:26:30.188 [main] INFO com.ai.infrastructure.it.realapi.AbstractProviderMatrixIntegrationTest --   [14/15] IndexingStrategyIntegrationTest
15:26:30.188 [main] INFO com.ai.infrastructure.it.realapi.AbstractProviderMatrixIntegrationTest --   [15/15] RealAPICreativeAIScenariosIntegrationTest

  .   ____          _            __ _ _
 /\\ / ___'_ __ _ _(_)_ __  __ _ \ \ \ \
( ( )\___ | '_ | '_| | '_ \/ _` | \ \ \ \
 \\/  ___)| |_)| | | | | || (_| |  ) ) ) )
  '  |____| .__|_| |_|_| |_\__, | / / / /
 =========|_|==============|___/=/_/_/_/
 :: Spring Boot ::                (v3.2.0)

15:26:30.875 [main] INFO  c.a.i.it.RealAPIIntegrationTest - Starting RealAPIIntegrationTest using Java 21.0.9 with PID 3391 (started by runner in /home/runner/work/AI-Fabric-Framework/AI-Fabric-Framework/ai-infrastructure-module/integration-Testing/integration-tests)
15:26:30.877 [main] INFO  c.a.i.it.RealAPIIntegrationTest - The following 1 profile is active: "real-api-test"
15:26:32.085 [main] INFO  o.s.d.r.c.RepositoryConfigurationDelegate - Bootstrapping Spring Data JPA repositories in DEFAULT mode.
15:26:32.240 [main] INFO  o.s.d.r.c.RepositoryConfigurationDelegate - Finished Spring Data repository scanning in 147 ms. Found 9 JPA repository interfaces.
15:26:32.828 [main] INFO  o.s.cloud.context.scope.GenericScope - BeanFactory id=09fef64c-76c2-3edd-ba63-44d37c16de89
15:26:33.235 [main] WARN  o.s.c.s.PostProcessorRegistrationDelegate$BeanPostProcessorChecker - Bean 'searchableVectorDatabaseTestConfiguration' of type [com.ai.infrastructure.it.config.SearchableVectorDatabaseTestConfiguration$$SpringCGLIB$$0] is not eligible for getting processed by all BeanPostProcessors (for example: not eligible for auto-proxying). The currently created BeanPostProcessor [vectorDatabaseDecorator] is declared through a non-static factory method on that class; consider declaring it as static instead.
15:26:33.244 [main] WARN  o.s.c.s.PostProcessorRegistrationDelegate$BeanPostProcessorChecker - Bean 'AISearchableStorageStrategyAutoConfiguration' of type [com.ai.infrastructure.config.AISearchableStorageStrategyAutoConfiguration$$SpringCGLIB$$0] is not eligible for getting processed by all BeanPostProcessors (for example: not eligible for auto-proxying). Is this bean getting eagerly injected into a currently created BeanPostProcessor [vectorDatabaseDecorator]? Check the corresponding BeanPostProcessor declaration and its dependencies.
15:26:33.264 [main] WARN  o.s.c.s.PostProcessorRegistrationDelegate$BeanPostProcessorChecker - Bean 'jpa.named-queries#4' of type [org.springframework.data.repository.config.PropertiesBasedNamedQueriesFactoryBean] is not eligible for getting processed by all BeanPostProcessors (for example: not eligible for auto-proxying). Is this bean getting eagerly injected into a currently created BeanPostProcessor [vectorDatabaseDecorator]? Check the corresponding BeanPostProcessor declaration and its dependencies.
15:26:33.275 [main] WARN  o.s.c.s.PostProcessorRegistrationDelegate$BeanPostProcessorChecker - Bean 'jpa.named-queries#4' of type [org.springframework.data.repository.core.support.PropertiesBasedNamedQueries] is not eligible for getting processed by all BeanPostProcessors (for example: not eligible for auto-proxying). Is this bean getting eagerly injected into a currently created BeanPostProcessor [vectorDatabaseDecorator]? Check the corresponding BeanPostProcessor declaration and its dependencies.
15:26:33.306 [main] WARN  o.s.c.s.PostProcessorRegistrationDelegate$BeanPostProcessorChecker - Bean 'org.springframework.boot.autoconfigure.sql.init.DataSourceInitializationConfiguration' of type [org.springframework.boot.autoconfigure.sql.init.DataSourceInitializationConfiguration] is not eligible for getting processed by all BeanPostProcessors (for example: not eligible for auto-proxying). Is this bean getting eagerly injected into a currently created BeanPostProcessor [vectorDatabaseDecorator]? Check the corresponding BeanPostProcessor declaration and its dependencies.
15:26:33.309 [main] WARN  o.s.c.s.PostProcessorRegistrationDelegate$BeanPostProcessorChecker - Bean 'org.springframework.boot.autoconfigure.jdbc.DataSourceConfiguration$Hikari' of type [org.springframework.boot.autoconfigure.jdbc.DataSourceConfiguration$Hikari] is not eligible for getting processed by all BeanPostProcessors (for example: not eligible for auto-proxying). Is this bean getting eagerly injected into a currently created BeanPostProcessor [vectorDatabaseDecorator]? Check the corresponding BeanPostProcessor declaration and its dependencies.
15:26:33.331 [main] WARN  o.s.c.s.PostProcessorRegistrationDelegate$BeanPostProcessorChecker - Bean 'spring.datasource-org.springframework.boot.autoconfigure.jdbc.DataSourceProperties' of type [org.springframework.boot.autoconfigure.jdbc.DataSourceProperties] is not eligible for getting processed by all BeanPostProcessors (for example: not eligible for auto-proxying). Is this bean getting eagerly injected into a currently created BeanPostProcessor [vectorDatabaseDecorator]? Check the corresponding BeanPostProcessor declaration and its dependencies.
15:26:33.339 [main] WARN  o.s.c.s.PostProcessorRegistrationDelegate$BeanPostProcessorChecker - Bean 'org.springframework.boot.autoconfigure.jdbc.DataSourceAutoConfiguration$PooledDataSourceConfiguration' of type [org.springframework.boot.autoconfigure.jdbc.DataSourceAutoConfiguration$PooledDataSourceConfiguration] is not eligible for getting processed by all BeanPostProcessors (for example: not eligible for auto-proxying). Is this bean getting eagerly injected into a currently created BeanPostProcessor [vectorDatabaseDecorator]? Check the corresponding BeanPostProcessor declaration and its dependencies.
15:26:33.342 [main] WARN  o.s.c.s.PostProcessorRegistrationDelegate$BeanPostProcessorChecker - Bean 'jdbcConnectionDetails' of type [org.springframework.boot.autoconfigure.jdbc.PropertiesJdbcConnectionDetails] is not eligible for getting processed by all BeanPostProcessors (for example: not eligible for auto-proxying). Is this bean getting eagerly injected into a currently created BeanPostProcessor [vectorDatabaseDecorator]? Check the corresponding BeanPostProcessor declaration and its dependencies.
15:26:33.374 [main] WARN  o.s.c.s.PostProcessorRegistrationDelegate$BeanPostProcessorChecker - Bean 'dataSource' of type [com.zaxxer.hikari.HikariDataSource] is not eligible for getting processed by all BeanPostProcessors (for example: not eligible for auto-proxying). Is this bean getting eagerly injected into a currently created BeanPostProcessor [vectorDatabaseDecorator]? Check the corresponding BeanPostProcessor declaration and its dependencies.
15:26:33.401 [main] WARN  o.s.c.s.PostProcessorRegistrationDelegate$BeanPostProcessorChecker - Bean 'spring.sql.init-org.springframework.boot.autoconfigure.sql.init.SqlInitializationProperties' of type [org.springframework.boot.autoconfigure.sql.init.SqlInitializationProperties] is not eligible for getting processed by all BeanPostProcessors (for example: not eligible for auto-proxying). Is this bean getting eagerly injected into a currently created BeanPostProcessor [vectorDatabaseDecorator]? Check the corresponding BeanPostProcessor declaration and its dependencies.
15:26:33.410 [main] WARN  o.s.c.s.PostProcessorRegistrationDelegate$BeanPostProcessorChecker - Bean 'dataSourceScriptDatabaseInitializer' of type [org.springframework.boot.autoconfigure.sql.init.SqlDataSourceScriptDatabaseInitializer] is not eligible for getting processed by all BeanPostProcessors (for example: not eligible for auto-proxying). Is this bean getting eagerly injected into a currently created BeanPostProcessor [vectorDatabaseDecorator]? Check the corresponding BeanPostProcessor declaration and its dependencies.
15:26:33.422 [main] WARN  o.s.c.s.PostProcessorRegistrationDelegate$BeanPostProcessorChecker - Bean 'spring.jpa-org.springframework.boot.autoconfigure.orm.jpa.JpaProperties' of type [org.springframework.boot.autoconfigure.orm.jpa.JpaProperties] is not eligible for getting processed by all BeanPostProcessors (for example: not eligible for auto-proxying). Is this bean getting eagerly injected into a currently created BeanPostProcessor [vectorDatabaseDecorator]? Check the corresponding BeanPostProcessor declaration and its dependencies.
15:26:33.428 [main] WARN  o.s.c.s.PostProcessorRegistrationDelegate$BeanPostProcessorChecker - Bean 'spring.jpa.hibernate-org.springframework.boot.autoconfigure.orm.jpa.HibernateProperties' of type [org.springframework.boot.autoconfigure.orm.jpa.HibernateProperties] is not eligible for getting processed by all BeanPostProcessors (for example: not eligible for auto-proxying). Is this bean getting eagerly injected into a currently created BeanPostProcessor [vectorDatabaseDecorator]? Check the corresponding BeanPostProcessor declaration and its dependencies.
15:26:33.435 [main] WARN  o.s.c.s.PostProcessorRegistrationDelegate$BeanPostProcessorChecker - Bean 'org.springframework.boot.autoconfigure.jdbc.metadata.DataSourcePoolMetadataProvidersConfiguration$HikariPoolDataSourceMetadataProviderConfiguration' of type [org.springframework.boot.autoconfigure.jdbc.metadata.DataSourcePoolMetadataProvidersConfiguration$HikariPoolDataSourceMetadataProviderConfiguration] is not eligible for getting processed by all BeanPostProcessors (for example: not eligible for auto-proxying). Is this bean getting eagerly injected into a currently created BeanPostProcessor [vectorDatabaseDecorator]? Check the corresponding BeanPostProcessor declaration and its dependencies.
15:26:33.438 [main] WARN  o.s.c.s.PostProcessorRegistrationDelegate$BeanPostProcessorChecker - Bean 'hikariPoolDataSourceMetadataProvider' of type [org.springframework.boot.autoconfigure.jdbc.metadata.DataSourcePoolMetadataProvidersConfiguration$HikariPoolDataSourceMetadataProviderConfiguration$$Lambda/0x00000007c06f3368] is not eligible for getting processed by all BeanPostProcessors (for example: not eligible for auto-proxying). Is this bean getting eagerly injected into a currently created BeanPostProcessor [vectorDatabaseDecorator]? Check the corresponding BeanPostProcessor declaration and its dependencies.
15:26:33.449 [main] WARN  o.s.c.s.PostProcessorRegistrationDelegate$BeanPostProcessorChecker - Bean 'org.springframework.boot.autoconfigure.orm.jpa.HibernateJpaConfiguration' of type [org.springframework.boot.autoconfigure.orm.jpa.HibernateJpaConfiguration] is not eligible for getting processed by all BeanPostProcessors (for example: not eligible for auto-proxying). Is this bean getting eagerly injected into a currently created BeanPostProcessor [vectorDatabaseDecorator]? Check the corresponding BeanPostProcessor declaration and its dependencies.
15:26:33.471 [main] WARN  o.s.c.s.PostProcessorRegistrationDelegate$BeanPostProcessorChecker - Bean 'jpaVendorAdapter' of type [org.springframework.orm.jpa.vendor.HibernateJpaVendorAdapter] is not eligible for getting processed by all BeanPostProcessors (for example: not eligible for auto-proxying). Is this bean getting eagerly injected into a currently created BeanPostProcessor [vectorDatabaseDecorator]? Check the corresponding BeanPostProcessor declaration and its dependencies.
15:26:33.481 [main] WARN  o.s.c.s.PostProcessorRegistrationDelegate$BeanPostProcessorChecker - Bean 'entityManagerFactoryBuilder' of type [org.springframework.boot.orm.jpa.EntityManagerFactoryBuilder] is not eligible for getting processed by all BeanPostProcessors (for example: not eligible for auto-proxying). Is this bean getting eagerly injected into a currently created BeanPostProcessor [vectorDatabaseDecorator]? Check the corresponding BeanPostProcessor declaration and its dependencies.
15:26:33.494 [main] WARN  o.s.c.s.PostProcessorRegistrationDelegate$BeanPostProcessorChecker - Bean 'persistenceManagedTypes' of type [org.springframework.orm.jpa.persistenceunit.SimplePersistenceManagedTypes] is not eligible for getting processed by all BeanPostProcessors (for example: not eligible for auto-proxying). Is this bean getting eagerly injected into a currently created BeanPostProcessor [vectorDatabaseDecorator]? Check the corresponding BeanPostProcessor declaration and its dependencies.
15:26:33.534 [main] INFO  o.h.jpa.internal.util.LogHelper - HHH000204: Processing PersistenceUnitInfo [name: default]
15:26:33.592 [main] INFO  org.hibernate.Version - HHH000412: Hibernate ORM core version 6.3.1.Final
15:26:33.630 [main] INFO  o.h.c.i.RegionFactoryInitiator - HHH000026: Second-level cache disabled
15:26:33.851 [main] INFO  o.s.o.j.p.SpringPersistenceUnitInfo - No LoadTimeWeaver setup: ignoring JPA class transformer
15:26:33.883 [main] INFO  com.zaxxer.hikari.HikariDataSource - HikariCP-Test - Starting...
15:26:34.043 [main] INFO  com.zaxxer.hikari.pool.HikariPool - HikariCP-Test - Added connection conn0: url=jdbc:h2:mem:testdb user=SA
15:26:34.044 [main] INFO  com.zaxxer.hikari.HikariDataSource - HikariCP-Test - Start completed.
15:26:34.067 [main] WARN  org.hibernate.orm.deprecation - HHH90000025: H2Dialect does not need to be specified explicitly using 'hibernate.dialect' (remove the property setting and it will be selected by default)
15:26:34.311 [main] WARN  o.s.c.s.PostProcessorRegistrationDelegate$BeanPostProcessorChecker - Bean 'com.ai.infrastructure.migration.domain.converter.MigrationFiltersConverter' of type [com.ai.infrastructure.migration.domain.converter.MigrationFiltersConverter] is not eligible for getting processed by all BeanPostProcessors (for example: not eligible for auto-proxying). Is this bean getting eagerly injected into a currently created BeanPostProcessor [vectorDatabaseDecorator]? Check the corresponding BeanPostProcessor declaration and its dependencies.
15:26:35.276 [main] INFO  o.h.e.t.j.p.i.JtaPlatformInitiator - HHH000489: No JTA platform available (set 'hibernate.transaction.jta.platform' to enable JTA platform integration)
15:26:35.333 [main] INFO  o.s.o.j.LocalContainerEntityManagerFactoryBean - Initialized JPA EntityManagerFactory for persistence unit 'default'
15:26:35.337 [main] WARN  o.s.c.s.PostProcessorRegistrationDelegate$BeanPostProcessorChecker - Bean 'entityManagerFactory' of type [org.springframework.orm.jpa.LocalContainerEntityManagerFactoryBean] is not eligible for getting processed by all BeanPostProcessors (for example: not eligible for auto-proxying). Is this bean getting eagerly injected into a currently created BeanPostProcessor [vectorDatabaseDecorator]? Check the corresponding BeanPostProcessor declaration and its dependencies.
15:26:35.350 [main] WARN  o.s.c.s.PostProcessorRegistrationDelegate$BeanPostProcessorChecker - Bean 'entityManagerFactory' of type [jdk.proxy2.$Proxy158] is not eligible for getting processed by all BeanPostProcessors (for example: not eligible for auto-proxying). Is this bean getting eagerly injected into a currently created BeanPostProcessor [vectorDatabaseDecorator]? Check the corresponding BeanPostProcessor declaration and its dependencies.
15:26:35.396 [main] WARN  o.s.c.s.PostProcessorRegistrationDelegate$BeanPostProcessorChecker - Bean 'jpaSharedEM_entityManagerFactory' of type [jdk.proxy2.$Proxy159] is not eligible for getting processed by all BeanPostProcessors (for example: not eligible for auto-proxying). Is this bean getting eagerly injected into a currently created BeanPostProcessor [vectorDatabaseDecorator]? Check the corresponding BeanPostProcessor declaration and its dependencies.
15:26:35.459 [main] WARN  o.s.c.s.PostProcessorRegistrationDelegate$BeanPostProcessorChecker - Bean 'jpaMappingContext' of type [org.springframework.data.jpa.repository.config.JpaMetamodelMappingContextFactoryBean] is not eligible for getting processed by all BeanPostProcessors (for example: not eligible for auto-proxying). Is this bean getting eagerly injected into a currently created BeanPostProcessor [vectorDatabaseDecorator]? Check the corresponding BeanPostProcessor declaration and its dependencies.
15:26:35.465 [main] WARN  o.s.c.s.PostProcessorRegistrationDelegate$BeanPostProcessorChecker - Bean 'jpaMappingContext' of type [org.springframework.data.jpa.mapping.JpaMetamodelMappingContext] is not eligible for getting processed by all BeanPostProcessors (for example: not eligible for auto-proxying). Is this bean getting eagerly injected into a currently created BeanPostProcessor [vectorDatabaseDecorator]? Check the corresponding BeanPostProcessor declaration and its dependencies.
15:26:35.764 [main] INFO  o.s.d.j.r.query.QueryEnhancerFactory - Hibernate is in classpath; If applicable, HQL parser will be used.
15:26:36.254 [main] WARN  o.s.c.s.PostProcessorRegistrationDelegate$BeanPostProcessorChecker - Bean 'AISearchableEntityRepository' of type [org.springframework.data.jpa.repository.support.JpaRepositoryFactoryBean] is not eligible for getting processed by all BeanPostProcessors (for example: not eligible for auto-proxying). Is this bean getting eagerly injected into a currently created BeanPostProcessor [vectorDatabaseDecorator]? Check the corresponding BeanPostProcessor declaration and its dependencies.
15:26:36.267 [main] WARN  o.s.c.s.PostProcessorRegistrationDelegate$BeanPostProcessorChecker - Bean 'AISearchableEntityRepository' of type [jdk.proxy2.$Proxy166] is not eligible for getting processed by all BeanPostProcessors (for example: not eligible for auto-proxying). Is this bean getting eagerly injected into a currently created BeanPostProcessor [vectorDatabaseDecorator]? Check the corresponding BeanPostProcessor declaration and its dependencies.
15:26:36.297 [main] INFO  c.a.i.c.AISearchableStorageStrategyAutoConfiguration - Using SINGLE_TABLE storage strategy
15:26:36.298 [main] WARN  o.s.c.s.PostProcessorRegistrationDelegate$BeanPostProcessorChecker - Bean 'singleTableStorageStrategy' of type [com.ai.infrastructure.storage.strategy.SingleTableStorageStrategy] is not eligible for getting processed by all BeanPostProcessors (for example: not eligible for auto-proxying). Is this bean getting eagerly injected into a currently created BeanPostProcessor [vectorDatabaseDecorator]? Check the corresponding BeanPostProcessor declaration and its dependencies.
15:26:36.308 [main] INFO  c.a.i.c.AIEntityConfigurationLoader - Loading AI entity configuration from: ai-entity-config-realapi.yml
15:26:36.313 [main] INFO  c.a.i.c.AIEntityConfigurationLoader - Found 4 entities in configuration
15:26:36.313 [main] INFO  c.a.i.c.AIEntityConfigurationLoader - Processing entity type: product with config keys: [features, enable-search, auto-embedding, indexable, searchable-fields]
15:26:36.314 [main] INFO  c.a.i.c.AIEntityConfigurationLoader - No metadata-fields found for entity product
15:26:36.315 [main] INFO  c.a.i.c.AIEntityConfigurationLoader - Processing entity type: test-product with config keys: [features, enable-search, auto-embedding, indexable, searchable-fields, embeddable-fields, metadata-fields]
15:26:36.315 [main] INFO  c.a.i.c.AIEntityConfigurationLoader - Found 3 metadata fields for entity test-product
15:26:36.316 [main] INFO  c.a.i.c.AIEntityConfigurationLoader - Successfully parsed 3 metadata fields
15:26:36.316 [main] INFO  c.a.i.c.AIEntityConfigurationLoader - Processing entity type: test-article with config keys: [features, enable-search, auto-embedding, indexable, searchable-fields, embeddable-fields, metadata-fields]
15:26:36.316 [main] INFO  c.a.i.c.AIEntityConfigurationLoader - Found 3 metadata fields for entity test-article
15:26:36.316 [main] INFO  c.a.i.c.AIEntityConfigurationLoader - Successfully parsed 3 metadata fields
15:26:36.316 [main] INFO  c.a.i.c.AIEntityConfigurationLoader - Processing entity type: test-user with config keys: [features, enable-search, auto-embedding, indexable, searchable-fields, embeddable-fields, metadata-fields]
15:26:36.316 [main] INFO  c.a.i.c.AIEntityConfigurationLoader - Found 3 metadata fields for entity test-user
15:26:36.316 [main] INFO  c.a.i.c.AIEntityConfigurationLoader - Successfully parsed 3 metadata fields
15:26:36.316 [main] INFO  c.a.i.c.AIEntityConfigurationLoader - Successfully loaded configuration for 4 entities
15:26:36.316 [main] WARN  o.s.c.s.PostProcessorRegistrationDelegate$BeanPostProcessorChecker - Bean 'AIEntityConfigurationLoader' of type [com.ai.infrastructure.config.AIEntityConfigurationLoader] is not eligible for getting processed by all BeanPostProcessors (for example: not eligible for auto-proxying). Is this bean getting eagerly injected into a currently created BeanPostProcessor [vectorDatabaseDecorator]? Check the corresponding BeanPostProcessor declaration and its dependencies.
15:26:36.458 [main] INFO  c.a.i.provider.AIProviderManager - Initializing AI Provider Manager with 4 providers
15:26:36.459 [main] INFO  c.a.i.provider.AIProviderManager - AI Provider Manager initialized successfully
15:26:36.463 [main] INFO  c.a.i.i.p.TestProviderManagerInitializer - Initializing AIProviderManager for integration tests
15:26:36.463 [main] INFO  c.a.i.provider.AIProviderManager - Initializing AI Provider Manager with 4 providers
15:26:36.463 [main] INFO  c.a.i.provider.AIProviderManager - AI Provider Manager initialized successfully
15:26:36.917 [main] INFO  c.a.i.p.onnx.ONNXAutoConfiguration - Creating ONNX Embedding Provider (primary/default)
15:26:36.918 [main] WARN  c.a.i.p.onnx.ONNXAutoConfiguration - WARNING: ONNX Embedding Provider is not available. Model file may be missing.
15:26:36.919 [main] WARN  c.a.i.p.onnx.ONNXAutoConfiguration - Please ensure the ONNX model file exists at: classpath:/models/embeddings/all-MiniLM-L6-v2.onnx
15:26:36.922 [main] INFO  c.a.i.p.onnx.ONNXEmbeddingProvider - ========================================
15:26:36.922 [main] INFO  c.a.i.p.onnx.ONNXEmbeddingProvider - Initializing ONNX Embedding Provider
15:26:36.922 [main] INFO  c.a.i.p.onnx.ONNXEmbeddingProvider - Model path: classpath:/models/embeddings/all-MiniLM-L6-v2.onnx
15:26:36.922 [main] INFO  c.a.i.p.onnx.ONNXEmbeddingProvider - Tokenizer path: classpath:/models/embeddings/tokenizer.json
15:26:36.922 [main] INFO  c.a.i.p.onnx.ONNXEmbeddingProvider - Current working directory: /home/runner/work/AI-Fabric-Framework/AI-Fabric-Framework/ai-infrastructure-module/integration-Testing/integration-tests
15:26:36.922 [main] INFO  c.a.i.p.onnx.ONNXEmbeddingProvider - ========================================
15:26:37.467 [main] INFO  c.a.i.p.onnx.ONNXEmbeddingProvider - Model file resolved to: /tmp/onnx-model-10306523674818904421.onnx
15:26:37.569 [main] INFO  c.a.i.p.onnx.ONNXEmbeddingProvider - Using CPU for ONNX inference
15:26:37.730 [main] INFO  c.a.i.p.onnx.ONNXEmbeddingProvider - Model input names: [input_ids, attention_mask, token_type_ids]
15:26:37.730 [main] INFO  c.a.i.p.onnx.ONNXEmbeddingProvider -   Input: input_ids - TensorInfo(javaType=INT64,onnxType=ONNX_TENSOR_ELEMENT_DATA_TYPE_INT64,shape=[-1, -1])
15:26:37.730 [main] INFO  c.a.i.p.onnx.ONNXEmbeddingProvider -   Input: attention_mask - TensorInfo(javaType=INT64,onnxType=ONNX_TENSOR_ELEMENT_DATA_TYPE_INT64,shape=[-1, -1])
15:26:37.730 [main] INFO  c.a.i.p.onnx.ONNXEmbeddingProvider -   Input: token_type_ids - TensorInfo(javaType=INT64,onnxType=ONNX_TENSOR_ELEMENT_DATA_TYPE_INT64,shape=[-1, -1])
15:26:37.730 [main] INFO  c.a.i.p.onnx.ONNXEmbeddingProvider - Detected embedding dimension: 384
15:26:37.733 [main] WARN  c.a.i.p.onnx.ONNXEmbeddingProvider - Hugging Face tokenizers library not found on classpath. Falling back to legacy tokenization.
15:26:37.734 [main] INFO  c.a.i.p.onnx.ONNXEmbeddingProvider - ONNX Embedding Provider initialized successfully with model: /tmp/onnx-model-10306523674818904421.onnx
15:26:37.742 [main] INFO  c.a.i.c.AIInfrastructureAutoConfiguration - Creating AIEmbeddingService with embedding provider 'onnx' (requested 'onnx')
15:26:37.790 [main] INFO  c.a.i.cache.AICacheConfig - AI Cache Manager configured with max size 30 and TTL PT1H
15:26:37.825 [main] INFO  c.a.i.v.l.LuceneVectorDatabaseService - Initializing Lucene Vector Database at: ./data/lucene-vector-index
15:26:37.856 [main] INFO  o.a.l.s.MemorySegmentIndexInputProvider - Using MemorySegmentIndexInput with Java 21 or later; to disable start with -Dorg.apache.lucene.store.MMapDirectory.enableMemorySegments=false
15:26:37.991 [main] INFO  c.a.i.v.l.LuceneVectorDatabaseService - Lucene Vector Database initialized successfully
15:26:38.022 [main] INFO  c.a.i.service.AICapabilityService - AICapabilityService initialized with configurationLoader: present
15:26:38.023 [main] INFO  c.a.i.service.AICapabilityService - Configuration loader supports entity types: [product, test-product, test-article, test-user]
15:26:38.276 [main] INFO  c.a.i.p.pii.PIIDetectionService - PII detection initialized: enabled=true, mode=DETECT_ONLY, patterns=4
15:26:38.311 [main] INFO  c.a.i.i.action.ActionHandlerRegistry - ActionHandlerRegistry initialized with 2 action handler(s)
15:26:38.455 [main] INFO  c.a.i.i.o.p.DefaultOrchestrationPipeline - [Pipeline] Initialized with 11 steps: SecurityAnalysis → AccessControl → PIIDetection → ComplianceCheck → IntentExtraction → IntentHandling → OrchestrationResultNormalization → MetadataBuilding → SmartSuggestions → ResponseSanitization → HistoryPersistence
15:26:38.841 [main] INFO  c.a.i.m.s.EntityRepositoryRegistry - Registered migration repository $Proxy174 for entity type product
15:26:38.852 [main] INFO  c.a.i.m.s.EntityRepositoryRegistry - Registered migration repository $Proxy180 for entity type product
15:26:39.000 [main] INFO  c.a.i.v.AIProviderConfigValidator - AI provider configuration validation successful
15:26:39.010 [main] INFO  c.a.i.r.config.RAGAutoConfiguration - AdvancedRAGService created with RAGProvider integration
15:26:40.381 [main] INFO  o.s.b.a.e.web.EndpointLinksResolver - Exposing 2 endpoint(s) beneath base path '/actuator'
15:26:40.523 [main] INFO  c.a.i.it.RealAPIIntegrationTest - Started RealAPIIntegrationTest in 9.988 seconds (process running for 11.54)
15:26:40.775 [main] INFO  c.a.i.s.a.TableAutoCreationService - Detected database type: H2
🔄 Testing Real AI End-to-End Workflow...
15:26:41.716 [main] WARN  o.a.l.i.v.VectorizationProvider - Java vector incubator module is not readable. For optimal vector performance, pass '--add-modules jdk.incubator.vector' to enable Vector API.
15:26:42.144 [main] INFO  c.a.i.provider.openai.OpenAIProvider - === OPENAI API REQUEST ===
15:26:42.145 [main] INFO  c.a.i.provider.openai.OpenAIProvider - OpenAI API request: url=https://api.openai.com/v1/chat/completions, model=gpt-4o-mini, temperature=0.0, topP=0.1, maxTokens=1000, messages=1
15:26:42.145 [main] INFO  c.a.i.provider.openai.OpenAIProvider - OpenAI API request message[0]: role=user, contentLength=175, contentSnippet=Analyze this test-product content: AI-Powered Fitness Tracker Smart fitness tracker with AI-driven health insights, workout recommendations, and sleep analysis Wearables FitAI
15:26:42.145 [main] INFO  c.a.i.provider.openai.OpenAIProvider - === END OPENAI API REQUEST ===
15:26:54.107 [main] INFO  c.a.i.provider.openai.OpenAIProvider - === OPENAI API RESPONSE ===
15:26:54.107 [main] INFO  c.a.i.provider.openai.OpenAIProvider - OpenAI API response: responseTimeMs=11965, model=gpt-4o-mini-2024-07-18, finishReason=stop, contentLength=3129
15:26:54.107 [main] INFO  c.a.i.provider.openai.OpenAIProvider - OpenAI API response contentSnippet=The test-product content for the AI-Powered Fitness Tracker, branded as FitAI, presents a compelling overview of its features and benefits. Here’s a detailed analysis:

### Product Overview
- **Name**: FitAI
- **Type**: Smart Fitness Tracker
- **Key Features**:
  - AI-driven health insights
  - Workout recommendations
  - Sleep analysis

### Strengths
1. **AI Integration**: The emphasis on AI suggests that the product is designed to provide personalized insights, which can enhance user experienc
15:26:54.107 [main] INFO  c.a.i.provider.openai.OpenAIProvider - === END OPENAI API RESPONSE ===
15:26:54.505 [main] INFO  c.a.i.provider.openai.OpenAIProvider - === OPENAI API REQUEST ===
15:26:54.505 [main] INFO  c.a.i.provider.openai.OpenAIProvider - OpenAI API request: url=https://api.openai.com/v1/chat/completions, model=gpt-4o-mini, temperature=0.0, topP=0.1, maxTokens=1000, messages=1
15:26:54.505 [main] INFO  c.a.i.provider.openai.OpenAIProvider - OpenAI API request message[0]: role=user, contentLength=167, contentSnippet=Analyze this test-product content: Smart Home Security System Complete home security system with AI-powered facial recognition and motion detection Security SecureHome
15:26:54.505 [main] INFO  c.a.i.provider.openai.OpenAIProvider - === END OPENAI API REQUEST ===
15:27:04.188 [main] INFO  c.a.i.provider.openai.OpenAIProvider - === OPENAI API RESPONSE ===
15:27:04.188 [main] INFO  c.a.i.provider.openai.OpenAIProvider - OpenAI API response: responseTimeMs=9683, model=gpt-4o-mini-2024-07-18, finishReason=stop, contentLength=2598
15:27:04.188 [main] INFO  c.a.i.provider.openai.OpenAIProvider - OpenAI API response contentSnippet=The content provided describes a product called "SecureHome," which is a smart home security system. Here’s an analysis of the key components:

### Product Overview
- **Name**: SecureHome
- **Type**: Smart Home Security System
- **Features**:
  - **AI-Powered Facial Recognition**: This feature suggests that the system can identify individuals based on their facial features, enhancing security by allowing only recognized individuals access to the home.
  - **Motion Detection**: This feature indic
15:27:04.188 [main] INFO  c.a.i.provider.openai.OpenAIProvider - === END OPENAI API RESPONSE ===
15:27:04.531 [main] INFO  c.a.i.provider.openai.OpenAIProvider - === OPENAI API REQUEST ===
15:27:04.531 [main] INFO  c.a.i.provider.openai.OpenAIProvider - OpenAI API request: url=https://api.openai.com/v1/chat/completions, model=gpt-4o-mini, temperature=0.0, topP=0.1, maxTokens=1000, messages=1
15:27:04.531 [main] INFO  c.a.i.provider.openai.OpenAIProvider - OpenAI API request message[0]: role=user, contentLength=120, contentSnippet=Analyze this test-product content: Traditional Desk Lamp Simple desk lamp with adjustable brightness Furniture LightCorp
15:27:04.531 [main] INFO  c.a.i.provider.openai.OpenAIProvider - === END OPENAI API REQUEST ===
15:27:12.354 [main] INFO  c.a.i.provider.openai.OpenAIProvider - === OPENAI API RESPONSE ===
15:27:12.354 [main] INFO  c.a.i.provider.openai.OpenAIProvider - OpenAI API response: responseTimeMs=7823, model=gpt-4o-mini-2024-07-18, finishReason=stop, contentLength=2390
15:27:12.354 [main] INFO  c.a.i.provider.openai.OpenAIProvider - OpenAI API response contentSnippet=The content provided describes a product—a traditional desk lamp—offered by a company named Furniture LightCorp. Here’s an analysis of the key elements:

### Product Description
1. **Type**: The product is identified as a "traditional desk lamp," which suggests a classic design that may appeal to consumers looking for a timeless aesthetic.
  
2. **Features**:
   - **Adjustable Brightness**: This feature indicates versatility, allowing users to customize the light intensity according to their nee
15:27:12.354 [main] INFO  c.a.i.provider.openai.OpenAIProvider - === END OPENAI API RESPONSE ===
✅ Real AI End-to-End Workflow Test Passed
   - Catalog items processed: 3
   - AI-related products: 2
   - Smart products: 2
   - Security products: 1
   - All products have vector IDs: true
🧠 Testing Real AI Content Analysis...
15:27:12.758 [main] INFO  c.a.i.provider.openai.OpenAIProvider - === OPENAI API REQUEST ===
15:27:12.758 [main] INFO  c.a.i.provider.openai.OpenAIProvider - OpenAI API request: url=https://api.openai.com/v1/chat/completions, model=gpt-4o-mini, temperature=0.0, topP=0.1, maxTokens=1000, messages=1
15:27:12.758 [main] INFO  c.a.i.provider.openai.OpenAIProvider - OpenAI API request message[0]: role=user, contentLength=210, contentSnippet=Analyze this test-product content: Machine Learning Development Kit Complete toolkit for building and deploying machine learning models with pre-trained algorithms and cloud integration Development Tools MLCorp
15:27:12.758 [main] INFO  c.a.i.provider.openai.OpenAIProvider - === END OPENAI API REQUEST ===
15:27:21.736 [main] INFO  c.a.i.provider.openai.OpenAIProvider - === OPENAI API RESPONSE ===
15:27:21.736 [main] INFO  c.a.i.provider.openai.OpenAIProvider - OpenAI API response: responseTimeMs=8978, model=gpt-4o-mini-2024-07-18, finishReason=stop, contentLength=2890
15:27:21.736 [main] INFO  c.a.i.provider.openai.OpenAIProvider - OpenAI API response contentSnippet=The provided content describes a product called the "Machine Learning Development Kit" (MLDK), which is aimed at developers and organizations looking to build and deploy machine learning models. Here’s a detailed analysis of the content:

### Product Overview
- **Name**: Machine Learning Development Kit (MLDK)
- **Purpose**: The kit is designed to facilitate the development and deployment of machine learning models.
- **Key Features**:
  - **Complete Toolkit**: Implies that it includes all neces
15:27:21.736 [main] INFO  c.a.i.provider.openai.OpenAIProvider - === END OPENAI API RESPONSE ===
15:27:22.130 [main] INFO  c.a.i.provider.openai.OpenAIProvider - === OPENAI API REQUEST ===
15:27:22.131 [main] INFO  c.a.i.provider.openai.OpenAIProvider - OpenAI API request: url=https://api.openai.com/v1/chat/completions, model=gpt-4o-mini, temperature=0.0, topP=0.1, maxTokens=1000, messages=1
15:27:22.131 [main] INFO  c.a.i.provider.openai.OpenAIProvider - OpenAI API request message[0]: role=user, contentLength=131, contentSnippet=Analyze this test-product content: Traditional Calculator Basic calculator for simple arithmetic operations Office Supplies CalcInc
15:27:22.131 [main] INFO  c.a.i.provider.openai.OpenAIProvider - === END OPENAI API REQUEST ===
15:27:29.782 [main] INFO  c.a.i.provider.openai.OpenAIProvider - === OPENAI API RESPONSE ===
15:27:29.782 [main] INFO  c.a.i.provider.openai.OpenAIProvider - OpenAI API response: responseTimeMs=7652, model=gpt-4o-mini-2024-07-18, finishReason=stop, contentLength=2110
15:27:29.782 [main] INFO  c.a.i.provider.openai.OpenAIProvider - OpenAI API response contentSnippet=The content provided appears to be a brief description of a product, specifically a traditional calculator designed for basic arithmetic operations. Here’s an analysis of the key components:

1. **Product Type**: The term "Traditional Calculator" indicates that this product is likely a standard, non-digital calculator, which may appeal to users who prefer a straightforward, no-frills approach to calculations.

2. **Functionality**: The phrase "Basic calculator for simple arithmetic operations" s
15:27:29.782 [main] INFO  c.a.i.provider.openai.OpenAIProvider - === END OPENAI API RESPONSE ===
15:27:30.092 [main] INFO  c.a.i.provider.openai.OpenAIProvider - === OPENAI API REQUEST ===
15:27:30.092 [main] INFO  c.a.i.provider.openai.OpenAIProvider - OpenAI API request: url=https://api.openai.com/v1/chat/completions, model=gpt-4o-mini, temperature=0.0, topP=0.1, maxTokens=1000, messages=1
15:27:30.093 [main] INFO  c.a.i.provider.openai.OpenAIProvider - OpenAI API request message[0]: role=user, contentLength=200, contentSnippet=Analyze this test-product content: AI-Powered Analytics Platform Advanced analytics platform that uses artificial intelligence to provide insights, predictions, and automated reporting Software DataAI
15:27:30.093 [main] INFO  c.a.i.provider.openai.OpenAIProvider - === END OPENAI API REQUEST ===
15:27:37.910 [main] INFO  c.a.i.provider.openai.OpenAIProvider - === OPENAI API RESPONSE ===
15:27:37.910 [main] INFO  c.a.i.provider.openai.OpenAIProvider - OpenAI API response: responseTimeMs=7818, model=gpt-4o-mini-2024-07-18, finishReason=stop, contentLength=2532
15:27:37.910 [main] INFO  c.a.i.provider.openai.OpenAIProvider - OpenAI API response contentSnippet=The content provided describes an AI-powered analytics platform named "DataAI." Here’s a detailed analysis of the key components:

### 1. **Product Overview**
   - **Type**: Advanced analytics platform
   - **Technology**: Utilizes artificial intelligence
   - **Core Functions**: Provides insights, predictions, and automated reporting

### 2. **Key Features**
   - **Insights**: The platform likely offers data visualization and interpretation tools that help users understand complex data sets.
  
15:27:37.911 [main] INFO  c.a.i.provider.openai.OpenAIProvider - === END OPENAI API RESPONSE ===
✅ Real AI Content Analysis Test Passed
   - Total products processed: 3
   - AI-related results: 1
   - ML-related results: 1
   - Analytics results: 1
15:27:38.332 [main] INFO  c.a.i.provider.openai.OpenAIProvider - === OPENAI API REQUEST ===
15:27:38.333 [main] INFO  c.a.i.provider.openai.OpenAIProvider - OpenAI API request: url=https://api.openai.com/v1/chat/completions, model=gpt-4o-mini, temperature=0.0, topP=0.1, maxTokens=1000, messages=1
15:27:38.333 [main] INFO  c.a.i.provider.openai.OpenAIProvider - OpenAI API request message[0]: role=user, contentLength=374, contentSnippet=Analyze this test-product content: AI-Powered Fitness Tracker The FitAI tracker provides personalised workout guidance and refund support.
Refund policy: Customers can request a refund within 30 days of purchase and
the finance team processes approved refunds within 5-7 business days.
Contact support for secure card handling; never store raw card numbers.
 Wearables FitAI
15:27:38.333 [main] INFO  c.a.i.provider.openai.OpenAIProvider - === END OPENAI API REQUEST ===
15:27:48.545 [main] INFO  c.a.i.provider.openai.OpenAIProvider - === OPENAI API RESPONSE ===
15:27:48.545 [main] INFO  c.a.i.provider.openai.OpenAIProvider - OpenAI API response: responseTimeMs=10212, model=gpt-4o-mini-2024-07-18, finishReason=stop, contentLength=3025
15:27:48.545 [main] INFO  c.a.i.provider.openai.OpenAIProvider - OpenAI API response contentSnippet=The content provided outlines key features and policies related to the FitAI fitness tracker, which is powered by artificial intelligence. Here’s a detailed analysis of the content:

### Product Overview
- **Product Name**: FitAI Tracker
- **Core Functionality**: The tracker offers personalized workout guidance, suggesting that it uses AI to tailor fitness plans to individual users. This feature is likely to appeal to fitness enthusiasts looking for customized solutions to meet their health and 
15:27:48.545 [main] INFO  c.a.i.provider.openai.OpenAIProvider - === END OPENAI API RESPONSE ===
15:27:48.842 [main] INFO  c.a.i.provider.openai.OpenAIProvider - === OPENAI API REQUEST ===
15:27:48.843 [main] INFO  c.a.i.provider.openai.OpenAIProvider - OpenAI API request: url=https://api.openai.com/v1/chat/completions, model=gpt-4o-mini, temperature=0.0, topP=0.1, maxTokens=1000, messages=1
15:27:48.843 [main] INFO  c.a.i.provider.openai.OpenAIProvider - OpenAI API request message[0]: role=user, contentLength=455, contentSnippet=Analyze this test-product content: FAQ: Refund Policy Our refund policy allows customers to request a refund within 30 days of purchase.
Once submitted, the finance team processes approved refunds within 5-7 business days.
Refunds can be issued to the original payment method or as store credit.
For international purchases, please allow additional time for banking processes.
We maintain a zero-questions-asked policy for defective products.
 FAQ Support
15:27:48.843 [main] INFO  c.a.i.provider.openai.OpenAIProvider - === END OPENAI API REQUEST ===
15:27:56.065 [main] INFO  c.a.i.provider.openai.OpenAIProvider - === OPENAI API RESPONSE ===
15:27:56.065 [main] INFO  c.a.i.provider.openai.OpenAIProvider - OpenAI API response: responseTimeMs=7223, model=gpt-4o-mini-2024-07-18, finishReason=stop, contentLength=2294
15:27:56.065 [main] INFO  c.a.i.provider.openai.OpenAIProvider - OpenAI API response contentSnippet=The provided content outlines a refund policy for a product, and it includes several key elements that are important for customer understanding and satisfaction. Here’s an analysis of the content:

### Clarity and Structure
1. **Clear Timeframe**: The policy specifies a 30-day window for customers to request a refund, which is a standard practice and provides clear expectations.
2. **Processing Time**: The mention of a 5-7 business day processing time for approved refunds is helpful, as it sets 
15:27:56.065 [main] INFO  c.a.i.provider.openai.OpenAIProvider - === END OPENAI API RESPONSE ===
15:27:56.359 [main] INFO  c.a.i.provider.openai.OpenAIProvider - === OPENAI API REQUEST ===
15:27:56.360 [main] INFO  c.a.i.provider.openai.OpenAIProvider - OpenAI API request: url=https://api.openai.com/v1/chat/completions, model=gpt-4o-mini, temperature=0.0, topP=0.1, maxTokens=1000, messages=1
15:27:56.360 [main] INFO  c.a.i.provider.openai.OpenAIProvider - OpenAI API request message[0]: role=user, contentLength=507, contentSnippet=Analyze this test-product content: FAQ: Secure Payment & Card Safety We never store raw credit card numbers on our servers.
All payment processing is handled through PCI-DSS compliant payment gateways.
For your security, never share your full credit card number via email or phone.
If you notice unauthorized charges, contact our support team immediately.
We use encryption and tokenization to protect your payment information.
Two-factor authentication is available for added account security.
 FAQ 
15:27:56.360 [main] INFO  c.a.i.provider.openai.OpenAIProvider - === END OPENAI API REQUEST ===
15:28:07.340 [main] INFO  c.a.i.provider.openai.OpenAIProvider - === OPENAI API RESPONSE ===
15:28:07.340 [main] INFO  c.a.i.provider.openai.OpenAIProvider - OpenAI API response: responseTimeMs=10981, model=gpt-4o-mini-2024-07-18, finishReason=stop, contentLength=3506
15:28:07.340 [main] INFO  c.a.i.provider.openai.OpenAIProvider - OpenAI API response contentSnippet=The provided content is a FAQ section focused on secure payment and card safety, which is crucial for building customer trust in e-commerce and online services. Here’s an analysis of the key elements:

### Content Breakdown

1. **Data Security Assurance**:
   - **No Raw Credit Card Storage**: The statement that raw credit card numbers are not stored on servers is a strong security measure. It reassures customers that their sensitive information is not kept in a vulnerable state.
   
2. **Complia
15:28:07.340 [main] INFO  c.a.i.provider.openai.OpenAIProvider - === END OPENAI API RESPONSE ===
15:28:07.344 [main] WARN  c.a.i.i.o.RAGOrchestrator - Using deprecated orchestrate(query, userId). Prefer orchestrate(query, OrchestrationContext).
15:28:07.363 [main] INFO  c.a.i.i.o.p.steps.PIIDetectionStep - PII detected in user query - types: [CREDIT_CARD] (mode: INPUT_REDACTION)
15:28:07.374 [main] INFO  c.a.i.provider.openai.OpenAIProvider - === OPENAI API REQUEST ===
15:28:07.374 [main] INFO  c.a.i.provider.openai.OpenAIProvider - OpenAI API request: url=https://api.openai.com/v1/chat/completions, model=gpt-4o-mini, temperature=0.0, topP=0.1, maxTokens=2000, messages=2
15:28:07.374 [main] INFO  c.a.i.provider.openai.OpenAIProvider - OpenAI API request message[0]: role=system, contentLength=3545, contentSnippet=You are the intent extraction engine powering our Retrieval-Augmented Generation (RAG) assistant.
Analyse the user message and respond with a JSON payload that follows the schema provided below.
Use one call to capture intent, generation need, and optimized query (no extra services).

AVAILABLE ACTIONS:
- No actions are currently registered. Use information intents only.

KNOWLEDGE BASE OVERVIEW:
- Total documents: 3
- Documents by type:
  • test-product: 3
- Last index update: 2026-01-09T15:27:
15:28:07.374 [main] INFO  c.a.i.provider.openai.OpenAIProvider - OpenAI API request message[1]: role=user, contentLength=354, contentSnippet=analyze the following request from a user and extract the user intents from it in the provided format in system prompt

-----------

User's question is :( My corporate credit card 4111-1111-1111-1111 was just charged for the AI-Powered Fitness Tracker.
Please consult the test-product knowledge base and explain our refund policy and next secure steps.
)
15:28:07.374 [main] INFO  c.a.i.provider.openai.OpenAIProvider - === END OPENAI API REQUEST ===
15:28:12.097 [main] INFO  c.a.i.provider.openai.OpenAIProvider - === OPENAI API RESPONSE ===
15:28:12.097 [main] INFO  c.a.i.provider.openai.OpenAIProvider - OpenAI API response: responseTimeMs=4723, model=gpt-4o-mini-2024-07-18, finishReason=stop, contentLength=843
15:28:12.097 [main] INFO  c.a.i.provider.openai.OpenAIProvider - OpenAI API response contentSnippet={
  "intents": [
    {
      "type": "INFORMATION",
      "intent": "refund_policy",
      "confidence": 0.95,
      "action": null,
      "actionParams": {},
      "vectorSpace": "test-product",
      "requiresRetrieval": true,
      "requiresGeneration": true,
      "needsAdvancedRAG": false,
      "optimizedQuery": "refund policy for AI-Powered Fitness Tracker"
    },
    {
      "type": "INFORMATION",
      "intent": "next_steps",
      "confidence": 0.90,
      "action": null,
      "action
15:28:12.097 [main] INFO  c.a.i.provider.openai.OpenAIProvider - === END OPENAI API RESPONSE ===
15:28:12.299 [main] INFO  c.a.i.provider.openai.OpenAIProvider - === OPENAI API REQUEST ===
15:28:12.299 [main] INFO  c.a.i.provider.openai.OpenAIProvider - OpenAI API request: url=https://api.openai.com/v1/chat/completions, model=gpt-4o-mini, temperature=0.0, topP=0.1, maxTokens=1000, messages=1
15:28:12.299 [main] INFO  c.a.i.provider.openai.OpenAIProvider - OpenAI API request message[0]: role=user, contentLength=1056, contentSnippet=Based on the following context, answer the question: refund policy for AI-Powered Fitness Tracker

Context:
Relevant Context:

1. AI-Powered Fitness Tracker The FitAI tracker provides personalised workout guidance and refund support.
Refund policy: Customers can request a refund within 30 days of purchase and
the finance team processes approved refunds within 5-7 business days.
Contact support for secure card handling; never store raw card numbers.
 Wearables FitAI (Score: 0.694)
2. FAQ: Refund 
15:28:12.299 [main] INFO  c.a.i.provider.openai.OpenAIProvider - === END OPENAI API REQUEST ===
15:28:14.712 [main] INFO  c.a.i.provider.openai.OpenAIProvider - === OPENAI API RESPONSE ===
15:28:14.712 [main] INFO  c.a.i.provider.openai.OpenAIProvider - OpenAI API response: responseTimeMs=2413, model=gpt-4o-mini-2024-07-18, finishReason=stop, contentLength=588
15:28:14.712 [main] INFO  c.a.i.provider.openai.OpenAIProvider - OpenAI API response contentSnippet=The refund policy for the AI-Powered Fitness Tracker, FitAI, allows customers to request a refund within 30 days of purchase. Once a refund request is submitted, the finance team will process approved refunds within 5-7 business days. Refunds can be issued to the original payment method or as store credit. For international purchases, customers should allow additional time for banking processes. Additionally, there is a zero-questions-asked policy for defective products. If you need assistance, 
15:28:14.712 [main] INFO  c.a.i.provider.openai.OpenAIProvider - === END OPENAI API RESPONSE ===
15:28:14.838 [main] INFO  c.a.i.provider.openai.OpenAIProvider - === OPENAI API REQUEST ===
15:28:14.838 [main] INFO  c.a.i.provider.openai.OpenAIProvider - OpenAI API request: url=https://api.openai.com/v1/chat/completions, model=gpt-4o-mini, temperature=0.0, topP=0.1, maxTokens=1000, messages=1
15:28:14.838 [main] INFO  c.a.i.provider.openai.OpenAIProvider - OpenAI API request message[0]: role=user, contentLength=1075, contentSnippet=Based on the following context, answer the question: secure steps after being charged for AI-Powered Fitness Tracker

Context:
Relevant Context:

1. AI-Powered Fitness Tracker The FitAI tracker provides personalised workout guidance and refund support.
Refund policy: Customers can request a refund within 30 days of purchase and
the finance team processes approved refunds within 5-7 business days.
Contact support for secure card handling; never store raw card numbers.
 Wearables FitAI (Score: 0.6
15:28:14.838 [main] INFO  c.a.i.provider.openai.OpenAIProvider - === END OPENAI API REQUEST ===
15:28:21.132 [main] INFO  c.a.i.provider.openai.OpenAIProvider - === OPENAI API RESPONSE ===
15:28:21.132 [main] INFO  c.a.i.provider.openai.OpenAIProvider - OpenAI API response: responseTimeMs=6294, model=gpt-4o-mini-2024-07-18, finishReason=stop, contentLength=1226
15:28:21.132 [main] INFO  c.a.i.provider.openai.OpenAIProvider - OpenAI API response contentSnippet=To secure your steps after being charged for the AI-Powered Fitness Tracker, follow these guidelines:

1. **Review the Refund Policy**: If you are considering a refund, remember that you can request it within 30 days of your purchase. Ensure that you submit your refund request promptly.

2. **Contact Support**: If you have any questions or need assistance with the refund process, reach out to customer support. They can provide guidance and help you with secure card handling.

3. **Refund Process
15:28:21.132 [main] INFO  c.a.i.provider.openai.OpenAIProvider - === END OPENAI API RESPONSE ===
15:28:21.139 [main] INFO  c.a.i.p.pii.PIIDetectionService - PII detected - totalDetections=1, mode=DETECT_ONLY, sensitiveFields=credit_card 
🔍 Testing Real AI Semantic Search...
15:28:21.500 [main] INFO  c.a.i.provider.openai.OpenAIProvider - === OPENAI API REQUEST ===
15:28:21.500 [main] INFO  c.a.i.provider.openai.OpenAIProvider - OpenAI API request: url=https://api.openai.com/v1/chat/completions, model=gpt-4o-mini, temperature=0.0, topP=0.1, maxTokens=1000, messages=1
15:28:21.500 [main] INFO  c.a.i.provider.openai.OpenAIProvider - OpenAI API request message[0]: role=user, contentLength=159, contentSnippet=Analyze this test-product content: Wireless Bluetooth Headphones High-quality wireless headphones with noise cancellation and long battery life Audio SoundTech
15:28:21.500 [main] INFO  c.a.i.provider.openai.OpenAIProvider - === END OPENAI API REQUEST ===
15:28:31.740 [main] INFO  c.a.i.provider.openai.OpenAIProvider - === OPENAI API RESPONSE ===
15:28:31.740 [main] INFO  c.a.i.provider.openai.OpenAIProvider - OpenAI API response: responseTimeMs=10240, model=gpt-4o-mini-2024-07-18, finishReason=stop, contentLength=3122
15:28:31.740 [main] INFO  c.a.i.provider.openai.OpenAIProvider - OpenAI API response contentSnippet=The test-product content for the "Wireless Bluetooth Headphones" can be analyzed based on several key aspects:

### 1. **Product Name and Brand**
   - **Product Name**: Wireless Bluetooth Headphones
   - **Brand**: Audio SoundTech
   - **Analysis**: The name is straightforward and clearly indicates the product type. Including "Bluetooth" highlights the wireless feature, which is a significant selling point. The brand name, Audio SoundTech, suggests a focus on audio technology, which may appeal t
15:28:31.740 [main] INFO  c.a.i.provider.openai.OpenAIProvider - === END OPENAI API RESPONSE ===
15:28:32.036 [main] INFO  c.a.i.provider.openai.OpenAIProvider - === OPENAI API REQUEST ===
15:28:32.036 [main] INFO  c.a.i.provider.openai.OpenAIProvider - OpenAI API request: url=https://api.openai.com/v1/chat/completions, model=gpt-4o-mini, temperature=0.0, topP=0.1, maxTokens=1000, messages=1
15:28:32.036 [main] INFO  c.a.i.provider.openai.OpenAIProvider - OpenAI API request message[0]: role=user, contentLength=156, contentSnippet=Analyze this test-product content: Cordless Audio Earpieces Premium cordless earpieces featuring active noise reduction and extended playtime Audio AudioPro
15:28:32.036 [main] INFO  c.a.i.provider.openai.OpenAIProvider - === END OPENAI API REQUEST ===
15:28:41.227 [main] INFO  c.a.i.provider.openai.OpenAIProvider - === OPENAI API RESPONSE ===
15:28:41.227 [main] INFO  c.a.i.provider.openai.OpenAIProvider - OpenAI API response: responseTimeMs=9191, model=gpt-4o-mini-2024-07-18, finishReason=stop, contentLength=2126
15:28:41.227 [main] INFO  c.a.i.provider.openai.OpenAIProvider - OpenAI API response contentSnippet=The content provided describes a product, specifically "Cordless Audio Earpieces," which are marketed as premium audio devices. Here’s a breakdown of the key elements:

### Product Features:
1. **Cordless Design**: 
   - The term "cordless" suggests that these earpieces are wireless, which is a significant selling point for consumers looking for convenience and freedom of movement.

2. **Active Noise Reduction**: 
   - This feature indicates that the earpieces are equipped with technology to min
15:28:41.227 [main] INFO  c.a.i.provider.openai.OpenAIProvider - === END OPENAI API RESPONSE ===
15:28:41.529 [main] INFO  c.a.i.provider.openai.OpenAIProvider - === OPENAI API REQUEST ===
15:28:41.529 [main] INFO  c.a.i.provider.openai.OpenAIProvider - OpenAI API request: url=https://api.openai.com/v1/chat/completions, model=gpt-4o-mini, temperature=0.0, topP=0.1, maxTokens=1000, messages=1
15:28:41.529 [main] INFO  c.a.i.provider.openai.OpenAIProvider - OpenAI API request message[0]: role=user, contentLength=133, contentSnippet=Analyze this test-product content: Gaming Keyboard Mechanical gaming keyboard with RGB lighting and programmable keys Gaming GameTech
15:28:41.529 [main] INFO  c.a.i.provider.openai.OpenAIProvider - === END OPENAI API REQUEST ===
15:28:51.609 [main] INFO  c.a.i.provider.openai.OpenAIProvider - === OPENAI API RESPONSE ===
15:28:51.609 [main] INFO  c.a.i.provider.openai.OpenAIProvider - OpenAI API response: responseTimeMs=10080, model=gpt-4o-mini-2024-07-18, finishReason=stop, contentLength=2676
15:28:51.609 [main] INFO  c.a.i.provider.openai.OpenAIProvider - OpenAI API response contentSnippet=The content provided describes a gaming keyboard, specifically a mechanical gaming keyboard with RGB lighting and programmable keys, branded as "Gaming GameTech." Here’s an analysis of the key features and potential market appeal:

### Key Features:

1. **Mechanical Switches**:
   - Mechanical keyboards are favored by gamers for their tactile feedback and durability. They typically offer faster response times and a more satisfying typing experience compared to membrane keyboards.

2. **RGB Light
15:28:51.609 [main] INFO  c.a.i.provider.openai.OpenAIProvider - === END OPENAI API RESPONSE ===
✅ Real AI Semantic Search Test Passed
   - Total products: 3
   - Audio results: 2
   - Wireless results: 1
   - Gaming results: 1
🚀 Testing Real OpenAI Embedding Generation...
15:28:52.029 [main] INFO  c.a.i.provider.openai.OpenAIProvider - === OPENAI API REQUEST ===
15:28:52.029 [main] INFO  c.a.i.provider.openai.OpenAIProvider - OpenAI API request: url=https://api.openai.com/v1/chat/completions, model=gpt-4o-mini, temperature=0.0, topP=0.1, maxTokens=1000, messages=1
15:28:52.029 [main] INFO  c.a.i.provider.openai.OpenAIProvider - OpenAI API request message[0]: role=user, contentLength=333, contentSnippet=Analyze this test-product content: AI-Powered Smart Home Hub Revolutionary smart home hub that uses artificial intelligence to learn your habits, optimize energy usage, and provide personalized automation. Features include voice control, predictive maintenance, and seamless integration with 100+ smart devices. Smart Home FutureTech
15:28:52.029 [main] INFO  c.a.i.provider.openai.OpenAIProvider - === END OPENAI API REQUEST ===
15:29:01.119 [main] INFO  c.a.i.provider.openai.OpenAIProvider - === OPENAI API RESPONSE ===
15:29:01.119 [main] INFO  c.a.i.provider.openai.OpenAIProvider - OpenAI API response: responseTimeMs=9090, model=gpt-4o-mini-2024-07-18, finishReason=stop, contentLength=3081
15:29:01.119 [main] INFO  c.a.i.provider.openai.OpenAIProvider - OpenAI API response contentSnippet=The content provided for the AI-Powered Smart Home Hub effectively highlights several key aspects that are likely to appeal to potential customers. Here’s a detailed analysis:

### Strengths:

1. **Innovative Technology**: The use of "AI-Powered" immediately positions the product as cutting-edge, appealing to tech-savvy consumers who are interested in the latest advancements in smart home technology.

2. **Personalization**: The mention of the hub's ability to "learn your habits" suggests a tail
15:29:01.119 [main] INFO  c.a.i.provider.openai.OpenAIProvider - === END OPENAI API RESPONSE ===
✅ Real OpenAI Embedding Generation Test Passed
   - Vector ID: 5c2c4013-7e75-4ee8-9eff-86f01cddb4ac
   - Searchable content length: 298
   - Metadata length: 63
15:29:01.335 [main] INFO  c.a.i.provider.openai.OpenAIProvider - === OPENAI API REQUEST ===
15:29:01.335 [main] INFO  c.a.i.provider.openai.OpenAIProvider - OpenAI API request: url=https://api.openai.com/v1/chat/completions, model=gpt-4o-mini, temperature=0.0, topP=0.1, maxTokens=1000, messages=1
15:29:01.335 [main] INFO  c.a.i.provider.openai.OpenAIProvider - OpenAI API request message[0]: role=user, contentLength=62, contentSnippet=Analyze this test-product content: V2_SENTINEL_SEARCHABLE_ONLY
15:29:01.335 [main] INFO  c.a.i.provider.openai.OpenAIProvider - === END OPENAI API REQUEST ===
15:29:10.415 [main] INFO  c.a.i.provider.openai.OpenAIProvider - === OPENAI API RESPONSE ===
15:29:10.415 [main] INFO  c.a.i.provider.openai.OpenAIProvider - OpenAI API response: responseTimeMs=9080, model=gpt-4o-mini-2024-07-18, finishReason=stop, contentLength=2406
15:29:10.415 [main] INFO  c.a.i.provider.openai.OpenAIProvider - OpenAI API response contentSnippet=The term "V2_SENTINEL_SEARCHABLE_ONLY" appears to be a product or feature name, likely related to a software or technology context. To analyze this content effectively, we can break it down into its components:

1. **V2**: This typically indicates that the product is in its second version. Versioning is common in software development, suggesting that this product has undergone updates or improvements from its initial release (V1).

2. **SENTINEL**: The term "Sentinel" can have various meanings d
15:29:10.415 [main] INFO  c.a.i.provider.openai.OpenAIProvider - === END OPENAI API RESPONSE ===

=== ONNX Fallback Readiness Test ===
Note: This test uses OpenAI for intent extraction with validation of ONNX capability

=== Phase 1: ONNX Embedding Model Configuration ===
✅ ONNX model configuration verified (using classpath resources)
   - Model path: classpath:/models/embeddings/all-MiniLM-L6-v2.onnx
   - Tokenizer: classpath:/models/embeddings/tokenizer.json
   - Sequence length: 512
   - GPU support: disabled (CPU mode)

=== Phase 2: Create Products for Embedding Testing ===
15:29:10.752 [main] INFO  c.a.i.provider.openai.OpenAIProvider - === OPENAI API REQUEST ===
15:29:10.752 [main] INFO  c.a.i.provider.openai.OpenAIProvider - OpenAI API request: url=https://api.openai.com/v1/chat/completions, model=gpt-4o-mini, temperature=0.0, topP=0.1, maxTokens=1000, messages=1
15:29:10.752 [main] INFO  c.a.i.provider.openai.OpenAIProvider - OpenAI API request message[0]: role=user, contentLength=257, contentSnippet=Analyze this test-product content: Embedded Machine Learning Machine learning framework with embedding capabilities.
Supports transformer-based models and embeddings for semantic search.
Compatible with ONNX format for cross-platform deployment.
 ML ML-Core
15:29:10.752 [main] INFO  c.a.i.provider.openai.OpenAIProvider - === END OPENAI API REQUEST ===
15:29:21.746 [main] INFO  c.a.i.provider.openai.OpenAIProvider - === OPENAI API RESPONSE ===
15:29:21.746 [main] INFO  c.a.i.provider.openai.OpenAIProvider - OpenAI API response: responseTimeMs=10994, model=gpt-4o-mini-2024-07-18, finishReason=stop, contentLength=3637
15:29:21.746 [main] INFO  c.a.i.provider.openai.OpenAIProvider - OpenAI API response contentSnippet=The provided content describes a test product focused on embedded machine learning, highlighting several key features and capabilities. Here’s a breakdown of the content:

### Key Features:

1. **Embedded Machine Learning**:
   - The product is designed for embedded applications, suggesting it can run on devices with limited resources, such as IoT devices or edge computing environments. This is crucial for real-time data processing and decision-making.

2. **Machine Learning Framework**:
   - It
15:29:21.746 [main] INFO  c.a.i.provider.openai.OpenAIProvider - === END OPENAI API RESPONSE ===
15:29:22.037 [main] INFO  c.a.i.provider.openai.OpenAIProvider - === OPENAI API REQUEST ===
15:29:22.037 [main] INFO  c.a.i.provider.openai.OpenAIProvider - OpenAI API request: url=https://api.openai.com/v1/chat/completions, model=gpt-4o-mini, temperature=0.0, topP=0.1, maxTokens=1000, messages=1
15:29:22.037 [main] INFO  c.a.i.provider.openai.OpenAIProvider - OpenAI API request message[0]: role=user, contentLength=263, contentSnippet=Analyze this test-product content: Vector Search Engine Search engine using vector embeddings for semantic similarity.
ONNX Runtime integration for efficient embedding computation.
Supports both sparse and dense embeddings with multi-modal data.
 Search VectorPro
15:29:22.037 [main] INFO  c.a.i.provider.openai.OpenAIProvider - === END OPENAI API REQUEST ===
15:29:32.514 [main] INFO  c.a.i.provider.openai.OpenAIProvider - === OPENAI API RESPONSE ===
15:29:32.514 [main] INFO  c.a.i.provider.openai.OpenAIProvider - OpenAI API response: responseTimeMs=10477, model=gpt-4o-mini-2024-07-18, finishReason=stop, contentLength=2846
15:29:32.514 [main] INFO  c.a.i.provider.openai.OpenAIProvider - OpenAI API response contentSnippet=The provided content describes a test product, specifically a vector search engine, highlighting its key features and capabilities. Here’s an analysis of the content:

### Product Overview
- **Type**: Vector Search Engine
- **Functionality**: Utilizes vector embeddings to determine semantic similarity between data points.

### Key Features
1. **Vector Embeddings for Semantic Similarity**:
   - The core functionality revolves around using vector embeddings, which are numerical representations of 
15:29:32.514 [main] INFO  c.a.i.provider.openai.OpenAIProvider - === END OPENAI API RESPONSE ===
15:29:32.888 [main] INFO  c.a.i.provider.openai.OpenAIProvider - === OPENAI API REQUEST ===
15:29:32.888 [main] INFO  c.a.i.provider.openai.OpenAIProvider - OpenAI API request: url=https://api.openai.com/v1/chat/completions, model=gpt-4o-mini, temperature=0.0, topP=0.1, maxTokens=1000, messages=1
15:29:32.888 [main] INFO  c.a.i.provider.openai.OpenAIProvider - OpenAI API request message[0]: role=user, contentLength=232, contentSnippet=Analyze this test-product content: Local NLP Pipeline Natural language processing with local embedding inference.
ONNX-based tokenization and embedding generation.
Zero latency, privacy-first local processing solution.
 NLP NLPLocal
15:29:32.888 [main] INFO  c.a.i.provider.openai.OpenAIProvider - === END OPENAI API REQUEST ===
15:29:41.784 [main] INFO  c.a.i.provider.openai.OpenAIProvider - === OPENAI API RESPONSE ===
15:29:41.785 [main] INFO  c.a.i.provider.openai.OpenAIProvider - OpenAI API response: responseTimeMs=8896, model=gpt-4o-mini-2024-07-18, finishReason=stop, contentLength=2972
15:29:41.785 [main] INFO  c.a.i.provider.openai.OpenAIProvider - OpenAI API response contentSnippet=The content you've provided appears to describe a product or solution related to Natural Language Processing (NLP) that emphasizes local processing capabilities. Here’s a breakdown of the key components and implications of the content:

### Key Components

1. **Local NLP Pipeline**:
   - This suggests that the NLP processing occurs on the user's device or a local server rather than relying on cloud-based services. This can enhance privacy and reduce latency.

2. **Natural Language Processing**:

15:29:41.785 [main] INFO  c.a.i.provider.openai.OpenAIProvider - === END OPENAI API RESPONSE ===
✅ Created 3 products with embedding-relevant content

=== Phase 3: Vector Creation and Storage ===
✅ Vectors indexed in storage strategy: 3

=== Phase 4: Orchestration with Current Provider ===
15:29:41.793 [main] WARN  c.a.i.i.o.RAGOrchestrator - Using deprecated orchestrate(query, userId). Prefer orchestrate(query, OrchestrationContext).
15:29:41.796 [main] INFO  c.a.i.provider.openai.OpenAIProvider - === OPENAI API REQUEST ===
15:29:41.796 [main] INFO  c.a.i.provider.openai.OpenAIProvider - OpenAI API request: url=https://api.openai.com/v1/chat/completions, model=gpt-4o-mini, temperature=0.0, topP=0.1, maxTokens=2000, messages=2
15:29:41.796 [main] INFO  c.a.i.provider.openai.OpenAIProvider - OpenAI API request message[0]: role=system, contentLength=3545, contentSnippet=You are the intent extraction engine powering our Retrieval-Augmented Generation (RAG) assistant.
Analyse the user message and respond with a JSON payload that follows the schema provided below.
Use one call to capture intent, generation need, and optimized query (no extra services).

AVAILABLE ACTIONS:
- No actions are currently registered. Use information intents only.

KNOWLEDGE BASE OVERVIEW:
- Total documents: 3
- Documents by type:
  • test-product: 3
- Last index update: 2026-01-09T15:29:
15:29:41.796 [main] INFO  c.a.i.provider.openai.OpenAIProvider - OpenAI API request message[1]: role=user, contentLength=204, contentSnippet=analyze the following request from a user and extract the user intents from it in the provided format in system prompt

-----------

User's question is :( What embedding technologies support ONNX format?)
15:29:41.796 [main] INFO  c.a.i.provider.openai.OpenAIProvider - === END OPENAI API REQUEST ===
15:29:45.264 [main] INFO  c.a.i.provider.openai.OpenAIProvider - === OPENAI API RESPONSE ===
15:29:45.264 [main] INFO  c.a.i.provider.openai.OpenAIProvider - OpenAI API response: responseTimeMs=3468, model=gpt-4o-mini-2024-07-18, finishReason=stop, contentLength=496
15:29:45.264 [main] INFO  c.a.i.provider.openai.OpenAIProvider - OpenAI API response contentSnippet={
  "intents": [
    {
      "type": "INFORMATION",
      "intent": "embedding_technologies_support",
      "confidence": 0.95,
      "action": null,
      "actionParams": {},
      "vectorSpace": "test-product",
      "requiresRetrieval": true,
      "requiresGeneration": false,
      "needsAdvancedRAG": false,
      "optimizedQuery": "embedding_technologies that support format = 'ONNX'"
    }
  ],
  "isCompound": false,
  "orchestrationStrategy": "RETRIEVE_AND_GENERATE",
  "metadata": {}
}
15:29:45.264 [main] INFO  c.a.i.provider.openai.OpenAIProvider - === END OPENAI API RESPONSE ===
✅ Orchestration completed successfully

=== Phase 5: Query with Multiple Intents ===
15:29:45.396 [main] WARN  c.a.i.i.o.RAGOrchestrator - Using deprecated orchestrate(query, userId). Prefer orchestrate(query, OrchestrationContext).
15:29:45.399 [main] INFO  c.a.i.provider.openai.OpenAIProvider - === OPENAI API REQUEST ===
15:29:45.399 [main] INFO  c.a.i.provider.openai.OpenAIProvider - OpenAI API request: url=https://api.openai.com/v1/chat/completions, model=gpt-4o-mini, temperature=0.0, topP=0.1, maxTokens=2000, messages=2
15:29:45.399 [main] INFO  c.a.i.provider.openai.OpenAIProvider - OpenAI API request message[0]: role=system, contentLength=3545, contentSnippet=You are the intent extraction engine powering our Retrieval-Augmented Generation (RAG) assistant.
Analyse the user message and respond with a JSON payload that follows the schema provided below.
Use one call to capture intent, generation need, and optimized query (no extra services).

AVAILABLE ACTIONS:
- No actions are currently registered. Use information intents only.

KNOWLEDGE BASE OVERVIEW:
- Total documents: 3
- Documents by type:
  • test-product: 3
- Last index update: 2026-01-09T15:29:
15:29:45.399 [main] INFO  c.a.i.provider.openai.OpenAIProvider - OpenAI API request message[1]: role=user, contentLength=190, contentSnippet=analyze the following request from a user and extract the user intents from it in the provided format in system prompt

-----------

User's question is :( Show me local embedding solutions.)
15:29:45.399 [main] INFO  c.a.i.provider.openai.OpenAIProvider - === END OPENAI API REQUEST ===
15:29:49.505 [main] INFO  c.a.i.provider.openai.OpenAIProvider - === OPENAI API RESPONSE ===
15:29:49.506 [main] INFO  c.a.i.provider.openai.OpenAIProvider - OpenAI API response: responseTimeMs=4106, model=gpt-4o-mini-2024-07-18, finishReason=stop, contentLength=465
15:29:49.506 [main] INFO  c.a.i.provider.openai.OpenAIProvider - OpenAI API response contentSnippet={
  "intents": [
    {
      "type": "INFORMATION",
      "intent": "local_embedding_solutions",
      "confidence": 0.85,
      "action": null,
      "actionParams": {},
      "vectorSpace": "test-product",
      "requiresRetrieval": true,
      "requiresGeneration": false,
      "needsAdvancedRAG": false,
      "optimizedQuery": "local embedding solutions"
    }
  ],
  "isCompound": false,
  "orchestrationStrategy": "RETRIEVE_AND_GENERATE",
  "metadata": {}
}
15:29:49.506 [main] INFO  c.a.i.provider.openai.OpenAIProvider - === END OPENAI API RESPONSE ===
  ✅ Query 1 completed
15:29:49.646 [main] WARN  c.a.i.i.o.RAGOrchestrator - Using deprecated orchestrate(query, userId). Prefer orchestrate(query, OrchestrationContext).
15:29:49.647 [main] INFO  c.a.i.provider.openai.OpenAIProvider - === OPENAI API REQUEST ===
15:29:49.647 [main] INFO  c.a.i.provider.openai.OpenAIProvider - OpenAI API request: url=https://api.openai.com/v1/chat/completions, model=gpt-4o-mini, temperature=0.0, topP=0.1, maxTokens=2000, messages=2
15:29:49.648 [main] INFO  c.a.i.provider.openai.OpenAIProvider - OpenAI API request message[0]: role=system, contentLength=3545, contentSnippet=You are the intent extraction engine powering our Retrieval-Augmented Generation (RAG) assistant.
[...]
15:37:15.211 [main] WARN  o.s.c.s.PostProcessorRegistrationDelegate$BeanPostProcessorChecker - Bean 'spring.jpa.hibernate-org.springframework.boot.autoconfigure.orm.jpa.HibernateProperties' of type [org.springframework.boot.autoconfigure.orm.jpa.HibernateProperties] is not eligible for getting processed by all BeanPostProcessors (for example: not eligible for auto-proxying). Is this bean getting eagerly injected into a currently created BeanPostProcessor [vectorDatabaseDecorator]? Check the corresponding BeanPostProcessor declaration and its dependencies.
15:37:15.213 [main] WARN  o.s.c.s.PostProcessorRegistrationDelegate$BeanPostProcessorChecker - Bean 'org.springframework.boot.autoconfigure.jdbc.metadata.DataSourcePoolMetadataProvidersConfiguration$HikariPoolDataSourceMetadataProviderConfiguration' of type [org.springframework.boot.autoconfigure.jdbc.metadata.DataSourcePoolMetadataProvidersConfiguration$HikariPoolDataSourceMetadataProviderConfiguration] is not eligible for getting processed by all BeanPostProcessors (for example: not eligible for auto-proxying). Is this bean getting eagerly injected into a currently created BeanPostProcessor [vectorDatabaseDecorator]? Check the corresponding BeanPostProcessor declaration and its dependencies.
15:37:15.213 [main] WARN  o.s.c.s.PostProcessorRegistrationDelegate$BeanPostProcessorChecker - Bean 'hikariPoolDataSourceMetadataProvider' of type [org.springframework.boot.autoconfigure.jdbc.metadata.DataSourcePoolMetadataProvidersConfiguration$HikariPoolDataSourceMetadataProviderConfiguration$$Lambda/0x00000007c06f3368] is not eligible for getting processed by all BeanPostProcessors (for example: not eligible for auto-proxying). Is this bean getting eagerly injected into a currently created BeanPostProcessor [vectorDatabaseDecorator]? Check the corresponding BeanPostProcessor declaration and its dependencies.
15:37:15.216 [main] WARN  o.s.c.s.PostProcessorRegistrationDelegate$BeanPostProcessorChecker - Bean 'org.springframework.boot.autoconfigure.orm.jpa.HibernateJpaConfiguration' of type [org.springframework.boot.autoconfigure.orm.jpa.HibernateJpaConfiguration] is not eligible for getting processed by all BeanPostProcessors (for example: not eligible for auto-proxying). Is this bean getting eagerly injected into a currently created BeanPostProcessor [vectorDatabaseDecorator]? Check the corresponding BeanPostProcessor declaration and its dependencies.
15:37:15.218 [main] WARN  o.s.c.s.PostProcessorRegistrationDelegate$BeanPostProcessorChecker - Bean 'jpaVendorAdapter' of type [org.springframework.orm.jpa.vendor.HibernateJpaVendorAdapter] is not eligible for getting processed by all BeanPostProcessors (for example: not eligible for auto-proxying). Is this bean getting eagerly injected into a currently created BeanPostProcessor [vectorDatabaseDecorator]? Check the corresponding BeanPostProcessor declaration and its dependencies.
15:37:15.220 [main] WARN  o.s.c.s.PostProcessorRegistrationDelegate$BeanPostProcessorChecker - Bean 'entityManagerFactoryBuilder' of type [org.springframework.boot.orm.jpa.EntityManagerFactoryBuilder] is not eligible for getting processed by all BeanPostProcessors (for example: not eligible for auto-proxying). Is this bean getting eagerly injected into a currently created BeanPostProcessor [vectorDatabaseDecorator]? Check the corresponding BeanPostProcessor declaration and its dependencies.
15:37:15.223 [main] WARN  o.s.c.s.PostProcessorRegistrationDelegate$BeanPostProcessorChecker - Bean 'persistenceManagedTypes' of type [org.springframework.orm.jpa.persistenceunit.SimplePersistenceManagedTypes] is not eligible for getting processed by all BeanPostProcessors (for example: not eligible for auto-proxying). Is this bean getting eagerly injected into a currently created BeanPostProcessor [vectorDatabaseDecorator]? Check the corresponding BeanPostProcessor declaration and its dependencies.
15:37:15.224 [main] INFO  o.h.jpa.internal.util.LogHelper - HHH000204: Processing PersistenceUnitInfo [name: default]
15:37:15.227 [main] INFO  o.h.c.i.RegionFactoryInitiator - HHH000026: Second-level cache disabled
15:37:15.230 [main] INFO  o.s.o.j.p.SpringPersistenceUnitInfo - No LoadTimeWeaver setup: ignoring JPA class transformer
15:37:15.231 [main] INFO  com.zaxxer.hikari.HikariDataSource - HikariCP-Test - Starting...
15:37:15.231 [main] INFO  com.zaxxer.hikari.pool.HikariPool - HikariCP-Test - Added connection conn6: url=jdbc:h2:mem:testdb user=SA
15:37:15.232 [main] INFO  com.zaxxer.hikari.HikariDataSource - HikariCP-Test - Start completed.
15:37:15.232 [main] WARN  org.hibernate.orm.deprecation - HHH90000025: H2Dialect does not need to be specified explicitly using 'hibernate.dialect' (remove the property setting and it will be selected by default)
15:37:15.268 [main] WARN  o.s.c.s.PostProcessorRegistrationDelegate$BeanPostProcessorChecker - Bean 'com.ai.infrastructure.migration.domain.converter.MigrationFiltersConverter' of type [com.ai.infrastructure.migration.domain.converter.MigrationFiltersConverter] is not eligible for getting processed by all BeanPostProcessors (for example: not eligible for auto-proxying). Is this bean getting eagerly injected into a currently created BeanPostProcessor [vectorDatabaseDecorator]? Check the corresponding BeanPostProcessor declaration and its dependencies.
15:37:15.411 [main] INFO  o.h.e.t.j.p.i.JtaPlatformInitiator - HHH000489: No JTA platform available (set 'hibernate.transaction.jta.platform' to enable JTA platform integration)
15:37:15.437 [main] INFO  o.s.o.j.LocalContainerEntityManagerFactoryBean - Initialized JPA EntityManagerFactory for persistence unit 'default'
15:37:15.437 [main] WARN  o.s.c.s.PostProcessorRegistrationDelegate$BeanPostProcessorChecker - Bean 'entityManagerFactory' of type [org.springframework.orm.jpa.LocalContainerEntityManagerFactoryBean] is not eligible for getting processed by all BeanPostProcessors (for example: not eligible for auto-proxying). Is this bean getting eagerly injected into a currently created BeanPostProcessor [vectorDatabaseDecorator]? Check the corresponding BeanPostProcessor declaration and its dependencies.
15:37:15.450 [main] WARN  o.s.c.s.PostProcessorRegistrationDelegate$BeanPostProcessorChecker - Bean 'entityManagerFactory' of type [jdk.proxy2.$Proxy158] is not eligible for getting processed by all BeanPostProcessors (for example: not eligible for auto-proxying). Is this bean getting eagerly injected into a currently created BeanPostProcessor [vectorDatabaseDecorator]? Check the corresponding BeanPostProcessor declaration and its dependencies.
15:37:15.460 [main] WARN  o.s.c.s.PostProcessorRegistrationDelegate$BeanPostProcessorChecker - Bean 'jpaSharedEM_entityManagerFactory' of type [jdk.proxy2.$Proxy159] is not eligible for getting processed by all BeanPostProcessors (for example: not eligible for auto-proxying). Is this bean getting eagerly injected into a currently created BeanPostProcessor [vectorDatabaseDecorator]? Check the corresponding BeanPostProcessor declaration and its dependencies.
15:37:15.481 [main] WARN  o.s.c.s.PostProcessorRegistrationDelegate$BeanPostProcessorChecker - Bean 'jpaMappingContext' of type [org.springframework.data.jpa.repository.config.JpaMetamodelMappingContextFactoryBean] is not eligible for getting processed by all BeanPostProcessors (for example: not eligible for auto-proxying). Is this bean getting eagerly injected into a currently created BeanPostProcessor [vectorDatabaseDecorator]? Check the corresponding BeanPostProcessor declaration and its dependencies.
15:37:15.484 [main] WARN  o.s.c.s.PostProcessorRegistrationDelegate$BeanPostProcessorChecker - Bean 'jpaMappingContext' of type [org.springframework.data.jpa.mapping.JpaMetamodelMappingContext] is not eligible for getting processed by all BeanPostProcessors (for example: not eligible for auto-proxying). Is this bean getting eagerly injected into a currently created BeanPostProcessor [vectorDatabaseDecorator]? Check the corresponding BeanPostProcessor declaration and its dependencies.
15:37:15.530 [main] WARN  o.s.c.s.PostProcessorRegistrationDelegate$BeanPostProcessorChecker - Bean 'AISearchableEntityRepository' of type [org.springframework.data.jpa.repository.support.JpaRepositoryFactoryBean] is not eligible for getting processed by all BeanPostProcessors (for example: not eligible for auto-proxying). Is this bean getting eagerly injected into a currently created BeanPostProcessor [vectorDatabaseDecorator]? Check the corresponding BeanPostProcessor declaration and its dependencies.
15:37:15.536 [main] WARN  o.s.c.s.PostProcessorRegistrationDelegate$BeanPostProcessorChecker - Bean 'AISearchableEntityRepository' of type [jdk.proxy2.$Proxy166] is not eligible for getting processed by all BeanPostProcessors (for example: not eligible for auto-proxying). Is this bean getting eagerly injected into a currently created BeanPostProcessor [vectorDatabaseDecorator]? Check the corresponding BeanPostProcessor declaration and its dependencies.
15:37:15.547 [main] INFO  c.a.i.c.AISearchableStorageStrategyAutoConfiguration - Using SINGLE_TABLE storage strategy
15:37:15.547 [main] WARN  o.s.c.s.PostProcessorRegistrationDelegate$BeanPostProcessorChecker - Bean 'singleTableStorageStrategy' of type [com.ai.infrastructure.storage.strategy.SingleTableStorageStrategy] is not eligible for getting processed by all BeanPostProcessors (for example: not eligible for auto-proxying). Is this bean getting eagerly injected into a currently created BeanPostProcessor [vectorDatabaseDecorator]? Check the corresponding BeanPostProcessor declaration and its dependencies.
15:37:15.551 [main] INFO  c.a.i.c.AIEntityConfigurationLoader - Loading AI entity configuration from: ai-entity-config-realapi.yml
15:37:15.553 [main] INFO  c.a.i.c.AIEntityConfigurationLoader - Found 4 entities in configuration
15:37:15.553 [main] INFO  c.a.i.c.AIEntityConfigurationLoader - Processing entity type: product with config keys: [features, enable-search, auto-embedding, indexable, searchable-fields]
15:37:15.553 [main] INFO  c.a.i.c.AIEntityConfigurationLoader - No metadata-fields found for entity product
15:37:15.553 [main] INFO  c.a.i.c.AIEntityConfigurationLoader - Processing entity type: test-product with config keys: [features, enable-search, auto-embedding, indexable, searchable-fields, embeddable-fields, metadata-fields]
15:37:15.553 [main] INFO  c.a.i.c.AIEntityConfigurationLoader - Found 3 metadata fields for entity test-product
15:37:15.553 [main] INFO  c.a.i.c.AIEntityConfigurationLoader - Successfully parsed 3 metadata fields
15:37:15.553 [main] INFO  c.a.i.c.AIEntityConfigurationLoader - Processing entity type: test-article with config keys: [features, enable-search, auto-embedding, indexable, searchable-fields, embeddable-fields, metadata-fields]
15:37:15.553 [main] INFO  c.a.i.c.AIEntityConfigurationLoader - Found 3 metadata fields for entity test-article
15:37:15.553 [main] INFO  c.a.i.c.AIEntityConfigurationLoader - Successfully parsed 3 metadata fields
15:37:15.553 [main] INFO  c.a.i.c.AIEntityConfigurationLoader - Processing entity type: test-user with config keys: [features, enable-search, auto-embedding, indexable, searchable-fields, embeddable-fields, metadata-fields]
15:37:15.554 [main] INFO  c.a.i.c.AIEntityConfigurationLoader - Found 3 metadata fields for entity test-user
15:37:15.554 [main] INFO  c.a.i.c.AIEntityConfigurationLoader - Successfully parsed 3 metadata fields
15:37:15.554 [main] INFO  c.a.i.c.AIEntityConfigurationLoader - Successfully loaded configuration for 4 entities
15:37:15.554 [main] WARN  o.s.c.s.PostProcessorRegistrationDelegate$BeanPostProcessorChecker - Bean 'AIEntityConfigurationLoader' of type [com.ai.infrastructure.config.AIEntityConfigurationLoader] is not eligible for getting processed by all BeanPostProcessors (for example: not eligible for auto-proxying). Is this bean getting eagerly injected into a currently created BeanPostProcessor [vectorDatabaseDecorator]? Check the corresponding BeanPostProcessor declaration and its dependencies.
15:37:15.567 [main] INFO  c.a.i.i.p.TestProviderManagerInitializer - Initializing AIProviderManager for integration tests
15:37:15.708 [main] INFO  c.a.i.p.onnx.ONNXAutoConfiguration - Creating ONNX Embedding Provider (primary/default)
15:37:15.708 [main] WARN  c.a.i.p.onnx.ONNXAutoConfiguration - WARNING: ONNX Embedding Provider is not available. Model file may be missing.
15:37:15.708 [main] WARN  c.a.i.p.onnx.ONNXAutoConfiguration - Please ensure the ONNX model file exists at: classpath:/models/embeddings/all-MiniLM-L6-v2.onnx
15:37:15.708 [main] INFO  c.a.i.p.onnx.ONNXEmbeddingProvider - ========================================
15:37:15.708 [main] INFO  c.a.i.p.onnx.ONNXEmbeddingProvider - Initializing ONNX Embedding Provider
15:37:15.708 [main] INFO  c.a.i.p.onnx.ONNXEmbeddingProvider - Model path: classpath:/models/embeddings/all-MiniLM-L6-v2.onnx
15:37:15.708 [main] INFO  c.a.i.p.onnx.ONNXEmbeddingProvider - Tokenizer path: classpath:/models/embeddings/tokenizer.json
15:37:15.708 [main] INFO  c.a.i.p.onnx.ONNXEmbeddingProvider - Current working directory: /home/runner/work/AI-Fabric-Framework/AI-Fabric-Framework/ai-infrastructure-module/integration-Testing/integration-tests
15:37:15.708 [main] INFO  c.a.i.p.onnx.ONNXEmbeddingProvider - ========================================
15:37:16.165 [main] INFO  c.a.i.p.onnx.ONNXEmbeddingProvider - Model file resolved to: /tmp/onnx-model-15913568266395143416.onnx
15:37:16.165 [main] INFO  c.a.i.p.onnx.ONNXEmbeddingProvider - Using CPU for ONNX inference
15:37:16.323 [main] INFO  c.a.i.p.onnx.ONNXEmbeddingProvider - Model input names: [input_ids, attention_mask, token_type_ids]
15:37:16.323 [main] INFO  c.a.i.p.onnx.ONNXEmbeddingProvider -   Input: input_ids - TensorInfo(javaType=INT64,onnxType=ONNX_TENSOR_ELEMENT_DATA_TYPE_INT64,shape=[-1, -1])
15:37:16.323 [main] INFO  c.a.i.p.onnx.ONNXEmbeddingProvider -   Input: attention_mask - TensorInfo(javaType=INT64,onnxType=ONNX_TENSOR_ELEMENT_DATA_TYPE_INT64,shape=[-1, -1])
15:37:16.323 [main] INFO  c.a.i.p.onnx.ONNXEmbeddingProvider -   Input: token_type_ids - TensorInfo(javaType=INT64,onnxType=ONNX_TENSOR_ELEMENT_DATA_TYPE_INT64,shape=[-1, -1])
15:37:16.323 [main] INFO  c.a.i.p.onnx.ONNXEmbeddingProvider - Detected embedding dimension: 384
15:37:16.327 [main] WARN  c.a.i.p.onnx.ONNXEmbeddingProvider - Hugging Face tokenizers library not found on classpath. Falling back to legacy tokenization.
15:37:16.327 [main] INFO  c.a.i.p.onnx.ONNXEmbeddingProvider - ONNX Embedding Provider initialized successfully with model: /tmp/onnx-model-15913568266395143416.onnx
15:37:16.329 [main] INFO  c.a.i.c.AIInfrastructureAutoConfiguration - Creating AIEmbeddingService with embedding provider 'onnx' (requested 'onnx')
15:37:16.337 [main] INFO  c.a.i.cache.AICacheConfig - AI Cache Manager configured with max size 30 and TTL PT1H
15:37:16.341 [main] INFO  c.a.i.v.l.LuceneVectorDatabaseService - Initializing Lucene Vector Database at: ./data/test-lucene-index/creative
15:37:16.344 [main] INFO  c.a.i.v.l.LuceneVectorDatabaseService - Lucene Vector Database initialized successfully
15:37:16.348 [main] INFO  c.a.i.service.AICapabilityService - AICapabilityService initialized with configurationLoader: present
15:37:16.349 [main] INFO  c.a.i.service.AICapabilityService - Configuration loader supports entity types: [product, test-product, test-article, test-user]
15:37:16.413 [main] INFO  c.a.i.p.pii.PIIDetectionService - PII detection initialized: enabled=true, mode=DETECT_ONLY, patterns=4
15:37:16.423 [main] INFO  c.a.i.i.action.ActionHandlerRegistry - ActionHandlerRegistry initialized with 2 action handler(s)
15:37:16.521 [main] INFO  c.a.i.i.o.p.DefaultOrchestrationPipeline - [Pipeline] Initialized with 11 steps: SecurityAnalysis → AccessControl → PIIDetection → ComplianceCheck → IntentExtraction → IntentHandling → OrchestrationResultNormalization → MetadataBuilding → SmartSuggestions → ResponseSanitization → HistoryPersistence
15:37:16.680 [main] INFO  c.a.i.m.s.EntityRepositoryRegistry - Registered migration repository $Proxy174 for entity type product
15:37:16.684 [main] INFO  c.a.i.m.s.EntityRepositoryRegistry - Registered migration repository $Proxy180 for entity type product
15:37:16.730 [main] INFO  c.a.i.v.AIProviderConfigValidator - AI provider configuration validation successful
15:37:16.737 [main] INFO  c.a.i.r.config.RAGAutoConfiguration - AdvancedRAGService created with RAGProvider integration
15:37:17.172 [main] INFO  o.s.b.a.e.web.EndpointLinksResolver - Exposing 2 endpoint(s) beneath base path '/actuator'
15:37:17.197 [main] INFO  c.a.i.i.RealAPICreativeAIScenariosIntegrationTest - Started RealAPICreativeAIScenariosIntegrationTest in 2.49 seconds (process running for 648.218)
15:37:17.199 [main] INFO  c.a.i.s.a.TableAutoCreationService - Detected database type: H2
⚠️ Testing Edge Case Handling Scenario...
15:37:17.984 [main] WARN  c.a.i.service.AICapabilityService - No embeddable content found for entity
15:37:17.988 [main] WARN  c.a.i.service.AICapabilityService - No searchable content found for entity
15:37:17.988 [main] WARN  c.a.i.service.AICapabilityService - No content found for analysis
✅ Edge Case Handling Scenario Test Passed
   - Edge case entities: 2
   - Emoji results: 1
📊 Testing Real-Time Analytics Scenario...
✅ Real-Time Analytics Scenario Test Passed
   - Total entities: 40
   - User entities: 20
   - Product entities: 20
   - Analytics results: 40
💪 Testing Scalability Stress Test...
✅ Scalability Stress Test Passed
   - Total time: 32415ms
   - Average time per entity: 324.15ms
   - Entities per second: 3.08
   - Total entities processed: 100
🌍 Testing Multi-Language Content Scenario...
✅ Multi-Language Content Scenario Test Passed
   - Product entities: 3
   - Japanese results: 1
   - French results: 1
   - Spanish results: 1
🛡️ Testing Content Moderation Scenario...
✅ Content Moderation Scenario Test Passed
   - Article entities: 3
   - Healthcare results: 1
   - Climate results: 1
   - Security results: 1
🛍️ Testing E-Commerce Personalization Scenario...
✅ E-Commerce Personalization Scenario Test Passed
   - Total entities: 6
   - Fashion results: 2
   - Tech results: 2
   - Wellness results: 2
═══════════════════════════════════════════════════════════════
Test Execution Summary:
  Tests Found: 27
  Tests Failed: 1
  Tests Skipped: 3
  Tests Aborted: 0
  Duration: 696277 ms
═══════════════════════════════════════════════════════════════
15:38:06.443 [main] INFO  c.a.i.i.r.AbstractProviderMatrixIntegrationTest - Test execution summary: 27 tests found, 1 failures, 3 skipped, 0 aborted
15:38:06.444 [main] ERROR c.a.i.i.r.AbstractProviderMatrixIntegrationTest - ✗ FAILED: LLM=openai | Embedding=onnx | VectorDB=lucene | Storage=SINGLE_TABLE (696277 ms)
15:38:06.444 [main] ERROR c.a.i.i.r.AbstractProviderMatrixIntegrationTest - Provider combination: LLM=openai, Embedding=onnx, VectorDB=lucene, Storage=SINGLE_TABLE
15:38:06.444 [main] ERROR c.a.i.i.r.AbstractProviderMatrixIntegrationTest - Last normalized result snapshot: Snapshot{requestId=rag-70160de7-82cf-41bb-bab3-7c2de5c0cd86, type=OUT_OF_SCOPE, success=true, errorCode=null, recordedAt=2026-01-09T15:37:14.681798888Z}
]]></system-out>
    <system-err><![CDATA[SLF4J: A SLF4J service provider failed to instantiate:
org.slf4j.spi.SLF4JServiceProvider: Provider org.slf4j.reload4j.Reload4jServiceProvider could not be instantiated
]]></system-err>
  </testcase>
</testsuite>